CRITICAL - 2023-05-29 18:06:13 --> mysqli_connect(): (HY000/1045): Access denied for user 'root'@'localhost' (using password: NO)
in APPPATH\Models\Login_Query.php on line 21.
 1 [internal function]: CodeIgniter\Debug\Exceptions->errorHandler(2, 'mysqli_connect(): (HY000/1045): Access denied for user \'root\'@\'localhost\' (using password: NO)', 'C:\\xampp\\htdocs\\ProjetoWeb\\app\\Models\\Login_Query.php', 21)
 2 APPPATH\Models\Login_Query.php(21): mysqli_connect('127.0.0.1:3306', 'root', '')
 3 APPPATH\Controllers\Dados.php(52): App\Models\Login_Query->consultaEmailSenhaCli('Vitor Hugo', 'Senha Complexa')
 4 SYSTEMPATH\CodeIgniter.php(934): App\Controllers\Dados->loginCli2()
 5 SYSTEMPATH\CodeIgniter.php(499): CodeIgniter\CodeIgniter->runController(Object(App\Controllers\Dados))
 6 SYSTEMPATH\CodeIgniter.php(368): CodeIgniter\CodeIgniter->handleRequest(null, Object(Config\Cache), false)
 7 FCPATH\index.php(67): CodeIgniter\CodeIgniter->run()
CRITICAL - 2023-05-29 18:09:25 --> Undefined constant "App\Controllers\session_destroy"
in APPPATH\Controllers\Dados.php on line 65.
 1 SYSTEMPATH\CodeIgniter.php(934): App\Controllers\Dados->logout()
 2 SYSTEMPATH\CodeIgniter.php(499): CodeIgniter\CodeIgniter->runController(Object(App\Controllers\Dados))
 3 SYSTEMPATH\CodeIgniter.php(368): CodeIgniter\CodeIgniter->handleRequest(null, Object(Config\Cache), false)
 4 FCPATH\index.php(67): CodeIgniter\CodeIgniter->run()
CRITICAL - 2023-05-29 18:25:46 --> syntax error, unexpected token ";"
in APPPATH\Controllers\Dados.php on line 50.
 1 SYSTEMPATH\Autoloader\Autoloader.php(289): CodeIgniter\Autoloader\Autoloader->includeFile('C:\\xampp\\htdocs\\ProjetoWeb\\app\\Controllers\\Dados.php')
 2 SYSTEMPATH\Autoloader\Autoloader.php(267): CodeIgniter\Autoloader\Autoloader->loadInNamespace('App\\Controllers\\Dados')
 3 [internal function]: CodeIgniter\Autoloader\Autoloader->loadClass('App\\Controllers\\Dados')
 4 SYSTEMPATH\CodeIgniter.php(892): class_exists('\\App\\Controllers\\Dados', true)
 5 SYSTEMPATH\CodeIgniter.php(486): CodeIgniter\CodeIgniter->startController()
 6 SYSTEMPATH\CodeIgniter.php(368): CodeIgniter\CodeIgniter->handleRequest(null, Object(Config\Cache), false)
 7 FCPATH\index.php(67): CodeIgniter\CodeIgniter->run()
CRITICAL - 2023-05-29 18:29:28 --> password_verify(): Argument #2 ($hash) must be of type string, mysqli_result given
in APPPATH\Controllers\Dados.php on line 50.
 1 APPPATH\Controllers\Dados.php(50): password_verify('Senha Complexa', Object(mysqli_result))
 2 SYSTEMPATH\CodeIgniter.php(934): App\Controllers\Dados->loginCli2()
 3 SYSTEMPATH\CodeIgniter.php(499): CodeIgniter\CodeIgniter->runController(Object(App\Controllers\Dados))
 4 SYSTEMPATH\CodeIgniter.php(368): CodeIgniter\CodeIgniter->handleRequest(null, Object(Config\Cache), false)
 5 FCPATH\index.php(67): CodeIgniter\CodeIgniter->run()
CRITICAL - 2023-05-29 18:36:27 --> Undefined variable $Senha
in APPPATH\Models\Login_Query.php on line 38.
 1 APPPATH\Models\Login_Query.php(38): CodeIgniter\Debug\Exceptions->errorHandler(2, 'Undefined variable $Senha', 'C:\\xampp\\htdocs\\ProjetoWeb\\app\\Models\\Login_Query.php', 38)
 2 APPPATH\Controllers\Dados.php(50): App\Models\Login_Query->consultaSenhaEmail('Vitor')
 3 SYSTEMPATH\CodeIgniter.php(934): App\Controllers\Dados->loginCli2()
 4 SYSTEMPATH\CodeIgniter.php(499): CodeIgniter\CodeIgniter->runController(Object(App\Controllers\Dados))
 5 SYSTEMPATH\CodeIgniter.php(368): CodeIgniter\CodeIgniter->handleRequest(null, Object(Config\Cache), false)
 6 FCPATH\index.php(67): CodeIgniter\CodeIgniter->run()
CRITICAL - 2023-05-29 18:45:27 --> Undefined variable $Senha
in APPPATH\Models\Login_Query.php on line 38.
 1 APPPATH\Models\Login_Query.php(38): CodeIgniter\Debug\Exceptions->errorHandler(2, 'Undefined variable $Senha', 'C:\\xampp\\htdocs\\ProjetoWeb\\app\\Models\\Login_Query.php', 38)
 2 APPPATH\Controllers\Dados.php(77): App\Models\Login_Query->consultaSenhaEmail('Vitor')
 3 SYSTEMPATH\CodeIgniter.php(934): App\Controllers\Dados->loginCli2()
 4 SYSTEMPATH\CodeIgniter.php(499): CodeIgniter\CodeIgniter->runController(Object(App\Controllers\Dados))
 5 SYSTEMPATH\CodeIgniter.php(368): CodeIgniter\CodeIgniter->handleRequest(null, Object(Config\Cache), false)
 6 FCPATH\index.php(67): CodeIgniter\CodeIgniter->run()
CRITICAL - 2023-05-29 18:45:29 --> Undefined variable $Senha
in APPPATH\Models\Login_Query.php on line 38.
 1 APPPATH\Models\Login_Query.php(38): CodeIgniter\Debug\Exceptions->errorHandler(2, 'Undefined variable $Senha', 'C:\\xampp\\htdocs\\ProjetoWeb\\app\\Models\\Login_Query.php', 38)
 2 APPPATH\Controllers\Dados.php(77): App\Models\Login_Query->consultaSenhaEmail('Vitor')
 3 SYSTEMPATH\CodeIgniter.php(934): App\Controllers\Dados->loginCli2()
 4 SYSTEMPATH\CodeIgniter.php(499): CodeIgniter\CodeIgniter->runController(Object(App\Controllers\Dados))
 5 SYSTEMPATH\CodeIgniter.php(368): CodeIgniter\CodeIgniter->handleRequest(null, Object(Config\Cache), false)
 6 FCPATH\index.php(67): CodeIgniter\CodeIgniter->run()
CRITICAL - 2023-05-29 19:13:17 --> syntax error, unexpected token "use"
in APPPATH\Views\Home_View.php on line 29.
 1 SYSTEMPATH\View\View.php(216): CodeIgniter\View\View->CodeIgniter\View\{closure}()
 2 SYSTEMPATH\Common.php(1184): CodeIgniter\View\View->render('Home_View', [], true)
 3 APPPATH\Controllers\Home.php(9): view('Home_View')
 4 SYSTEMPATH\CodeIgniter.php(934): App\Controllers\Home->index()
 5 SYSTEMPATH\CodeIgniter.php(499): CodeIgniter\CodeIgniter->runController(Object(App\Controllers\Home))
 6 SYSTEMPATH\CodeIgniter.php(368): CodeIgniter\CodeIgniter->handleRequest(null, Object(Config\Cache), false)
 7 FCPATH\index.php(67): CodeIgniter\CodeIgniter->run()
CRITICAL - 2023-05-29 19:14:02 --> Class "Login_Query" not found
in APPPATH\Views\Home_View.php on line 41.
 1 SYSTEMPATH\View\View.php(213): include()
 2 SYSTEMPATH\View\View.php(216): CodeIgniter\View\View->CodeIgniter\View\{closure}()
 3 SYSTEMPATH\Common.php(1184): CodeIgniter\View\View->render('Home_View', [], true)
 4 APPPATH\Controllers\Home.php(9): view('Home_View')
 5 SYSTEMPATH\CodeIgniter.php(934): App\Controllers\Home->index()
 6 SYSTEMPATH\CodeIgniter.php(499): CodeIgniter\CodeIgniter->runController(Object(App\Controllers\Home))
 7 SYSTEMPATH\CodeIgniter.php(368): CodeIgniter\CodeIgniter->handleRequest(null, Object(Config\Cache), false)
 8 FCPATH\index.php(67): CodeIgniter\CodeIgniter->run()
CRITICAL - 2023-05-29 19:15:10 --> Undefined variable $Senha
in APPPATH\Models\Login_Query.php on line 39.
 1 APPPATH\Models\Login_Query.php(39): CodeIgniter\Debug\Exceptions->errorHandler(2, 'Undefined variable $Senha', 'C:\\xampp\\htdocs\\ProjetoWeb\\app\\Models\\Login_Query.php', 39)
 2 APPPATH\Views\Home_View.php(44): App\Models\Login_Query->consultaSenhaEmail('vitor')
 3 SYSTEMPATH\View\View.php(213): include('C:\\xampp\\htdocs\\ProjetoWeb\\app\\Views\\Home_View.php')
 4 SYSTEMPATH\View\View.php(216): CodeIgniter\View\View->CodeIgniter\View\{closure}()
 5 SYSTEMPATH\Common.php(1184): CodeIgniter\View\View->render('Home_View', [], true)
 6 APPPATH\Controllers\Home.php(9): view('Home_View')
 7 SYSTEMPATH\CodeIgniter.php(934): App\Controllers\Home->index()
 8 SYSTEMPATH\CodeIgniter.php(499): CodeIgniter\CodeIgniter->runController(Object(App\Controllers\Home))
 9 SYSTEMPATH\CodeIgniter.php(368): CodeIgniter\CodeIgniter->handleRequest(null, Object(Config\Cache), false)
10 FCPATH\index.php(67): CodeIgniter\CodeIgniter->run()
CRITICAL - 2023-05-29 19:18:42 --> syntax error, unexpected token "<", expecting end of file
in APPPATH\Views\Home_View.php on line 45.
 1 SYSTEMPATH\View\View.php(216): CodeIgniter\View\View->CodeIgniter\View\{closure}()
 2 SYSTEMPATH\Common.php(1184): CodeIgniter\View\View->render('Home_View', [], true)
 3 APPPATH\Controllers\Home.php(9): view('Home_View')
 4 SYSTEMPATH\CodeIgniter.php(934): App\Controllers\Home->index()
 5 SYSTEMPATH\CodeIgniter.php(499): CodeIgniter\CodeIgniter->runController(Object(App\Controllers\Home))
 6 SYSTEMPATH\CodeIgniter.php(368): CodeIgniter\CodeIgniter->handleRequest(null, Object(Config\Cache), false)
 7 FCPATH\index.php(67): CodeIgniter\CodeIgniter->run()
CRITICAL - 2023-05-29 19:18:58 --> syntax error, unexpected variable "$lq"
in APPPATH\Views\Home_View.php on line 46.
 1 SYSTEMPATH\View\View.php(216): CodeIgniter\View\View->CodeIgniter\View\{closure}()
 2 SYSTEMPATH\Common.php(1184): CodeIgniter\View\View->render('Home_View', [], true)
 3 APPPATH\Controllers\Home.php(9): view('Home_View')
 4 SYSTEMPATH\CodeIgniter.php(934): App\Controllers\Home->index()
 5 SYSTEMPATH\CodeIgniter.php(499): CodeIgniter\CodeIgniter->runController(Object(App\Controllers\Home))
 6 SYSTEMPATH\CodeIgniter.php(368): CodeIgniter\CodeIgniter->handleRequest(null, Object(Config\Cache), false)
 7 FCPATH\index.php(67): CodeIgniter\CodeIgniter->run()
CRITICAL - 2023-05-29 19:37:34 --> You must set the database table to be used with your query.
in SYSTEMPATH\Database\BaseConnection.php on line 882.
 1 SYSTEMPATH\Model.php(642): CodeIgniter\Database\BaseConnection->table(null)
 2 SYSTEMPATH\Model.php(832): CodeIgniter\Model->builder()
 3 APPPATH\Controllers\Dados.php(76): CodeIgniter\Model->__call('consultaEmail', [...])
 4 SYSTEMPATH\CodeIgniter.php(934): App\Controllers\Dados->loginCli2()
 5 SYSTEMPATH\CodeIgniter.php(499): CodeIgniter\CodeIgniter->runController(Object(App\Controllers\Dados))
 6 SYSTEMPATH\CodeIgniter.php(368): CodeIgniter\CodeIgniter->handleRequest(null, Object(Config\Cache), false)
 7 FCPATH\index.php(67): CodeIgniter\CodeIgniter->run()
CRITICAL - 2023-05-29 19:38:01 --> Undefined variable $Senha
in APPPATH\Models\Login_Query.php on line 16.
 1 APPPATH\Models\Login_Query.php(16): CodeIgniter\Debug\Exceptions->errorHandler(2, 'Undefined variable $Senha', 'C:\\xampp\\htdocs\\ProjetoWeb\\app\\Models\\Login_Query.php', 16)
 2 APPPATH\Controllers\Dados.php(76): App\Models\Login_Query->consultaSenhaEmail(null)
 3 SYSTEMPATH\CodeIgniter.php(934): App\Controllers\Dados->loginCli2()
 4 SYSTEMPATH\CodeIgniter.php(499): CodeIgniter\CodeIgniter->runController(Object(App\Controllers\Dados))
 5 SYSTEMPATH\CodeIgniter.php(368): CodeIgniter\CodeIgniter->handleRequest(null, Object(Config\Cache), false)
 6 FCPATH\index.php(67): CodeIgniter\CodeIgniter->run()
CRITICAL - 2023-05-29 19:40:28 --> You must set the database table to be used with your query.
in SYSTEMPATH\Database\BaseConnection.php on line 882.
 1 SYSTEMPATH\Model.php(642): CodeIgniter\Database\BaseConnection->table(null)
 2 SYSTEMPATH\Model.php(832): CodeIgniter\Model->builder()
 3 APPPATH\Controllers\Dados.php(76): CodeIgniter\Model->__call('password_verify', [...])
 4 SYSTEMPATH\CodeIgniter.php(934): App\Controllers\Dados->loginCli2()
 5 SYSTEMPATH\CodeIgniter.php(499): CodeIgniter\CodeIgniter->runController(Object(App\Controllers\Dados))
 6 SYSTEMPATH\CodeIgniter.php(368): CodeIgniter\CodeIgniter->handleRequest(null, Object(Config\Cache), false)
 7 FCPATH\index.php(67): CodeIgniter\CodeIgniter->run()
CRITICAL - 2023-05-29 19:55:56 --> Object of type CodeIgniter\Database\MySQLi\Builder is not callable
in APPPATH\Models\Login_Query.php on line 13.
 1 APPPATH\Controllers\Dados.php(76): App\Models\Login_Query->consultaSenhaEmail('aa@gmail.com')
 2 SYSTEMPATH\CodeIgniter.php(934): App\Controllers\Dados->loginCli2()
 3 SYSTEMPATH\CodeIgniter.php(499): CodeIgniter\CodeIgniter->runController(Object(App\Controllers\Dados))
 4 SYSTEMPATH\CodeIgniter.php(368): CodeIgniter\CodeIgniter->handleRequest(null, Object(Config\Cache), false)
 5 FCPATH\index.php(67): CodeIgniter\CodeIgniter->run()
ERROR - 2023-05-29 20:01:45 --> mysqli_sql_exception: Unknown column 'id' in 'where clause' in C:\xampp\htdocs\ProjetoWeb\system\Database\MySQLi\Connection.php:295
Stack trace:
#0 C:\xampp\htdocs\ProjetoWeb\system\Database\MySQLi\Connection.php(295): mysqli->query('SELECT *\nFROM `...', 0)
#1 C:\xampp\htdocs\ProjetoWeb\system\Database\BaseConnection.php(691): CodeIgniter\Database\MySQLi\Connection->execute('SELECT *\nFROM `...')
#2 C:\xampp\htdocs\ProjetoWeb\system\Database\BaseConnection.php(605): CodeIgniter\Database\BaseConnection->simpleQuery('SELECT *\nFROM `...')
#3 C:\xampp\htdocs\ProjetoWeb\system\Database\BaseBuilder.php(1616): CodeIgniter\Database\BaseConnection->query('SELECT *\nFROM `...', Array, false)
#4 C:\xampp\htdocs\ProjetoWeb\app\Models\Login_Query.php(12): CodeIgniter\Database\BaseBuilder->get()
#5 C:\xampp\htdocs\ProjetoWeb\app\Controllers\Dados.php(76): App\Models\Login_Query->consultaSenhaEmail('aa@gmail.com')
#6 C:\xampp\htdocs\ProjetoWeb\system\CodeIgniter.php(934): App\Controllers\Dados->loginCli2()
#7 C:\xampp\htdocs\ProjetoWeb\system\CodeIgniter.php(499): CodeIgniter\CodeIgniter->runController(Object(App\Controllers\Dados))
#8 C:\xampp\htdocs\ProjetoWeb\system\CodeIgniter.php(368): CodeIgniter\CodeIgniter->handleRequest(NULL, Object(Config\Cache), false)
#9 C:\xampp\htdocs\ProjetoWeb\public\index.php(67): CodeIgniter\CodeIgniter->run()
#10 {main}
CRITICAL - 2023-05-29 20:01:45 --> Unknown column 'id' in 'where clause'
in SYSTEMPATH\Database\MySQLi\Connection.php on line 295.
 1 SYSTEMPATH\Database\MySQLi\Connection.php(295): mysqli->query('SELECT *
FROM `Cliente`
WHERE `id` = 1', 0)
 2 SYSTEMPATH\Database\BaseConnection.php(691): CodeIgniter\Database\MySQLi\Connection->execute('SELECT *
FROM `Cliente`
WHERE `id` = 1')
 3 SYSTEMPATH\Database\BaseConnection.php(605): CodeIgniter\Database\BaseConnection->simpleQuery('SELECT *
FROM `Cliente`
WHERE `id` = 1')
 4 SYSTEMPATH\Database\BaseBuilder.php(1616): CodeIgniter\Database\BaseConnection->query('SELECT *
FROM `Cliente`
WHERE `id` = :id:', [...], false)
 5 APPPATH\Models\Login_Query.php(12): CodeIgniter\Database\BaseBuilder->get()
 6 APPPATH\Controllers\Dados.php(76): App\Models\Login_Query->consultaSenhaEmail('aa@gmail.com')
 7 SYSTEMPATH\CodeIgniter.php(934): App\Controllers\Dados->loginCli2()
 8 SYSTEMPATH\CodeIgniter.php(499): CodeIgniter\CodeIgniter->runController(Object(App\Controllers\Dados))
 9 SYSTEMPATH\CodeIgniter.php(368): CodeIgniter\CodeIgniter->handleRequest(null, Object(Config\Cache), false)
10 FCPATH\index.php(67): CodeIgniter\CodeIgniter->run()
CRITICAL - 2023-05-29 20:02:10 --> Object of class CodeIgniter\Database\MySQLi\Result could not be converted to string
in APPPATH\Models\Login_Query.php on line 13.
 1 APPPATH\Controllers\Dados.php(76): App\Models\Login_Query->consultaSenhaEmail('aa@gmail.com')
 2 SYSTEMPATH\CodeIgniter.php(934): App\Controllers\Dados->loginCli2()
 3 SYSTEMPATH\CodeIgniter.php(499): CodeIgniter\CodeIgniter->runController(Object(App\Controllers\Dados))
 4 SYSTEMPATH\CodeIgniter.php(368): CodeIgniter\CodeIgniter->handleRequest(null, Object(Config\Cache), false)
 5 FCPATH\index.php(67): CodeIgniter\CodeIgniter->run()
CRITICAL - 2023-05-29 20:02:12 --> Object of class CodeIgniter\Database\MySQLi\Result could not be converted to string
in APPPATH\Models\Login_Query.php on line 13.
 1 APPPATH\Controllers\Dados.php(76): App\Models\Login_Query->consultaSenhaEmail('aa@gmail.com')
 2 SYSTEMPATH\CodeIgniter.php(934): App\Controllers\Dados->loginCli2()
 3 SYSTEMPATH\CodeIgniter.php(499): CodeIgniter\CodeIgniter->runController(Object(App\Controllers\Dados))
 4 SYSTEMPATH\CodeIgniter.php(368): CodeIgniter\CodeIgniter->handleRequest(null, Object(Config\Cache), false)
 5 FCPATH\index.php(67): CodeIgniter\CodeIgniter->run()
CRITICAL - 2023-05-29 20:02:46 --> Object of class CodeIgniter\Database\MySQLi\Result could not be converted to string
in APPPATH\Models\Login_Query.php on line 13.
 1 APPPATH\Controllers\Dados.php(76): App\Models\Login_Query->consultaSenhaEmail('aa@gmail.com')
 2 SYSTEMPATH\CodeIgniter.php(934): App\Controllers\Dados->loginCli2()
 3 SYSTEMPATH\CodeIgniter.php(499): CodeIgniter\CodeIgniter->runController(Object(App\Controllers\Dados))
 4 SYSTEMPATH\CodeIgniter.php(368): CodeIgniter\CodeIgniter->handleRequest(null, Object(Config\Cache), false)
 5 FCPATH\index.php(67): CodeIgniter\CodeIgniter->run()
CRITICAL - 2023-05-29 20:02:46 --> Object of class CodeIgniter\Database\MySQLi\Result could not be converted to string
in APPPATH\Models\Login_Query.php on line 13.
 1 APPPATH\Controllers\Dados.php(76): App\Models\Login_Query->consultaSenhaEmail('aa@gmail.com')
 2 SYSTEMPATH\CodeIgniter.php(934): App\Controllers\Dados->loginCli2()
 3 SYSTEMPATH\CodeIgniter.php(499): CodeIgniter\CodeIgniter->runController(Object(App\Controllers\Dados))
 4 SYSTEMPATH\CodeIgniter.php(368): CodeIgniter\CodeIgniter->handleRequest(null, Object(Config\Cache), false)
 5 FCPATH\index.php(67): CodeIgniter\CodeIgniter->run()
CRITICAL - 2023-05-29 20:04:10 --> You must set the database table to be used with your query.
in SYSTEMPATH\Database\BaseConnection.php on line 882.
 1 SYSTEMPATH\Model.php(642): CodeIgniter\Database\BaseConnection->table(null)
 2 SYSTEMPATH\Model.php(832): CodeIgniter\Model->builder()
 3 APPPATH\Controllers\Dados.php(76): CodeIgniter\Model->__call('password_verify', [...])
 4 SYSTEMPATH\CodeIgniter.php(934): App\Controllers\Dados->loginCli2()
 5 SYSTEMPATH\CodeIgniter.php(499): CodeIgniter\CodeIgniter->runController(Object(App\Controllers\Dados))
 6 SYSTEMPATH\CodeIgniter.php(368): CodeIgniter\CodeIgniter->handleRequest(null, Object(Config\Cache), false)
 7 FCPATH\index.php(67): CodeIgniter\CodeIgniter->run()
CRITICAL - 2023-05-29 20:13:03 --> You must set the database table to be used with your query.
in SYSTEMPATH\Database\BaseConnection.php on line 882.
 1 SYSTEMPATH\Model.php(642): CodeIgniter\Database\BaseConnection->table(null)
 2 SYSTEMPATH\Model.php(832): CodeIgniter\Model->builder()
 3 APPPATH\Controllers\Dados.php(83): CodeIgniter\Model->__call('password_verify', [...])
 4 SYSTEMPATH\CodeIgniter.php(934): App\Controllers\Dados->loginCli2()
 5 SYSTEMPATH\CodeIgniter.php(499): CodeIgniter\CodeIgniter->runController(Object(App\Controllers\Dados))
 6 SYSTEMPATH\CodeIgniter.php(368): CodeIgniter\CodeIgniter->handleRequest(null, Object(Config\Cache), false)
 7 FCPATH\index.php(67): CodeIgniter\CodeIgniter->run()
