ERROR - 2023-05-20 19:18:44 --> mysqli_sql_exception: You have an error in your SQL syntax; check the manual that corresponds to your MariaDB server version for the right syntax to use near 'Gato', 'Siamês','3 Anos', '','2020-11-11', '1')' at line 2 in C:\xampp\htdocs\ProjetoWeb\system\Database\MySQLi\Connection.php:295
Stack trace:
#0 C:\xampp\htdocs\ProjetoWeb\system\Database\MySQLi\Connection.php(295): mysqli->query('INSERT INTO Ani...', 0)
#1 C:\xampp\htdocs\ProjetoWeb\system\Database\BaseConnection.php(691): CodeIgniter\Database\MySQLi\Connection->execute('INSERT INTO Ani...')
#2 C:\xampp\htdocs\ProjetoWeb\system\Database\BaseConnection.php(605): CodeIgniter\Database\BaseConnection->simpleQuery('INSERT INTO Ani...')
#3 C:\xampp\htdocs\ProjetoWeb\app\Models\Banco_Query.php(16): CodeIgniter\Database\BaseConnection->query('INSERT INTO Ani...')
#4 C:\xampp\htdocs\ProjetoWeb\app\Controllers\Dados.php(30): App\Models\Banco_Query->cadastrarAnimal('Black', 'Gato', 'Siam\xC3\xAAs', '3 Anos', NULL, '2020-11-11', '1')
#5 C:\xampp\htdocs\ProjetoWeb\system\CodeIgniter.php(934): App\Controllers\Dados->cadastrarAnimal2()
#6 C:\xampp\htdocs\ProjetoWeb\system\CodeIgniter.php(499): CodeIgniter\CodeIgniter->runController(Object(App\Controllers\Dados))
#7 C:\xampp\htdocs\ProjetoWeb\system\CodeIgniter.php(368): CodeIgniter\CodeIgniter->handleRequest(NULL, Object(Config\Cache), false)
#8 C:\xampp\htdocs\ProjetoWeb\public\index.php(67): CodeIgniter\CodeIgniter->run()
#9 {main}
CRITICAL - 2023-05-20 19:18:44 --> You have an error in your SQL syntax; check the manual that corresponds to your MariaDB server version for the right syntax to use near 'Gato', 'Siamês','3 Anos', '','2020-11-11', '1')' at line 2
in SYSTEMPATH\Database\MySQLi\Connection.php on line 295.
 1 SYSTEMPATH\Database\MySQLi\Connection.php(295): mysqli->query('INSERT INTO Animal (Nome, Tipo, Raca, Idade, Situacao, 
            Data_Adocao, CodCli) values (\'Black\'\', \'Gato\', \'Siamês\',\'3 Anos\', \'\',\'2020-11-11\', \'1\')', 0)
 2 SYSTEMPATH\Database\BaseConnection.php(691): CodeIgniter\Database\MySQLi\Connection->execute('INSERT INTO Animal (Nome, Tipo, Raca, Idade, Situacao, 
            Data_Adocao, CodCli) values (\'Black\'\', \'Gato\', \'Siamês\',\'3 Anos\', \'\',\'2020-11-11\', \'1\')')
 3 SYSTEMPATH\Database\BaseConnection.php(605): CodeIgniter\Database\BaseConnection->simpleQuery('INSERT INTO Animal (Nome, Tipo, Raca, Idade, Situacao, 
            Data_Adocao, CodCli) values (\'Black\'\', \'Gato\', \'Siamês\',\'3 Anos\', \'\',\'2020-11-11\', \'1\')')
 4 APPPATH\Models\Banco_Query.php(16): CodeIgniter\Database\BaseConnection->query('INSERT INTO Animal (Nome, Tipo, Raca, Idade, Situacao, 
            Data_Adocao, CodCli) values (\'Black\'\', \'Gato\', \'Siamês\',\'3 Anos\', \'\',\'2020-11-11\', \'1\')')
 5 APPPATH\Controllers\Dados.php(30): App\Models\Banco_Query->cadastrarAnimal('Black', 'Gato', 'Siamês', '3 Anos', null, '2020-11-11', '1')
 6 SYSTEMPATH\CodeIgniter.php(934): App\Controllers\Dados->cadastrarAnimal2()
 7 SYSTEMPATH\CodeIgniter.php(499): CodeIgniter\CodeIgniter->runController(Object(App\Controllers\Dados))
 8 SYSTEMPATH\CodeIgniter.php(368): CodeIgniter\CodeIgniter->handleRequest(null, Object(Config\Cache), false)
 9 FCPATH\index.php(67): CodeIgniter\CodeIgniter->run()
ERROR - 2023-05-20 19:20:55 --> mysqli_sql_exception: You have an error in your SQL syntax; check the manual that corresponds to your MariaDB server version for the right syntax to use near 'Gato', 'Siamês','3 Anos', '','2020-11-11', '1')' at line 1 in C:\xampp\htdocs\ProjetoWeb\system\Database\MySQLi\Connection.php:295
Stack trace:
#0 C:\xampp\htdocs\ProjetoWeb\system\Database\MySQLi\Connection.php(295): mysqli->query('INSERT INTO `an...', 0)
#1 C:\xampp\htdocs\ProjetoWeb\system\Database\BaseConnection.php(691): CodeIgniter\Database\MySQLi\Connection->execute('INSERT INTO `an...')
#2 C:\xampp\htdocs\ProjetoWeb\system\Database\BaseConnection.php(605): CodeIgniter\Database\BaseConnection->simpleQuery('INSERT INTO `an...')
#3 C:\xampp\htdocs\ProjetoWeb\app\Models\Banco_Query.php(16): CodeIgniter\Database\BaseConnection->query('INSERT INTO `an...')
#4 C:\xampp\htdocs\ProjetoWeb\app\Controllers\Dados.php(30): App\Models\Banco_Query->cadastrarAnimal('Black', 'Gato', 'Siam\xC3\xAAs', '3 Anos', NULL, '2020-11-11', '1')
#5 C:\xampp\htdocs\ProjetoWeb\system\CodeIgniter.php(934): App\Controllers\Dados->cadastrarAnimal2()
#6 C:\xampp\htdocs\ProjetoWeb\system\CodeIgniter.php(499): CodeIgniter\CodeIgniter->runController(Object(App\Controllers\Dados))
#7 C:\xampp\htdocs\ProjetoWeb\system\CodeIgniter.php(368): CodeIgniter\CodeIgniter->handleRequest(NULL, Object(Config\Cache), false)
#8 C:\xampp\htdocs\ProjetoWeb\public\index.php(67): CodeIgniter\CodeIgniter->run()
#9 {main}
CRITICAL - 2023-05-20 19:20:55 --> You have an error in your SQL syntax; check the manual that corresponds to your MariaDB server version for the right syntax to use near 'Gato', 'Siamês','3 Anos', '','2020-11-11', '1')' at line 1
in SYSTEMPATH\Database\MySQLi\Connection.php on line 295.
 1 SYSTEMPATH\Database\MySQLi\Connection.php(295): mysqli->query('INSERT INTO `animal` (`CodAnimal`, `Nome`, `Tipo`, `Raca`, `Idade`, `Situacao`, `Data_Adocao`, `CodCli`) VALUES(\'Black\'\', \'Gato\', \'Siamês\',\'3 Anos\', \'\',\'2020-11-11\', \'1\')', 0)
 2 SYSTEMPATH\Database\BaseConnection.php(691): CodeIgniter\Database\MySQLi\Connection->execute('INSERT INTO `animal` (`CodAnimal`, `Nome`, `Tipo`, `Raca`, `Idade`, `Situacao`, `Data_Adocao`, `CodCli`) VALUES(\'Black\'\', \'Gato\', \'Siamês\',\'3 Anos\', \'\',\'2020-11-11\', \'1\')')
 3 SYSTEMPATH\Database\BaseConnection.php(605): CodeIgniter\Database\BaseConnection->simpleQuery('INSERT INTO `animal` (`CodAnimal`, `Nome`, `Tipo`, `Raca`, `Idade`, `Situacao`, `Data_Adocao`, `CodCli`) VALUES(\'Black\'\', \'Gato\', \'Siamês\',\'3 Anos\', \'\',\'2020-11-11\', \'1\')')
 4 APPPATH\Models\Banco_Query.php(16): CodeIgniter\Database\BaseConnection->query('INSERT INTO `animal` (`CodAnimal`, `Nome`, `Tipo`, `Raca`, `Idade`, `Situacao`, `Data_Adocao`, `CodCli`) VALUES(\'Black\'\', \'Gato\', \'Siamês\',\'3 Anos\', \'\',\'2020-11-11\', \'1\')')
 5 APPPATH\Controllers\Dados.php(30): App\Models\Banco_Query->cadastrarAnimal('Black', 'Gato', 'Siamês', '3 Anos', null, '2020-11-11', '1')
 6 SYSTEMPATH\CodeIgniter.php(934): App\Controllers\Dados->cadastrarAnimal2()
 7 SYSTEMPATH\CodeIgniter.php(499): CodeIgniter\CodeIgniter->runController(Object(App\Controllers\Dados))
 8 SYSTEMPATH\CodeIgniter.php(368): CodeIgniter\CodeIgniter->handleRequest(null, Object(Config\Cache), false)
 9 FCPATH\index.php(67): CodeIgniter\CodeIgniter->run()
ERROR - 2023-05-20 19:21:11 --> mysqli_sql_exception: You have an error in your SQL syntax; check the manual that corresponds to your MariaDB server version for the right syntax to use near 'Gato', 'Siamês','3 Anos', '','2020-11-11', '1')' at line 1 in C:\xampp\htdocs\ProjetoWeb\system\Database\MySQLi\Connection.php:295
Stack trace:
#0 C:\xampp\htdocs\ProjetoWeb\system\Database\MySQLi\Connection.php(295): mysqli->query('INSERT INTO `an...', 0)
#1 C:\xampp\htdocs\ProjetoWeb\system\Database\BaseConnection.php(691): CodeIgniter\Database\MySQLi\Connection->execute('INSERT INTO `an...')
#2 C:\xampp\htdocs\ProjetoWeb\system\Database\BaseConnection.php(605): CodeIgniter\Database\BaseConnection->simpleQuery('INSERT INTO `an...')
#3 C:\xampp\htdocs\ProjetoWeb\app\Models\Banco_Query.php(16): CodeIgniter\Database\BaseConnection->query('INSERT INTO `an...')
#4 C:\xampp\htdocs\ProjetoWeb\app\Controllers\Dados.php(30): App\Models\Banco_Query->cadastrarAnimal('Black', 'Gato', 'Siam\xC3\xAAs', '3 Anos', NULL, '2020-11-11', '1')
#5 C:\xampp\htdocs\ProjetoWeb\system\CodeIgniter.php(934): App\Controllers\Dados->cadastrarAnimal2()
#6 C:\xampp\htdocs\ProjetoWeb\system\CodeIgniter.php(499): CodeIgniter\CodeIgniter->runController(Object(App\Controllers\Dados))
#7 C:\xampp\htdocs\ProjetoWeb\system\CodeIgniter.php(368): CodeIgniter\CodeIgniter->handleRequest(NULL, Object(Config\Cache), false)
#8 C:\xampp\htdocs\ProjetoWeb\public\index.php(67): CodeIgniter\CodeIgniter->run()
#9 {main}
CRITICAL - 2023-05-20 19:21:11 --> You have an error in your SQL syntax; check the manual that corresponds to your MariaDB server version for the right syntax to use near 'Gato', 'Siamês','3 Anos', '','2020-11-11', '1')' at line 1
in SYSTEMPATH\Database\MySQLi\Connection.php on line 295.
 1 SYSTEMPATH\Database\MySQLi\Connection.php(295): mysqli->query('INSERT INTO `animal` (`CodAnimal`, `Nome`, `Tipo`, `Raca`, `Idade`, `Situacao`, `Data_Adocao`, `CodCli`) VALUES(\'Black\'\', \'Gato\', \'Siamês\',\'3 Anos\', \'\',\'2020-11-11\', \'1\')', 0)
 2 SYSTEMPATH\Database\BaseConnection.php(691): CodeIgniter\Database\MySQLi\Connection->execute('INSERT INTO `animal` (`CodAnimal`, `Nome`, `Tipo`, `Raca`, `Idade`, `Situacao`, `Data_Adocao`, `CodCli`) VALUES(\'Black\'\', \'Gato\', \'Siamês\',\'3 Anos\', \'\',\'2020-11-11\', \'1\')')
 3 SYSTEMPATH\Database\BaseConnection.php(605): CodeIgniter\Database\BaseConnection->simpleQuery('INSERT INTO `animal` (`CodAnimal`, `Nome`, `Tipo`, `Raca`, `Idade`, `Situacao`, `Data_Adocao`, `CodCli`) VALUES(\'Black\'\', \'Gato\', \'Siamês\',\'3 Anos\', \'\',\'2020-11-11\', \'1\')')
 4 APPPATH\Models\Banco_Query.php(16): CodeIgniter\Database\BaseConnection->query('INSERT INTO `animal` (`CodAnimal`, `Nome`, `Tipo`, `Raca`, `Idade`, `Situacao`, `Data_Adocao`, `CodCli`) VALUES(\'Black\'\', \'Gato\', \'Siamês\',\'3 Anos\', \'\',\'2020-11-11\', \'1\')')
 5 APPPATH\Controllers\Dados.php(30): App\Models\Banco_Query->cadastrarAnimal('Black', 'Gato', 'Siamês', '3 Anos', null, '2020-11-11', '1')
 6 SYSTEMPATH\CodeIgniter.php(934): App\Controllers\Dados->cadastrarAnimal2()
 7 SYSTEMPATH\CodeIgniter.php(499): CodeIgniter\CodeIgniter->runController(Object(App\Controllers\Dados))
 8 SYSTEMPATH\CodeIgniter.php(368): CodeIgniter\CodeIgniter->handleRequest(null, Object(Config\Cache), false)
 9 FCPATH\index.php(67): CodeIgniter\CodeIgniter->run()
ERROR - 2023-05-20 19:21:28 --> mysqli_sql_exception: You have an error in your SQL syntax; check the manual that corresponds to your MariaDB server version for the right syntax to use near 'Gato', 'Siamês','3 Anos', '','2020-11-11', '1')' at line 1 in C:\xampp\htdocs\ProjetoWeb\system\Database\MySQLi\Connection.php:295
Stack trace:
#0 C:\xampp\htdocs\ProjetoWeb\system\Database\MySQLi\Connection.php(295): mysqli->query('INSERT INTO `an...', 0)
#1 C:\xampp\htdocs\ProjetoWeb\system\Database\BaseConnection.php(691): CodeIgniter\Database\MySQLi\Connection->execute('INSERT INTO `an...')
#2 C:\xampp\htdocs\ProjetoWeb\system\Database\BaseConnection.php(605): CodeIgniter\Database\BaseConnection->simpleQuery('INSERT INTO `an...')
#3 C:\xampp\htdocs\ProjetoWeb\app\Models\Banco_Query.php(16): CodeIgniter\Database\BaseConnection->query('INSERT INTO `an...')
#4 C:\xampp\htdocs\ProjetoWeb\app\Controllers\Dados.php(30): App\Models\Banco_Query->cadastrarAnimal('Black', 'Gato', 'Siam\xC3\xAAs', '3 Anos', NULL, '2020-11-11', '1')
#5 C:\xampp\htdocs\ProjetoWeb\system\CodeIgniter.php(934): App\Controllers\Dados->cadastrarAnimal2()
#6 C:\xampp\htdocs\ProjetoWeb\system\CodeIgniter.php(499): CodeIgniter\CodeIgniter->runController(Object(App\Controllers\Dados))
#7 C:\xampp\htdocs\ProjetoWeb\system\CodeIgniter.php(368): CodeIgniter\CodeIgniter->handleRequest(NULL, Object(Config\Cache), false)
#8 C:\xampp\htdocs\ProjetoWeb\public\index.php(67): CodeIgniter\CodeIgniter->run()
#9 {main}
CRITICAL - 2023-05-20 19:21:28 --> You have an error in your SQL syntax; check the manual that corresponds to your MariaDB server version for the right syntax to use near 'Gato', 'Siamês','3 Anos', '','2020-11-11', '1')' at line 1
in SYSTEMPATH\Database\MySQLi\Connection.php on line 295.
 1 SYSTEMPATH\Database\MySQLi\Connection.php(295): mysqli->query('INSERT INTO `animal` (`CodAnimal`, `Nome`, `Tipo`, `Raca`, `Idade`, `Situacao`, `Data_Adocao`, `CodCli`) VALUES(\'Black\'\', \'Gato\', \'Siamês\',\'3 Anos\', \'\',\'2020-11-11\', \'1\')', 0)
 2 SYSTEMPATH\Database\BaseConnection.php(691): CodeIgniter\Database\MySQLi\Connection->execute('INSERT INTO `animal` (`CodAnimal`, `Nome`, `Tipo`, `Raca`, `Idade`, `Situacao`, `Data_Adocao`, `CodCli`) VALUES(\'Black\'\', \'Gato\', \'Siamês\',\'3 Anos\', \'\',\'2020-11-11\', \'1\')')
 3 SYSTEMPATH\Database\BaseConnection.php(605): CodeIgniter\Database\BaseConnection->simpleQuery('INSERT INTO `animal` (`CodAnimal`, `Nome`, `Tipo`, `Raca`, `Idade`, `Situacao`, `Data_Adocao`, `CodCli`) VALUES(\'Black\'\', \'Gato\', \'Siamês\',\'3 Anos\', \'\',\'2020-11-11\', \'1\')')
 4 APPPATH\Models\Banco_Query.php(16): CodeIgniter\Database\BaseConnection->query('INSERT INTO `animal` (`CodAnimal`, `Nome`, `Tipo`, `Raca`, `Idade`, `Situacao`, `Data_Adocao`, `CodCli`) VALUES(\'Black\'\', \'Gato\', \'Siamês\',\'3 Anos\', \'\',\'2020-11-11\', \'1\')')
 5 APPPATH\Controllers\Dados.php(30): App\Models\Banco_Query->cadastrarAnimal('Black', 'Gato', 'Siamês', '3 Anos', null, '2020-11-11', '1')
 6 SYSTEMPATH\CodeIgniter.php(934): App\Controllers\Dados->cadastrarAnimal2()
 7 SYSTEMPATH\CodeIgniter.php(499): CodeIgniter\CodeIgniter->runController(Object(App\Controllers\Dados))
 8 SYSTEMPATH\CodeIgniter.php(368): CodeIgniter\CodeIgniter->handleRequest(null, Object(Config\Cache), false)
 9 FCPATH\index.php(67): CodeIgniter\CodeIgniter->run()
ERROR - 2023-05-20 19:21:42 --> mysqli_sql_exception: You have an error in your SQL syntax; check the manual that corresponds to your MariaDB server version for the right syntax to use near 'Gato', 'Siamês','3 Anos', '','2020-11-11', '1')' at line 1 in C:\xampp\htdocs\ProjetoWeb\system\Database\MySQLi\Connection.php:295
Stack trace:
#0 C:\xampp\htdocs\ProjetoWeb\system\Database\MySQLi\Connection.php(295): mysqli->query('INSERT INTO `an...', 0)
#1 C:\xampp\htdocs\ProjetoWeb\system\Database\BaseConnection.php(691): CodeIgniter\Database\MySQLi\Connection->execute('INSERT INTO `an...')
#2 C:\xampp\htdocs\ProjetoWeb\system\Database\BaseConnection.php(605): CodeIgniter\Database\BaseConnection->simpleQuery('INSERT INTO `an...')
#3 C:\xampp\htdocs\ProjetoWeb\app\Models\Banco_Query.php(16): CodeIgniter\Database\BaseConnection->query('INSERT INTO `an...')
#4 C:\xampp\htdocs\ProjetoWeb\app\Controllers\Dados.php(30): App\Models\Banco_Query->cadastrarAnimal('Black', 'Gato', 'Siam\xC3\xAAs', '3 Anos', NULL, '2020-11-11', '1')
#5 C:\xampp\htdocs\ProjetoWeb\system\CodeIgniter.php(934): App\Controllers\Dados->cadastrarAnimal2()
#6 C:\xampp\htdocs\ProjetoWeb\system\CodeIgniter.php(499): CodeIgniter\CodeIgniter->runController(Object(App\Controllers\Dados))
#7 C:\xampp\htdocs\ProjetoWeb\system\CodeIgniter.php(368): CodeIgniter\CodeIgniter->handleRequest(NULL, Object(Config\Cache), false)
#8 C:\xampp\htdocs\ProjetoWeb\public\index.php(67): CodeIgniter\CodeIgniter->run()
#9 {main}
CRITICAL - 2023-05-20 19:21:42 --> You have an error in your SQL syntax; check the manual that corresponds to your MariaDB server version for the right syntax to use near 'Gato', 'Siamês','3 Anos', '','2020-11-11', '1')' at line 1
in SYSTEMPATH\Database\MySQLi\Connection.php on line 295.
 1 SYSTEMPATH\Database\MySQLi\Connection.php(295): mysqli->query('INSERT INTO `animal` (`CodAnimal`, `Nome`, `Tipo`, `Raca`, `Idade`, `Situacao`, `Data_Adocao`, `CodCli`) VALUES(\'Black\'\', \'Gato\', \'Siamês\',\'3 Anos\', \'\',\'2020-11-11\', \'1\')', 0)
 2 SYSTEMPATH\Database\BaseConnection.php(691): CodeIgniter\Database\MySQLi\Connection->execute('INSERT INTO `animal` (`CodAnimal`, `Nome`, `Tipo`, `Raca`, `Idade`, `Situacao`, `Data_Adocao`, `CodCli`) VALUES(\'Black\'\', \'Gato\', \'Siamês\',\'3 Anos\', \'\',\'2020-11-11\', \'1\')')
 3 SYSTEMPATH\Database\BaseConnection.php(605): CodeIgniter\Database\BaseConnection->simpleQuery('INSERT INTO `animal` (`CodAnimal`, `Nome`, `Tipo`, `Raca`, `Idade`, `Situacao`, `Data_Adocao`, `CodCli`) VALUES(\'Black\'\', \'Gato\', \'Siamês\',\'3 Anos\', \'\',\'2020-11-11\', \'1\')')
 4 APPPATH\Models\Banco_Query.php(16): CodeIgniter\Database\BaseConnection->query('INSERT INTO `animal` (`CodAnimal`, `Nome`, `Tipo`, `Raca`, `Idade`, `Situacao`, `Data_Adocao`, `CodCli`) VALUES(\'Black\'\', \'Gato\', \'Siamês\',\'3 Anos\', \'\',\'2020-11-11\', \'1\')')
 5 APPPATH\Controllers\Dados.php(30): App\Models\Banco_Query->cadastrarAnimal('Black', 'Gato', 'Siamês', '3 Anos', null, '2020-11-11', '1')
 6 SYSTEMPATH\CodeIgniter.php(934): App\Controllers\Dados->cadastrarAnimal2()
 7 SYSTEMPATH\CodeIgniter.php(499): CodeIgniter\CodeIgniter->runController(Object(App\Controllers\Dados))
 8 SYSTEMPATH\CodeIgniter.php(368): CodeIgniter\CodeIgniter->handleRequest(null, Object(Config\Cache), false)
 9 FCPATH\index.php(67): CodeIgniter\CodeIgniter->run()
ERROR - 2023-05-20 19:22:18 --> mysqli_sql_exception: You have an error in your SQL syntax; check the manual that corresponds to your MariaDB server version for the right syntax to use near 'Gato', 'Siamês','3 Anos', '','2020-11-11', '1')' at line 1 in C:\xampp\htdocs\ProjetoWeb\system\Database\MySQLi\Connection.php:295
Stack trace:
#0 C:\xampp\htdocs\ProjetoWeb\system\Database\MySQLi\Connection.php(295): mysqli->query('INSERT INTO `an...', 0)
#1 C:\xampp\htdocs\ProjetoWeb\system\Database\BaseConnection.php(691): CodeIgniter\Database\MySQLi\Connection->execute('INSERT INTO `an...')
#2 C:\xampp\htdocs\ProjetoWeb\system\Database\BaseConnection.php(605): CodeIgniter\Database\BaseConnection->simpleQuery('INSERT INTO `an...')
#3 C:\xampp\htdocs\ProjetoWeb\app\Models\Banco_Query.php(16): CodeIgniter\Database\BaseConnection->query('INSERT INTO `an...')
#4 C:\xampp\htdocs\ProjetoWeb\app\Controllers\Dados.php(30): App\Models\Banco_Query->cadastrarAnimal('Black', 'Gato', 'Siam\xC3\xAAs', '3 Anos', NULL, '2020-11-11', '1')
#5 C:\xampp\htdocs\ProjetoWeb\system\CodeIgniter.php(934): App\Controllers\Dados->cadastrarAnimal2()
#6 C:\xampp\htdocs\ProjetoWeb\system\CodeIgniter.php(499): CodeIgniter\CodeIgniter->runController(Object(App\Controllers\Dados))
#7 C:\xampp\htdocs\ProjetoWeb\system\CodeIgniter.php(368): CodeIgniter\CodeIgniter->handleRequest(NULL, Object(Config\Cache), false)
#8 C:\xampp\htdocs\ProjetoWeb\public\index.php(67): CodeIgniter\CodeIgniter->run()
#9 {main}
CRITICAL - 2023-05-20 19:22:18 --> You have an error in your SQL syntax; check the manual that corresponds to your MariaDB server version for the right syntax to use near 'Gato', 'Siamês','3 Anos', '','2020-11-11', '1')' at line 1
in SYSTEMPATH\Database\MySQLi\Connection.php on line 295.
 1 SYSTEMPATH\Database\MySQLi\Connection.php(295): mysqli->query('INSERT INTO `animal` (`Nome`, `Tipo`, `Raca`, `Idade`, `Situacao`, `Data_Adocao`, `CodCli`) VALUES(\'Black\'\', \'Gato\', \'Siamês\',\'3 Anos\', \'\',\'2020-11-11\', \'1\')', 0)
 2 SYSTEMPATH\Database\BaseConnection.php(691): CodeIgniter\Database\MySQLi\Connection->execute('INSERT INTO `animal` (`Nome`, `Tipo`, `Raca`, `Idade`, `Situacao`, `Data_Adocao`, `CodCli`) VALUES(\'Black\'\', \'Gato\', \'Siamês\',\'3 Anos\', \'\',\'2020-11-11\', \'1\')')
 3 SYSTEMPATH\Database\BaseConnection.php(605): CodeIgniter\Database\BaseConnection->simpleQuery('INSERT INTO `animal` (`Nome`, `Tipo`, `Raca`, `Idade`, `Situacao`, `Data_Adocao`, `CodCli`) VALUES(\'Black\'\', \'Gato\', \'Siamês\',\'3 Anos\', \'\',\'2020-11-11\', \'1\')')
 4 APPPATH\Models\Banco_Query.php(16): CodeIgniter\Database\BaseConnection->query('INSERT INTO `animal` (`Nome`, `Tipo`, `Raca`, `Idade`, `Situacao`, `Data_Adocao`, `CodCli`) VALUES(\'Black\'\', \'Gato\', \'Siamês\',\'3 Anos\', \'\',\'2020-11-11\', \'1\')')
 5 APPPATH\Controllers\Dados.php(30): App\Models\Banco_Query->cadastrarAnimal('Black', 'Gato', 'Siamês', '3 Anos', null, '2020-11-11', '1')
 6 SYSTEMPATH\CodeIgniter.php(934): App\Controllers\Dados->cadastrarAnimal2()
 7 SYSTEMPATH\CodeIgniter.php(499): CodeIgniter\CodeIgniter->runController(Object(App\Controllers\Dados))
 8 SYSTEMPATH\CodeIgniter.php(368): CodeIgniter\CodeIgniter->handleRequest(null, Object(Config\Cache), false)
 9 FCPATH\index.php(67): CodeIgniter\CodeIgniter->run()
ERROR - 2023-05-20 19:24:11 --> mysqli_sql_exception: You have an error in your SQL syntax; check the manual that corresponds to your MariaDB server version for the right syntax to use near 'Gato', 'Siamês','3 Anos', '','2020-11-11', '1')' at line 1 in C:\xampp\htdocs\ProjetoWeb\system\Database\MySQLi\Connection.php:295
Stack trace:
#0 C:\xampp\htdocs\ProjetoWeb\system\Database\MySQLi\Connection.php(295): mysqli->query('INSERT INTO `an...', 0)
#1 C:\xampp\htdocs\ProjetoWeb\system\Database\BaseConnection.php(691): CodeIgniter\Database\MySQLi\Connection->execute('INSERT INTO `an...')
#2 C:\xampp\htdocs\ProjetoWeb\system\Database\BaseConnection.php(605): CodeIgniter\Database\BaseConnection->simpleQuery('INSERT INTO `an...')
#3 C:\xampp\htdocs\ProjetoWeb\app\Models\Banco_Query.php(16): CodeIgniter\Database\BaseConnection->query('INSERT INTO `an...')
#4 C:\xampp\htdocs\ProjetoWeb\app\Controllers\Dados.php(30): App\Models\Banco_Query->cadastrarAnimal('Black', 'Gato', 'Siam\xC3\xAAs', '3 Anos', NULL, '2020-11-11', '1')
#5 C:\xampp\htdocs\ProjetoWeb\system\CodeIgniter.php(934): App\Controllers\Dados->cadastrarAnimal2()
#6 C:\xampp\htdocs\ProjetoWeb\system\CodeIgniter.php(499): CodeIgniter\CodeIgniter->runController(Object(App\Controllers\Dados))
#7 C:\xampp\htdocs\ProjetoWeb\system\CodeIgniter.php(368): CodeIgniter\CodeIgniter->handleRequest(NULL, Object(Config\Cache), false)
#8 C:\xampp\htdocs\ProjetoWeb\public\index.php(67): CodeIgniter\CodeIgniter->run()
#9 {main}
CRITICAL - 2023-05-20 19:24:11 --> You have an error in your SQL syntax; check the manual that corresponds to your MariaDB server version for the right syntax to use near 'Gato', 'Siamês','3 Anos', '','2020-11-11', '1')' at line 1
in SYSTEMPATH\Database\MySQLi\Connection.php on line 295.
 1 SYSTEMPATH\Database\MySQLi\Connection.php(295): mysqli->query('INSERT INTO `animal` (`Nome`, `Tipo`, `Raca`, `Idade`, `Situacao`, `Data_Adocao`, `CodCli`) VALUES(\'Black\'\', \'Gato\', \'Siamês\',\'3 Anos\', \'\',\'2020-11-11\', \'1\')', 0)
 2 SYSTEMPATH\Database\BaseConnection.php(691): CodeIgniter\Database\MySQLi\Connection->execute('INSERT INTO `animal` (`Nome`, `Tipo`, `Raca`, `Idade`, `Situacao`, `Data_Adocao`, `CodCli`) VALUES(\'Black\'\', \'Gato\', \'Siamês\',\'3 Anos\', \'\',\'2020-11-11\', \'1\')')
 3 SYSTEMPATH\Database\BaseConnection.php(605): CodeIgniter\Database\BaseConnection->simpleQuery('INSERT INTO `animal` (`Nome`, `Tipo`, `Raca`, `Idade`, `Situacao`, `Data_Adocao`, `CodCli`) VALUES(\'Black\'\', \'Gato\', \'Siamês\',\'3 Anos\', \'\',\'2020-11-11\', \'1\')')
 4 APPPATH\Models\Banco_Query.php(16): CodeIgniter\Database\BaseConnection->query('INSERT INTO `animal` (`Nome`, `Tipo`, `Raca`, `Idade`, `Situacao`, `Data_Adocao`, `CodCli`) VALUES(\'Black\'\', \'Gato\', \'Siamês\',\'3 Anos\', \'\',\'2020-11-11\', \'1\')')
 5 APPPATH\Controllers\Dados.php(30): App\Models\Banco_Query->cadastrarAnimal('Black', 'Gato', 'Siamês', '3 Anos', null, '2020-11-11', '1')
 6 SYSTEMPATH\CodeIgniter.php(934): App\Controllers\Dados->cadastrarAnimal2()
 7 SYSTEMPATH\CodeIgniter.php(499): CodeIgniter\CodeIgniter->runController(Object(App\Controllers\Dados))
 8 SYSTEMPATH\CodeIgniter.php(368): CodeIgniter\CodeIgniter->handleRequest(null, Object(Config\Cache), false)
 9 FCPATH\index.php(67): CodeIgniter\CodeIgniter->run()
ERROR - 2023-05-20 19:24:11 --> mysqli_sql_exception: You have an error in your SQL syntax; check the manual that corresponds to your MariaDB server version for the right syntax to use near 'Gato', 'Siamês','3 Anos', '','2020-11-11', '1')' at line 1 in C:\xampp\htdocs\ProjetoWeb\system\Database\MySQLi\Connection.php:295
Stack trace:
#0 C:\xampp\htdocs\ProjetoWeb\system\Database\MySQLi\Connection.php(295): mysqli->query('INSERT INTO `an...', 0)
#1 C:\xampp\htdocs\ProjetoWeb\system\Database\BaseConnection.php(691): CodeIgniter\Database\MySQLi\Connection->execute('INSERT INTO `an...')
#2 C:\xampp\htdocs\ProjetoWeb\system\Database\BaseConnection.php(605): CodeIgniter\Database\BaseConnection->simpleQuery('INSERT INTO `an...')
#3 C:\xampp\htdocs\ProjetoWeb\app\Models\Banco_Query.php(16): CodeIgniter\Database\BaseConnection->query('INSERT INTO `an...')
#4 C:\xampp\htdocs\ProjetoWeb\app\Controllers\Dados.php(30): App\Models\Banco_Query->cadastrarAnimal('Black', 'Gato', 'Siam\xC3\xAAs', '3 Anos', NULL, '2020-11-11', '1')
#5 C:\xampp\htdocs\ProjetoWeb\system\CodeIgniter.php(934): App\Controllers\Dados->cadastrarAnimal2()
#6 C:\xampp\htdocs\ProjetoWeb\system\CodeIgniter.php(499): CodeIgniter\CodeIgniter->runController(Object(App\Controllers\Dados))
#7 C:\xampp\htdocs\ProjetoWeb\system\CodeIgniter.php(368): CodeIgniter\CodeIgniter->handleRequest(NULL, Object(Config\Cache), false)
#8 C:\xampp\htdocs\ProjetoWeb\public\index.php(67): CodeIgniter\CodeIgniter->run()
#9 {main}
CRITICAL - 2023-05-20 19:24:11 --> You have an error in your SQL syntax; check the manual that corresponds to your MariaDB server version for the right syntax to use near 'Gato', 'Siamês','3 Anos', '','2020-11-11', '1')' at line 1
in SYSTEMPATH\Database\MySQLi\Connection.php on line 295.
 1 SYSTEMPATH\Database\MySQLi\Connection.php(295): mysqli->query('INSERT INTO `animal` (`Nome`, `Tipo`, `Raca`, `Idade`, `Situacao`, `Data_Adocao`, `CodCli`) VALUES(\'Black\'\', \'Gato\', \'Siamês\',\'3 Anos\', \'\',\'2020-11-11\', \'1\')', 0)
 2 SYSTEMPATH\Database\BaseConnection.php(691): CodeIgniter\Database\MySQLi\Connection->execute('INSERT INTO `animal` (`Nome`, `Tipo`, `Raca`, `Idade`, `Situacao`, `Data_Adocao`, `CodCli`) VALUES(\'Black\'\', \'Gato\', \'Siamês\',\'3 Anos\', \'\',\'2020-11-11\', \'1\')')
 3 SYSTEMPATH\Database\BaseConnection.php(605): CodeIgniter\Database\BaseConnection->simpleQuery('INSERT INTO `animal` (`Nome`, `Tipo`, `Raca`, `Idade`, `Situacao`, `Data_Adocao`, `CodCli`) VALUES(\'Black\'\', \'Gato\', \'Siamês\',\'3 Anos\', \'\',\'2020-11-11\', \'1\')')
 4 APPPATH\Models\Banco_Query.php(16): CodeIgniter\Database\BaseConnection->query('INSERT INTO `animal` (`Nome`, `Tipo`, `Raca`, `Idade`, `Situacao`, `Data_Adocao`, `CodCli`) VALUES(\'Black\'\', \'Gato\', \'Siamês\',\'3 Anos\', \'\',\'2020-11-11\', \'1\')')
 5 APPPATH\Controllers\Dados.php(30): App\Models\Banco_Query->cadastrarAnimal('Black', 'Gato', 'Siamês', '3 Anos', null, '2020-11-11', '1')
 6 SYSTEMPATH\CodeIgniter.php(934): App\Controllers\Dados->cadastrarAnimal2()
 7 SYSTEMPATH\CodeIgniter.php(499): CodeIgniter\CodeIgniter->runController(Object(App\Controllers\Dados))
 8 SYSTEMPATH\CodeIgniter.php(368): CodeIgniter\CodeIgniter->handleRequest(null, Object(Config\Cache), false)
 9 FCPATH\index.php(67): CodeIgniter\CodeIgniter->run()
ERROR - 2023-05-20 19:24:11 --> mysqli_sql_exception: You have an error in your SQL syntax; check the manual that corresponds to your MariaDB server version for the right syntax to use near 'Gato', 'Siamês','3 Anos', '','2020-11-11', '1')' at line 1 in C:\xampp\htdocs\ProjetoWeb\system\Database\MySQLi\Connection.php:295
Stack trace:
#0 C:\xampp\htdocs\ProjetoWeb\system\Database\MySQLi\Connection.php(295): mysqli->query('INSERT INTO `an...', 0)
#1 C:\xampp\htdocs\ProjetoWeb\system\Database\BaseConnection.php(691): CodeIgniter\Database\MySQLi\Connection->execute('INSERT INTO `an...')
#2 C:\xampp\htdocs\ProjetoWeb\system\Database\BaseConnection.php(605): CodeIgniter\Database\BaseConnection->simpleQuery('INSERT INTO `an...')
#3 C:\xampp\htdocs\ProjetoWeb\app\Models\Banco_Query.php(16): CodeIgniter\Database\BaseConnection->query('INSERT INTO `an...')
#4 C:\xampp\htdocs\ProjetoWeb\app\Controllers\Dados.php(30): App\Models\Banco_Query->cadastrarAnimal('Black', 'Gato', 'Siam\xC3\xAAs', '3 Anos', NULL, '2020-11-11', '1')
#5 C:\xampp\htdocs\ProjetoWeb\system\CodeIgniter.php(934): App\Controllers\Dados->cadastrarAnimal2()
#6 C:\xampp\htdocs\ProjetoWeb\system\CodeIgniter.php(499): CodeIgniter\CodeIgniter->runController(Object(App\Controllers\Dados))
#7 C:\xampp\htdocs\ProjetoWeb\system\CodeIgniter.php(368): CodeIgniter\CodeIgniter->handleRequest(NULL, Object(Config\Cache), false)
#8 C:\xampp\htdocs\ProjetoWeb\public\index.php(67): CodeIgniter\CodeIgniter->run()
#9 {main}
CRITICAL - 2023-05-20 19:24:11 --> You have an error in your SQL syntax; check the manual that corresponds to your MariaDB server version for the right syntax to use near 'Gato', 'Siamês','3 Anos', '','2020-11-11', '1')' at line 1
in SYSTEMPATH\Database\MySQLi\Connection.php on line 295.
 1 SYSTEMPATH\Database\MySQLi\Connection.php(295): mysqli->query('INSERT INTO `animal` (`Nome`, `Tipo`, `Raca`, `Idade`, `Situacao`, `Data_Adocao`, `CodCli`) VALUES(\'Black\'\', \'Gato\', \'Siamês\',\'3 Anos\', \'\',\'2020-11-11\', \'1\')', 0)
 2 SYSTEMPATH\Database\BaseConnection.php(691): CodeIgniter\Database\MySQLi\Connection->execute('INSERT INTO `animal` (`Nome`, `Tipo`, `Raca`, `Idade`, `Situacao`, `Data_Adocao`, `CodCli`) VALUES(\'Black\'\', \'Gato\', \'Siamês\',\'3 Anos\', \'\',\'2020-11-11\', \'1\')')
 3 SYSTEMPATH\Database\BaseConnection.php(605): CodeIgniter\Database\BaseConnection->simpleQuery('INSERT INTO `animal` (`Nome`, `Tipo`, `Raca`, `Idade`, `Situacao`, `Data_Adocao`, `CodCli`) VALUES(\'Black\'\', \'Gato\', \'Siamês\',\'3 Anos\', \'\',\'2020-11-11\', \'1\')')
 4 APPPATH\Models\Banco_Query.php(16): CodeIgniter\Database\BaseConnection->query('INSERT INTO `animal` (`Nome`, `Tipo`, `Raca`, `Idade`, `Situacao`, `Data_Adocao`, `CodCli`) VALUES(\'Black\'\', \'Gato\', \'Siamês\',\'3 Anos\', \'\',\'2020-11-11\', \'1\')')
 5 APPPATH\Controllers\Dados.php(30): App\Models\Banco_Query->cadastrarAnimal('Black', 'Gato', 'Siamês', '3 Anos', null, '2020-11-11', '1')
 6 SYSTEMPATH\CodeIgniter.php(934): App\Controllers\Dados->cadastrarAnimal2()
 7 SYSTEMPATH\CodeIgniter.php(499): CodeIgniter\CodeIgniter->runController(Object(App\Controllers\Dados))
 8 SYSTEMPATH\CodeIgniter.php(368): CodeIgniter\CodeIgniter->handleRequest(null, Object(Config\Cache), false)
 9 FCPATH\index.php(67): CodeIgniter\CodeIgniter->run()
ERROR - 2023-05-20 19:24:11 --> mysqli_sql_exception: You have an error in your SQL syntax; check the manual that corresponds to your MariaDB server version for the right syntax to use near 'Gato', 'Siamês','3 Anos', '','2020-11-11', '1')' at line 1 in C:\xampp\htdocs\ProjetoWeb\system\Database\MySQLi\Connection.php:295
Stack trace:
#0 C:\xampp\htdocs\ProjetoWeb\system\Database\MySQLi\Connection.php(295): mysqli->query('INSERT INTO `an...', 0)
#1 C:\xampp\htdocs\ProjetoWeb\system\Database\BaseConnection.php(691): CodeIgniter\Database\MySQLi\Connection->execute('INSERT INTO `an...')
#2 C:\xampp\htdocs\ProjetoWeb\system\Database\BaseConnection.php(605): CodeIgniter\Database\BaseConnection->simpleQuery('INSERT INTO `an...')
#3 C:\xampp\htdocs\ProjetoWeb\app\Models\Banco_Query.php(16): CodeIgniter\Database\BaseConnection->query('INSERT INTO `an...')
#4 C:\xampp\htdocs\ProjetoWeb\app\Controllers\Dados.php(30): App\Models\Banco_Query->cadastrarAnimal('Black', 'Gato', 'Siam\xC3\xAAs', '3 Anos', NULL, '2020-11-11', '1')
#5 C:\xampp\htdocs\ProjetoWeb\system\CodeIgniter.php(934): App\Controllers\Dados->cadastrarAnimal2()
#6 C:\xampp\htdocs\ProjetoWeb\system\CodeIgniter.php(499): CodeIgniter\CodeIgniter->runController(Object(App\Controllers\Dados))
#7 C:\xampp\htdocs\ProjetoWeb\system\CodeIgniter.php(368): CodeIgniter\CodeIgniter->handleRequest(NULL, Object(Config\Cache), false)
#8 C:\xampp\htdocs\ProjetoWeb\public\index.php(67): CodeIgniter\CodeIgniter->run()
#9 {main}
CRITICAL - 2023-05-20 19:24:11 --> You have an error in your SQL syntax; check the manual that corresponds to your MariaDB server version for the right syntax to use near 'Gato', 'Siamês','3 Anos', '','2020-11-11', '1')' at line 1
in SYSTEMPATH\Database\MySQLi\Connection.php on line 295.
 1 SYSTEMPATH\Database\MySQLi\Connection.php(295): mysqli->query('INSERT INTO `animal` (`Nome`, `Tipo`, `Raca`, `Idade`, `Situacao`, `Data_Adocao`, `CodCli`) VALUES(\'Black\'\', \'Gato\', \'Siamês\',\'3 Anos\', \'\',\'2020-11-11\', \'1\')', 0)
 2 SYSTEMPATH\Database\BaseConnection.php(691): CodeIgniter\Database\MySQLi\Connection->execute('INSERT INTO `animal` (`Nome`, `Tipo`, `Raca`, `Idade`, `Situacao`, `Data_Adocao`, `CodCli`) VALUES(\'Black\'\', \'Gato\', \'Siamês\',\'3 Anos\', \'\',\'2020-11-11\', \'1\')')
 3 SYSTEMPATH\Database\BaseConnection.php(605): CodeIgniter\Database\BaseConnection->simpleQuery('INSERT INTO `animal` (`Nome`, `Tipo`, `Raca`, `Idade`, `Situacao`, `Data_Adocao`, `CodCli`) VALUES(\'Black\'\', \'Gato\', \'Siamês\',\'3 Anos\', \'\',\'2020-11-11\', \'1\')')
 4 APPPATH\Models\Banco_Query.php(16): CodeIgniter\Database\BaseConnection->query('INSERT INTO `animal` (`Nome`, `Tipo`, `Raca`, `Idade`, `Situacao`, `Data_Adocao`, `CodCli`) VALUES(\'Black\'\', \'Gato\', \'Siamês\',\'3 Anos\', \'\',\'2020-11-11\', \'1\')')
 5 APPPATH\Controllers\Dados.php(30): App\Models\Banco_Query->cadastrarAnimal('Black', 'Gato', 'Siamês', '3 Anos', null, '2020-11-11', '1')
 6 SYSTEMPATH\CodeIgniter.php(934): App\Controllers\Dados->cadastrarAnimal2()
 7 SYSTEMPATH\CodeIgniter.php(499): CodeIgniter\CodeIgniter->runController(Object(App\Controllers\Dados))
 8 SYSTEMPATH\CodeIgniter.php(368): CodeIgniter\CodeIgniter->handleRequest(null, Object(Config\Cache), false)
 9 FCPATH\index.php(67): CodeIgniter\CodeIgniter->run()
ERROR - 2023-05-20 19:24:12 --> mysqli_sql_exception: You have an error in your SQL syntax; check the manual that corresponds to your MariaDB server version for the right syntax to use near 'Gato', 'Siamês','3 Anos', '','2020-11-11', '1')' at line 1 in C:\xampp\htdocs\ProjetoWeb\system\Database\MySQLi\Connection.php:295
Stack trace:
#0 C:\xampp\htdocs\ProjetoWeb\system\Database\MySQLi\Connection.php(295): mysqli->query('INSERT INTO `an...', 0)
#1 C:\xampp\htdocs\ProjetoWeb\system\Database\BaseConnection.php(691): CodeIgniter\Database\MySQLi\Connection->execute('INSERT INTO `an...')
#2 C:\xampp\htdocs\ProjetoWeb\system\Database\BaseConnection.php(605): CodeIgniter\Database\BaseConnection->simpleQuery('INSERT INTO `an...')
#3 C:\xampp\htdocs\ProjetoWeb\app\Models\Banco_Query.php(16): CodeIgniter\Database\BaseConnection->query('INSERT INTO `an...')
#4 C:\xampp\htdocs\ProjetoWeb\app\Controllers\Dados.php(30): App\Models\Banco_Query->cadastrarAnimal('Black', 'Gato', 'Siam\xC3\xAAs', '3 Anos', NULL, '2020-11-11', '1')
#5 C:\xampp\htdocs\ProjetoWeb\system\CodeIgniter.php(934): App\Controllers\Dados->cadastrarAnimal2()
#6 C:\xampp\htdocs\ProjetoWeb\system\CodeIgniter.php(499): CodeIgniter\CodeIgniter->runController(Object(App\Controllers\Dados))
#7 C:\xampp\htdocs\ProjetoWeb\system\CodeIgniter.php(368): CodeIgniter\CodeIgniter->handleRequest(NULL, Object(Config\Cache), false)
#8 C:\xampp\htdocs\ProjetoWeb\public\index.php(67): CodeIgniter\CodeIgniter->run()
#9 {main}
CRITICAL - 2023-05-20 19:24:12 --> You have an error in your SQL syntax; check the manual that corresponds to your MariaDB server version for the right syntax to use near 'Gato', 'Siamês','3 Anos', '','2020-11-11', '1')' at line 1
in SYSTEMPATH\Database\MySQLi\Connection.php on line 295.
 1 SYSTEMPATH\Database\MySQLi\Connection.php(295): mysqli->query('INSERT INTO `animal` (`Nome`, `Tipo`, `Raca`, `Idade`, `Situacao`, `Data_Adocao`, `CodCli`) VALUES(\'Black\'\', \'Gato\', \'Siamês\',\'3 Anos\', \'\',\'2020-11-11\', \'1\')', 0)
 2 SYSTEMPATH\Database\BaseConnection.php(691): CodeIgniter\Database\MySQLi\Connection->execute('INSERT INTO `animal` (`Nome`, `Tipo`, `Raca`, `Idade`, `Situacao`, `Data_Adocao`, `CodCli`) VALUES(\'Black\'\', \'Gato\', \'Siamês\',\'3 Anos\', \'\',\'2020-11-11\', \'1\')')
 3 SYSTEMPATH\Database\BaseConnection.php(605): CodeIgniter\Database\BaseConnection->simpleQuery('INSERT INTO `animal` (`Nome`, `Tipo`, `Raca`, `Idade`, `Situacao`, `Data_Adocao`, `CodCli`) VALUES(\'Black\'\', \'Gato\', \'Siamês\',\'3 Anos\', \'\',\'2020-11-11\', \'1\')')
 4 APPPATH\Models\Banco_Query.php(16): CodeIgniter\Database\BaseConnection->query('INSERT INTO `animal` (`Nome`, `Tipo`, `Raca`, `Idade`, `Situacao`, `Data_Adocao`, `CodCli`) VALUES(\'Black\'\', \'Gato\', \'Siamês\',\'3 Anos\', \'\',\'2020-11-11\', \'1\')')
 5 APPPATH\Controllers\Dados.php(30): App\Models\Banco_Query->cadastrarAnimal('Black', 'Gato', 'Siamês', '3 Anos', null, '2020-11-11', '1')
 6 SYSTEMPATH\CodeIgniter.php(934): App\Controllers\Dados->cadastrarAnimal2()
 7 SYSTEMPATH\CodeIgniter.php(499): CodeIgniter\CodeIgniter->runController(Object(App\Controllers\Dados))
 8 SYSTEMPATH\CodeIgniter.php(368): CodeIgniter\CodeIgniter->handleRequest(null, Object(Config\Cache), false)
 9 FCPATH\index.php(67): CodeIgniter\CodeIgniter->run()
ERROR - 2023-05-20 19:24:12 --> mysqli_sql_exception: You have an error in your SQL syntax; check the manual that corresponds to your MariaDB server version for the right syntax to use near 'Gato', 'Siamês','3 Anos', '','2020-11-11', '1')' at line 1 in C:\xampp\htdocs\ProjetoWeb\system\Database\MySQLi\Connection.php:295
Stack trace:
#0 C:\xampp\htdocs\ProjetoWeb\system\Database\MySQLi\Connection.php(295): mysqli->query('INSERT INTO `an...', 0)
#1 C:\xampp\htdocs\ProjetoWeb\system\Database\BaseConnection.php(691): CodeIgniter\Database\MySQLi\Connection->execute('INSERT INTO `an...')
#2 C:\xampp\htdocs\ProjetoWeb\system\Database\BaseConnection.php(605): CodeIgniter\Database\BaseConnection->simpleQuery('INSERT INTO `an...')
#3 C:\xampp\htdocs\ProjetoWeb\app\Models\Banco_Query.php(16): CodeIgniter\Database\BaseConnection->query('INSERT INTO `an...')
#4 C:\xampp\htdocs\ProjetoWeb\app\Controllers\Dados.php(30): App\Models\Banco_Query->cadastrarAnimal('Black', 'Gato', 'Siam\xC3\xAAs', '3 Anos', NULL, '2020-11-11', '1')
#5 C:\xampp\htdocs\ProjetoWeb\system\CodeIgniter.php(934): App\Controllers\Dados->cadastrarAnimal2()
#6 C:\xampp\htdocs\ProjetoWeb\system\CodeIgniter.php(499): CodeIgniter\CodeIgniter->runController(Object(App\Controllers\Dados))
#7 C:\xampp\htdocs\ProjetoWeb\system\CodeIgniter.php(368): CodeIgniter\CodeIgniter->handleRequest(NULL, Object(Config\Cache), false)
#8 C:\xampp\htdocs\ProjetoWeb\public\index.php(67): CodeIgniter\CodeIgniter->run()
#9 {main}
CRITICAL - 2023-05-20 19:24:12 --> You have an error in your SQL syntax; check the manual that corresponds to your MariaDB server version for the right syntax to use near 'Gato', 'Siamês','3 Anos', '','2020-11-11', '1')' at line 1
in SYSTEMPATH\Database\MySQLi\Connection.php on line 295.
 1 SYSTEMPATH\Database\MySQLi\Connection.php(295): mysqli->query('INSERT INTO `animal` (`Nome`, `Tipo`, `Raca`, `Idade`, `Situacao`, `Data_Adocao`, `CodCli`) VALUES(\'Black\'\', \'Gato\', \'Siamês\',\'3 Anos\', \'\',\'2020-11-11\', \'1\')', 0)
 2 SYSTEMPATH\Database\BaseConnection.php(691): CodeIgniter\Database\MySQLi\Connection->execute('INSERT INTO `animal` (`Nome`, `Tipo`, `Raca`, `Idade`, `Situacao`, `Data_Adocao`, `CodCli`) VALUES(\'Black\'\', \'Gato\', \'Siamês\',\'3 Anos\', \'\',\'2020-11-11\', \'1\')')
 3 SYSTEMPATH\Database\BaseConnection.php(605): CodeIgniter\Database\BaseConnection->simpleQuery('INSERT INTO `animal` (`Nome`, `Tipo`, `Raca`, `Idade`, `Situacao`, `Data_Adocao`, `CodCli`) VALUES(\'Black\'\', \'Gato\', \'Siamês\',\'3 Anos\', \'\',\'2020-11-11\', \'1\')')
 4 APPPATH\Models\Banco_Query.php(16): CodeIgniter\Database\BaseConnection->query('INSERT INTO `animal` (`Nome`, `Tipo`, `Raca`, `Idade`, `Situacao`, `Data_Adocao`, `CodCli`) VALUES(\'Black\'\', \'Gato\', \'Siamês\',\'3 Anos\', \'\',\'2020-11-11\', \'1\')')
 5 APPPATH\Controllers\Dados.php(30): App\Models\Banco_Query->cadastrarAnimal('Black', 'Gato', 'Siamês', '3 Anos', null, '2020-11-11', '1')
 6 SYSTEMPATH\CodeIgniter.php(934): App\Controllers\Dados->cadastrarAnimal2()
 7 SYSTEMPATH\CodeIgniter.php(499): CodeIgniter\CodeIgniter->runController(Object(App\Controllers\Dados))
 8 SYSTEMPATH\CodeIgniter.php(368): CodeIgniter\CodeIgniter->handleRequest(null, Object(Config\Cache), false)
 9 FCPATH\index.php(67): CodeIgniter\CodeIgniter->run()
ERROR - 2023-05-20 19:24:52 --> mysqli_sql_exception: You have an error in your SQL syntax; check the manual that corresponds to your MariaDB server version for the right syntax to use near ' 'Gato', 'Siamês','3 Anos', '','2020-11-11', '1')' at line 1 in C:\xampp\htdocs\ProjetoWeb\system\Database\MySQLi\Connection.php:295
Stack trace:
#0 C:\xampp\htdocs\ProjetoWeb\system\Database\MySQLi\Connection.php(295): mysqli->query('INSERT INTO `an...', 0)
#1 C:\xampp\htdocs\ProjetoWeb\system\Database\BaseConnection.php(691): CodeIgniter\Database\MySQLi\Connection->execute('INSERT INTO `an...')
#2 C:\xampp\htdocs\ProjetoWeb\system\Database\BaseConnection.php(605): CodeIgniter\Database\BaseConnection->simpleQuery('INSERT INTO `an...')
#3 C:\xampp\htdocs\ProjetoWeb\app\Models\Banco_Query.php(16): CodeIgniter\Database\BaseConnection->query('INSERT INTO `an...')
#4 C:\xampp\htdocs\ProjetoWeb\app\Controllers\Dados.php(30): App\Models\Banco_Query->cadastrarAnimal('Black', 'Gato', 'Siam\xC3\xAAs', '3 Anos', NULL, '2020-11-11', '1')
#5 C:\xampp\htdocs\ProjetoWeb\system\CodeIgniter.php(934): App\Controllers\Dados->cadastrarAnimal2()
#6 C:\xampp\htdocs\ProjetoWeb\system\CodeIgniter.php(499): CodeIgniter\CodeIgniter->runController(Object(App\Controllers\Dados))
#7 C:\xampp\htdocs\ProjetoWeb\system\CodeIgniter.php(368): CodeIgniter\CodeIgniter->handleRequest(NULL, Object(Config\Cache), false)
#8 C:\xampp\htdocs\ProjetoWeb\public\index.php(67): CodeIgniter\CodeIgniter->run()
#9 {main}
CRITICAL - 2023-05-20 19:24:53 --> You have an error in your SQL syntax; check the manual that corresponds to your MariaDB server version for the right syntax to use near ' 'Gato', 'Siamês','3 Anos', '','2020-11-11', '1')' at line 1
in SYSTEMPATH\Database\MySQLi\Connection.php on line 295.
 1 SYSTEMPATH\Database\MySQLi\Connection.php(295): mysqli->query('INSERT INTO `animal` (`Nome`, `Tipo`, `Raca`, `Idade`, `Situacao`, `Data_Adocao`, `CodCli`) VALUES(, \'Gato\', \'Siamês\',\'3 Anos\', \'\',\'2020-11-11\', \'1\')', 0)
 2 SYSTEMPATH\Database\BaseConnection.php(691): CodeIgniter\Database\MySQLi\Connection->execute('INSERT INTO `animal` (`Nome`, `Tipo`, `Raca`, `Idade`, `Situacao`, `Data_Adocao`, `CodCli`) VALUES(, \'Gato\', \'Siamês\',\'3 Anos\', \'\',\'2020-11-11\', \'1\')')
 3 SYSTEMPATH\Database\BaseConnection.php(605): CodeIgniter\Database\BaseConnection->simpleQuery('INSERT INTO `animal` (`Nome`, `Tipo`, `Raca`, `Idade`, `Situacao`, `Data_Adocao`, `CodCli`) VALUES(, \'Gato\', \'Siamês\',\'3 Anos\', \'\',\'2020-11-11\', \'1\')')
 4 APPPATH\Models\Banco_Query.php(16): CodeIgniter\Database\BaseConnection->query('INSERT INTO `animal` (`Nome`, `Tipo`, `Raca`, `Idade`, `Situacao`, `Data_Adocao`, `CodCli`) VALUES(, \'Gato\', \'Siamês\',\'3 Anos\', \'\',\'2020-11-11\', \'1\')')
 5 APPPATH\Controllers\Dados.php(30): App\Models\Banco_Query->cadastrarAnimal('Black', 'Gato', 'Siamês', '3 Anos', null, '2020-11-11', '1')
 6 SYSTEMPATH\CodeIgniter.php(934): App\Controllers\Dados->cadastrarAnimal2()
 7 SYSTEMPATH\CodeIgniter.php(499): CodeIgniter\CodeIgniter->runController(Object(App\Controllers\Dados))
 8 SYSTEMPATH\CodeIgniter.php(368): CodeIgniter\CodeIgniter->handleRequest(null, Object(Config\Cache), false)
 9 FCPATH\index.php(67): CodeIgniter\CodeIgniter->run()
ERROR - 2023-05-20 19:24:56 --> mysqli_sql_exception: You have an error in your SQL syntax; check the manual that corresponds to your MariaDB server version for the right syntax to use near ' 'Gato', 'Siamês','3 Anos', '','2020-11-11', '1')' at line 1 in C:\xampp\htdocs\ProjetoWeb\system\Database\MySQLi\Connection.php:295
Stack trace:
#0 C:\xampp\htdocs\ProjetoWeb\system\Database\MySQLi\Connection.php(295): mysqli->query('INSERT INTO `an...', 0)
#1 C:\xampp\htdocs\ProjetoWeb\system\Database\BaseConnection.php(691): CodeIgniter\Database\MySQLi\Connection->execute('INSERT INTO `an...')
#2 C:\xampp\htdocs\ProjetoWeb\system\Database\BaseConnection.php(605): CodeIgniter\Database\BaseConnection->simpleQuery('INSERT INTO `an...')
#3 C:\xampp\htdocs\ProjetoWeb\app\Models\Banco_Query.php(16): CodeIgniter\Database\BaseConnection->query('INSERT INTO `an...')
#4 C:\xampp\htdocs\ProjetoWeb\app\Controllers\Dados.php(30): App\Models\Banco_Query->cadastrarAnimal('Black', 'Gato', 'Siam\xC3\xAAs', '3 Anos', NULL, '2020-11-11', '1')
#5 C:\xampp\htdocs\ProjetoWeb\system\CodeIgniter.php(934): App\Controllers\Dados->cadastrarAnimal2()
#6 C:\xampp\htdocs\ProjetoWeb\system\CodeIgniter.php(499): CodeIgniter\CodeIgniter->runController(Object(App\Controllers\Dados))
#7 C:\xampp\htdocs\ProjetoWeb\system\CodeIgniter.php(368): CodeIgniter\CodeIgniter->handleRequest(NULL, Object(Config\Cache), false)
#8 C:\xampp\htdocs\ProjetoWeb\public\index.php(67): CodeIgniter\CodeIgniter->run()
#9 {main}
CRITICAL - 2023-05-20 19:24:56 --> You have an error in your SQL syntax; check the manual that corresponds to your MariaDB server version for the right syntax to use near ' 'Gato', 'Siamês','3 Anos', '','2020-11-11', '1')' at line 1
in SYSTEMPATH\Database\MySQLi\Connection.php on line 295.
 1 SYSTEMPATH\Database\MySQLi\Connection.php(295): mysqli->query('INSERT INTO `animal` (`Nome`, `Tipo`, `Raca`, `Idade`, `Situacao`, `Data_Adocao`, `CodCli`) VALUES(, \'Gato\', \'Siamês\',\'3 Anos\', \'\',\'2020-11-11\', \'1\')', 0)
 2 SYSTEMPATH\Database\BaseConnection.php(691): CodeIgniter\Database\MySQLi\Connection->execute('INSERT INTO `animal` (`Nome`, `Tipo`, `Raca`, `Idade`, `Situacao`, `Data_Adocao`, `CodCli`) VALUES(, \'Gato\', \'Siamês\',\'3 Anos\', \'\',\'2020-11-11\', \'1\')')
 3 SYSTEMPATH\Database\BaseConnection.php(605): CodeIgniter\Database\BaseConnection->simpleQuery('INSERT INTO `animal` (`Nome`, `Tipo`, `Raca`, `Idade`, `Situacao`, `Data_Adocao`, `CodCli`) VALUES(, \'Gato\', \'Siamês\',\'3 Anos\', \'\',\'2020-11-11\', \'1\')')
 4 APPPATH\Models\Banco_Query.php(16): CodeIgniter\Database\BaseConnection->query('INSERT INTO `animal` (`Nome`, `Tipo`, `Raca`, `Idade`, `Situacao`, `Data_Adocao`, `CodCli`) VALUES(, \'Gato\', \'Siamês\',\'3 Anos\', \'\',\'2020-11-11\', \'1\')')
 5 APPPATH\Controllers\Dados.php(30): App\Models\Banco_Query->cadastrarAnimal('Black', 'Gato', 'Siamês', '3 Anos', null, '2020-11-11', '1')
 6 SYSTEMPATH\CodeIgniter.php(934): App\Controllers\Dados->cadastrarAnimal2()
 7 SYSTEMPATH\CodeIgniter.php(499): CodeIgniter\CodeIgniter->runController(Object(App\Controllers\Dados))
 8 SYSTEMPATH\CodeIgniter.php(368): CodeIgniter\CodeIgniter->handleRequest(null, Object(Config\Cache), false)
 9 FCPATH\index.php(67): CodeIgniter\CodeIgniter->run()
ERROR - 2023-05-20 19:25:10 --> mysqli_sql_exception: Column count doesn't match value count at row 1 in C:\xampp\htdocs\ProjetoWeb\system\Database\MySQLi\Connection.php:295
Stack trace:
#0 C:\xampp\htdocs\ProjetoWeb\system\Database\MySQLi\Connection.php(295): mysqli->query('INSERT INTO `an...', 0)
#1 C:\xampp\htdocs\ProjetoWeb\system\Database\BaseConnection.php(691): CodeIgniter\Database\MySQLi\Connection->execute('INSERT INTO `an...')
#2 C:\xampp\htdocs\ProjetoWeb\system\Database\BaseConnection.php(605): CodeIgniter\Database\BaseConnection->simpleQuery('INSERT INTO `an...')
#3 C:\xampp\htdocs\ProjetoWeb\app\Models\Banco_Query.php(16): CodeIgniter\Database\BaseConnection->query('INSERT INTO `an...')
#4 C:\xampp\htdocs\ProjetoWeb\app\Controllers\Dados.php(30): App\Models\Banco_Query->cadastrarAnimal('Black', 'Gato', 'Siam\xC3\xAAs', '3 Anos', NULL, '2020-11-11', '1')
#5 C:\xampp\htdocs\ProjetoWeb\system\CodeIgniter.php(934): App\Controllers\Dados->cadastrarAnimal2()
#6 C:\xampp\htdocs\ProjetoWeb\system\CodeIgniter.php(499): CodeIgniter\CodeIgniter->runController(Object(App\Controllers\Dados))
#7 C:\xampp\htdocs\ProjetoWeb\system\CodeIgniter.php(368): CodeIgniter\CodeIgniter->handleRequest(NULL, Object(Config\Cache), false)
#8 C:\xampp\htdocs\ProjetoWeb\public\index.php(67): CodeIgniter\CodeIgniter->run()
#9 {main}
CRITICAL - 2023-05-20 19:25:10 --> Column count doesn't match value count at row 1
in SYSTEMPATH\Database\MySQLi\Connection.php on line 295.
 1 SYSTEMPATH\Database\MySQLi\Connection.php(295): mysqli->query('INSERT INTO `animal` (`Nome`, `Tipo`, `Raca`, `Idade`, `Situacao`, `Data_Adocao`, `CodCli`) VALUES(\'3 Anos\', \'\',\'2020-11-11\', \'1\')', 0)
 2 SYSTEMPATH\Database\BaseConnection.php(691): CodeIgniter\Database\MySQLi\Connection->execute('INSERT INTO `animal` (`Nome`, `Tipo`, `Raca`, `Idade`, `Situacao`, `Data_Adocao`, `CodCli`) VALUES(\'3 Anos\', \'\',\'2020-11-11\', \'1\')')
 3 SYSTEMPATH\Database\BaseConnection.php(605): CodeIgniter\Database\BaseConnection->simpleQuery('INSERT INTO `animal` (`Nome`, `Tipo`, `Raca`, `Idade`, `Situacao`, `Data_Adocao`, `CodCli`) VALUES(\'3 Anos\', \'\',\'2020-11-11\', \'1\')')
 4 APPPATH\Models\Banco_Query.php(16): CodeIgniter\Database\BaseConnection->query('INSERT INTO `animal` (`Nome`, `Tipo`, `Raca`, `Idade`, `Situacao`, `Data_Adocao`, `CodCli`) VALUES(\'3 Anos\', \'\',\'2020-11-11\', \'1\')')
 5 APPPATH\Controllers\Dados.php(30): App\Models\Banco_Query->cadastrarAnimal('Black', 'Gato', 'Siamês', '3 Anos', null, '2020-11-11', '1')
 6 SYSTEMPATH\CodeIgniter.php(934): App\Controllers\Dados->cadastrarAnimal2()
 7 SYSTEMPATH\CodeIgniter.php(499): CodeIgniter\CodeIgniter->runController(Object(App\Controllers\Dados))
 8 SYSTEMPATH\CodeIgniter.php(368): CodeIgniter\CodeIgniter->handleRequest(null, Object(Config\Cache), false)
 9 FCPATH\index.php(67): CodeIgniter\CodeIgniter->run()
CRITICAL - 2023-05-20 20:04:24 --> Undefined constant "App\Controllers\this"
in APPPATH\Controllers\Dados.php on line 67.
 1 SYSTEMPATH\CodeIgniter.php(934): App\Controllers\Dados->loginCli2()
 2 SYSTEMPATH\CodeIgniter.php(499): CodeIgniter\CodeIgniter->runController(Object(App\Controllers\Dados))
 3 SYSTEMPATH\CodeIgniter.php(368): CodeIgniter\CodeIgniter->handleRequest(null, Object(Config\Cache), false)
 4 FCPATH\index.php(67): CodeIgniter\CodeIgniter->run()
CRITICAL - 2023-05-20 20:13:11 --> Too few arguments to function App\Models\Login_Query::consultaEmailSenhaCli(), 1 passed in C:\xampp\htdocs\ProjetoWeb\app\Controllers\Dados.php on line 65 and exactly 2 expected
in APPPATH\Models\Login_Query.php on line 20.
 1 APPPATH\Controllers\Dados.php(65): App\Models\Login_Query->consultaEmailSenhaCli('Cezar Vinicius')
 2 SYSTEMPATH\CodeIgniter.php(934): App\Controllers\Dados->loginCli2()
 3 SYSTEMPATH\CodeIgniter.php(499): CodeIgniter\CodeIgniter->runController(Object(App\Controllers\Dados))
 4 SYSTEMPATH\CodeIgniter.php(368): CodeIgniter\CodeIgniter->handleRequest(null, Object(Config\Cache), false)
 5 FCPATH\index.php(67): CodeIgniter\CodeIgniter->run()
CRITICAL - 2023-05-20 20:46:01 --> Object of class mysqli_result could not be converted to string
in APPPATH\Models\Banco_Query.php on line 17.
 1 APPPATH\Controllers\Dados.php(30): App\Models\Banco_Query->cadastrarAnimal('Jack', 'Gato', 'Siamês', '2 Anos', null, '2019-11-11', Object(mysqli_result))
 2 SYSTEMPATH\CodeIgniter.php(934): App\Controllers\Dados->cadastrarAnimal2()
 3 SYSTEMPATH\CodeIgniter.php(499): CodeIgniter\CodeIgniter->runController(Object(App\Controllers\Dados))
 4 SYSTEMPATH\CodeIgniter.php(368): CodeIgniter\CodeIgniter->handleRequest(null, Object(Config\Cache), false)
 5 FCPATH\index.php(67): CodeIgniter\CodeIgniter->run()
CRITICAL - 2023-05-20 20:48:22 --> Object of class mysqli_result could not be converted to string
in APPPATH\Controllers\Dados.php on line 30.
 1 SYSTEMPATH\CodeIgniter.php(934): App\Controllers\Dados->cadastrarAnimal2()
 2 SYSTEMPATH\CodeIgniter.php(499): CodeIgniter\CodeIgniter->runController(Object(App\Controllers\Dados))
 3 SYSTEMPATH\CodeIgniter.php(368): CodeIgniter\CodeIgniter->handleRequest(null, Object(Config\Cache), false)
 4 FCPATH\index.php(67): CodeIgniter\CodeIgniter->run()
CRITICAL - 2023-05-20 20:48:37 --> Object of class mysqli_result could not be converted to string
in APPPATH\Controllers\Dados.php on line 30.
 1 SYSTEMPATH\CodeIgniter.php(934): App\Controllers\Dados->cadastrarAnimal2()
 2 SYSTEMPATH\CodeIgniter.php(499): CodeIgniter\CodeIgniter->runController(Object(App\Controllers\Dados))
 3 SYSTEMPATH\CodeIgniter.php(368): CodeIgniter\CodeIgniter->handleRequest(null, Object(Config\Cache), false)
 4 FCPATH\index.php(67): CodeIgniter\CodeIgniter->run()
CRITICAL - 2023-05-20 20:49:56 --> Undefined variable $IDCli
in APPPATH\Controllers\Dados.php on line 30.
 1 APPPATH\Controllers\Dados.php(30): CodeIgniter\Debug\Exceptions->errorHandler(2, 'Undefined variable $IDCli', 'C:\\xampp\\htdocs\\ProjetoWeb\\app\\Controllers\\Dados.php', 30)
 2 SYSTEMPATH\CodeIgniter.php(934): App\Controllers\Dados->cadastrarAnimal2()
 3 SYSTEMPATH\CodeIgniter.php(499): CodeIgniter\CodeIgniter->runController(Object(App\Controllers\Dados))
 4 SYSTEMPATH\CodeIgniter.php(368): CodeIgniter\CodeIgniter->handleRequest(null, Object(Config\Cache), false)
 5 FCPATH\index.php(67): CodeIgniter\CodeIgniter->run()
CRITICAL - 2023-05-20 20:59:00 --> Too few arguments to function App\Models\Banco_Query::cadastrarAnimal(), 6 passed in C:\xampp\htdocs\ProjetoWeb\app\Controllers\Dados.php on line 33 and exactly 7 expected
in APPPATH\Models\Banco_Query.php on line 15.
 1 APPPATH\Controllers\Dados.php(33): App\Models\Banco_Query->cadastrarAnimal('Jack', 'Gato', 'Siamês', '2 Anos', null, '1111-11-11')
 2 SYSTEMPATH\CodeIgniter.php(934): App\Controllers\Dados->cadastrarAnimal2()
 3 SYSTEMPATH\CodeIgniter.php(499): CodeIgniter\CodeIgniter->runController(Object(App\Controllers\Dados))
 4 SYSTEMPATH\CodeIgniter.php(368): CodeIgniter\CodeIgniter->handleRequest(null, Object(Config\Cache), false)
 5 FCPATH\index.php(67): CodeIgniter\CodeIgniter->run()
