CRITICAL - 2023-06-26 00:17:20 --> syntax error, unexpected token "<<", expecting "function" or "const"
in APPPATH\Controllers\Dados.php on line 590.
 1 SYSTEMPATH\Autoloader\Autoloader.php(289): CodeIgniter\Autoloader\Autoloader->includeFile('C:\\xampp\\htdocs\\ProjetoWeb\\app\\Controllers\\Dados.php')
 2 SYSTEMPATH\Autoloader\Autoloader.php(267): CodeIgniter\Autoloader\Autoloader->loadInNamespace('App\\Controllers\\Dados')
 3 [internal function]: CodeIgniter\Autoloader\Autoloader->loadClass('App\\Controllers\\Dados')
 4 SYSTEMPATH\CodeIgniter.php(892): class_exists('\\App\\Controllers\\Dados', true)
 5 SYSTEMPATH\CodeIgniter.php(486): CodeIgniter\CodeIgniter->startController()
 6 SYSTEMPATH\CodeIgniter.php(368): CodeIgniter\CodeIgniter->handleRequest(null, Object(Config\Cache), false)
 7 FCPATH\index.php(67): CodeIgniter\CodeIgniter->run()
CRITICAL - 2023-06-26 00:17:30 --> syntax error, unexpected token "<<", expecting "function" or "const"
in APPPATH\Controllers\Dados.php on line 590.
 1 SYSTEMPATH\Autoloader\Autoloader.php(289): CodeIgniter\Autoloader\Autoloader->includeFile('C:\\xampp\\htdocs\\ProjetoWeb\\app\\Controllers\\Dados.php')
 2 SYSTEMPATH\Autoloader\Autoloader.php(267): CodeIgniter\Autoloader\Autoloader->loadInNamespace('App\\Controllers\\Dados')
 3 [internal function]: CodeIgniter\Autoloader\Autoloader->loadClass('App\\Controllers\\Dados')
 4 SYSTEMPATH\CodeIgniter.php(892): class_exists('\\App\\Controllers\\Dados', true)
 5 SYSTEMPATH\CodeIgniter.php(486): CodeIgniter\CodeIgniter->startController()
 6 SYSTEMPATH\CodeIgniter.php(368): CodeIgniter\CodeIgniter->handleRequest(null, Object(Config\Cache), false)
 7 FCPATH\index.php(67): CodeIgniter\CodeIgniter->run()
CRITICAL - 2023-06-26 00:17:34 --> syntax error, unexpected token "<<", expecting "function" or "const"
in APPPATH\Controllers\Dados.php on line 590.
 1 SYSTEMPATH\Autoloader\Autoloader.php(289): CodeIgniter\Autoloader\Autoloader->includeFile('C:\\xampp\\htdocs\\ProjetoWeb\\app\\Controllers\\Dados.php')
 2 SYSTEMPATH\Autoloader\Autoloader.php(267): CodeIgniter\Autoloader\Autoloader->loadInNamespace('App\\Controllers\\Dados')
 3 [internal function]: CodeIgniter\Autoloader\Autoloader->loadClass('App\\Controllers\\Dados')
 4 SYSTEMPATH\CodeIgniter.php(892): class_exists('\\App\\Controllers\\Dados', true)
 5 SYSTEMPATH\CodeIgniter.php(486): CodeIgniter\CodeIgniter->startController()
 6 SYSTEMPATH\CodeIgniter.php(368): CodeIgniter\CodeIgniter->handleRequest(null, Object(Config\Cache), false)
 7 FCPATH\index.php(67): CodeIgniter\CodeIgniter->run()
CRITICAL - 2023-06-26 00:17:34 --> syntax error, unexpected token "<<", expecting "function" or "const"
in APPPATH\Controllers\Dados.php on line 590.
 1 SYSTEMPATH\Autoloader\Autoloader.php(289): CodeIgniter\Autoloader\Autoloader->includeFile('C:\\xampp\\htdocs\\ProjetoWeb\\app\\Controllers\\Dados.php')
 2 SYSTEMPATH\Autoloader\Autoloader.php(267): CodeIgniter\Autoloader\Autoloader->loadInNamespace('App\\Controllers\\Dados')
 3 [internal function]: CodeIgniter\Autoloader\Autoloader->loadClass('App\\Controllers\\Dados')
 4 SYSTEMPATH\CodeIgniter.php(892): class_exists('\\App\\Controllers\\Dados', true)
 5 SYSTEMPATH\CodeIgniter.php(486): CodeIgniter\CodeIgniter->startController()
 6 SYSTEMPATH\CodeIgniter.php(368): CodeIgniter\CodeIgniter->handleRequest(null, Object(Config\Cache), false)
 7 FCPATH\index.php(67): CodeIgniter\CodeIgniter->run()
CRITICAL - 2023-06-26 00:17:34 --> syntax error, unexpected token "<<", expecting "function" or "const"
in APPPATH\Controllers\Dados.php on line 590.
 1 SYSTEMPATH\Autoloader\Autoloader.php(289): CodeIgniter\Autoloader\Autoloader->includeFile('C:\\xampp\\htdocs\\ProjetoWeb\\app\\Controllers\\Dados.php')
 2 SYSTEMPATH\Autoloader\Autoloader.php(267): CodeIgniter\Autoloader\Autoloader->loadInNamespace('App\\Controllers\\Dados')
 3 [internal function]: CodeIgniter\Autoloader\Autoloader->loadClass('App\\Controllers\\Dados')
 4 SYSTEMPATH\CodeIgniter.php(892): class_exists('\\App\\Controllers\\Dados', true)
 5 SYSTEMPATH\CodeIgniter.php(486): CodeIgniter\CodeIgniter->startController()
 6 SYSTEMPATH\CodeIgniter.php(368): CodeIgniter\CodeIgniter->handleRequest(null, Object(Config\Cache), false)
 7 FCPATH\index.php(67): CodeIgniter\CodeIgniter->run()
INFO - 2023-06-26 00:17:36 --> Session: Class initialized using 'CodeIgniter\Session\Handlers\FileHandler' driver.
CRITICAL - 2023-06-26 00:17:36 --> syntax error, unexpected token "<<", expecting "function" or "const"
in APPPATH\Controllers\Dados.php on line 590.
 1 SYSTEMPATH\Autoloader\Autoloader.php(289): CodeIgniter\Autoloader\Autoloader->includeFile('C:\\xampp\\htdocs\\ProjetoWeb\\app\\Controllers\\Dados.php')
 2 SYSTEMPATH\Autoloader\Autoloader.php(267): CodeIgniter\Autoloader\Autoloader->loadInNamespace('App\\Controllers\\Dados')
 3 [internal function]: CodeIgniter\Autoloader\Autoloader->loadClass('App\\Controllers\\Dados')
 4 SYSTEMPATH\CodeIgniter.php(892): class_exists('\\App\\Controllers\\Dados', true)
 5 SYSTEMPATH\CodeIgniter.php(486): CodeIgniter\CodeIgniter->startController()
 6 SYSTEMPATH\CodeIgniter.php(368): CodeIgniter\CodeIgniter->handleRequest(null, Object(Config\Cache), false)
 7 FCPATH\index.php(67): CodeIgniter\CodeIgniter->run()
INFO - 2023-06-26 00:17:38 --> Session: Class initialized using 'CodeIgniter\Session\Handlers\FileHandler' driver.
CRITICAL - 2023-06-26 00:17:41 --> syntax error, unexpected token "<<", expecting "function" or "const"
in APPPATH\Controllers\Dados.php on line 590.
 1 SYSTEMPATH\Autoloader\Autoloader.php(289): CodeIgniter\Autoloader\Autoloader->includeFile('C:\\xampp\\htdocs\\ProjetoWeb\\app\\Controllers\\Dados.php')
 2 SYSTEMPATH\Autoloader\Autoloader.php(267): CodeIgniter\Autoloader\Autoloader->loadInNamespace('App\\Controllers\\Dados')
 3 [internal function]: CodeIgniter\Autoloader\Autoloader->loadClass('App\\Controllers\\Dados')
 4 SYSTEMPATH\CodeIgniter.php(892): class_exists('\\App\\Controllers\\Dados', true)
 5 SYSTEMPATH\CodeIgniter.php(486): CodeIgniter\CodeIgniter->startController()
 6 SYSTEMPATH\CodeIgniter.php(368): CodeIgniter\CodeIgniter->handleRequest(null, Object(Config\Cache), false)
 7 FCPATH\index.php(67): CodeIgniter\CodeIgniter->run()
INFO - 2023-06-26 00:18:05 --> Session: Class initialized using 'CodeIgniter\Session\Handlers\FileHandler' driver.
CRITICAL - 2023-06-26 00:18:06 --> syntax error, unexpected token "<<", expecting "function" or "const"
in APPPATH\Controllers\Dados.php on line 590.
 1 SYSTEMPATH\Autoloader\Autoloader.php(289): CodeIgniter\Autoloader\Autoloader->includeFile('C:\\xampp\\htdocs\\ProjetoWeb\\app\\Controllers\\Dados.php')
 2 SYSTEMPATH\Autoloader\Autoloader.php(267): CodeIgniter\Autoloader\Autoloader->loadInNamespace('App\\Controllers\\Dados')
 3 [internal function]: CodeIgniter\Autoloader\Autoloader->loadClass('App\\Controllers\\Dados')
 4 SYSTEMPATH\CodeIgniter.php(892): class_exists('\\App\\Controllers\\Dados', true)
 5 SYSTEMPATH\CodeIgniter.php(486): CodeIgniter\CodeIgniter->startController()
 6 SYSTEMPATH\CodeIgniter.php(368): CodeIgniter\CodeIgniter->handleRequest(null, Object(Config\Cache), false)
 7 FCPATH\index.php(67): CodeIgniter\CodeIgniter->run()
INFO - 2023-06-26 00:25:51 --> Session: Class initialized using 'CodeIgniter\Session\Handlers\FileHandler' driver.
INFO - 2023-06-26 00:25:51 --> Session: Class initialized using 'CodeIgniter\Session\Handlers\FileHandler' driver.
CRITICAL - 2023-06-26 00:37:43 --> Undefined variable $CodUsuario
in APPPATH\Views\AlterarUsuario_View.php on line 140.
 1 APPPATH\Views\AlterarUsuario_View.php(140): CodeIgniter\Debug\Exceptions->errorHandler(2, 'Undefined variable $CodUsuario', 'C:\\xampp\\htdocs\\ProjetoWeb\\app\\Views\\AlterarUsuario_View.php', 140)
 2 SYSTEMPATH\View\View.php(213): include('C:\\xampp\\htdocs\\ProjetoWeb\\app\\Views\\AlterarUsuario_View.php')
 3 SYSTEMPATH\View\View.php(216): CodeIgniter\View\View->CodeIgniter\View\{closure}()
 4 SYSTEMPATH\Common.php(1184): CodeIgniter\View\View->render('AlterarUsuario_View', [], true)
 5 APPPATH\Controllers\Dados.php(482): view('AlterarUsuario_View', [...])
 6 SYSTEMPATH\CodeIgniter.php(934): App\Controllers\Dados->alterarUsuario('1')
 7 SYSTEMPATH\CodeIgniter.php(499): CodeIgniter\CodeIgniter->runController(Object(App\Controllers\Dados))
 8 SYSTEMPATH\CodeIgniter.php(368): CodeIgniter\CodeIgniter->handleRequest(null, Object(Config\Cache), false)
 9 FCPATH\index.php(67): CodeIgniter\CodeIgniter->run()
CRITICAL - 2023-06-26 00:38:09 --> Undefined variable $CodU
in APPPATH\Views\AlterarUsuario_View.php on line 140.
 1 APPPATH\Views\AlterarUsuario_View.php(140): CodeIgniter\Debug\Exceptions->errorHandler(2, 'Undefined variable $CodU', 'C:\\xampp\\htdocs\\ProjetoWeb\\app\\Views\\AlterarUsuario_View.php', 140)
 2 SYSTEMPATH\View\View.php(213): include('C:\\xampp\\htdocs\\ProjetoWeb\\app\\Views\\AlterarUsuario_View.php')
 3 SYSTEMPATH\View\View.php(216): CodeIgniter\View\View->CodeIgniter\View\{closure}()
 4 SYSTEMPATH\Common.php(1184): CodeIgniter\View\View->render('AlterarUsuario_View', [], true)
 5 APPPATH\Controllers\Dados.php(482): view('AlterarUsuario_View', [...])
 6 SYSTEMPATH\CodeIgniter.php(934): App\Controllers\Dados->alterarUsuario('1')
 7 SYSTEMPATH\CodeIgniter.php(499): CodeIgniter\CodeIgniter->runController(Object(App\Controllers\Dados))
 8 SYSTEMPATH\CodeIgniter.php(368): CodeIgniter\CodeIgniter->handleRequest(null, Object(Config\Cache), false)
 9 FCPATH\index.php(67): CodeIgniter\CodeIgniter->run()
CRITICAL - 2023-06-26 00:38:33 --> Undefined variable $CodUsuario
in APPPATH\Views\AlterarUsuario_View.php on line 140.
 1 APPPATH\Views\AlterarUsuario_View.php(140): CodeIgniter\Debug\Exceptions->errorHandler(2, 'Undefined variable $CodUsuario', 'C:\\xampp\\htdocs\\ProjetoWeb\\app\\Views\\AlterarUsuario_View.php', 140)
 2 SYSTEMPATH\View\View.php(213): include('C:\\xampp\\htdocs\\ProjetoWeb\\app\\Views\\AlterarUsuario_View.php')
 3 SYSTEMPATH\View\View.php(216): CodeIgniter\View\View->CodeIgniter\View\{closure}()
 4 SYSTEMPATH\Common.php(1184): CodeIgniter\View\View->render('AlterarUsuario_View', [], true)
 5 APPPATH\Controllers\Dados.php(482): view('AlterarUsuario_View', [...])
 6 SYSTEMPATH\CodeIgniter.php(934): App\Controllers\Dados->alterarUsuario('1')
 7 SYSTEMPATH\CodeIgniter.php(499): CodeIgniter\CodeIgniter->runController(Object(App\Controllers\Dados))
 8 SYSTEMPATH\CodeIgniter.php(368): CodeIgniter\CodeIgniter->handleRequest(null, Object(Config\Cache), false)
 9 FCPATH\index.php(67): CodeIgniter\CodeIgniter->run()
CRITICAL - 2023-06-26 00:40:27 --> Undefined variable $CodUsuario
in APPPATH\Views\AlterarUsuario_View.php on line 140.
 1 APPPATH\Views\AlterarUsuario_View.php(140): CodeIgniter\Debug\Exceptions->errorHandler(2, 'Undefined variable $CodUsuario', 'C:\\xampp\\htdocs\\ProjetoWeb\\app\\Views\\AlterarUsuario_View.php', 140)
 2 SYSTEMPATH\View\View.php(213): include('C:\\xampp\\htdocs\\ProjetoWeb\\app\\Views\\AlterarUsuario_View.php')
 3 SYSTEMPATH\View\View.php(216): CodeIgniter\View\View->CodeIgniter\View\{closure}()
 4 SYSTEMPATH\Common.php(1184): CodeIgniter\View\View->render('AlterarUsuario_View', [], true)
 5 APPPATH\Controllers\Dados.php(482): view('AlterarUsuario_View', [...])
 6 SYSTEMPATH\CodeIgniter.php(934): App\Controllers\Dados->alterarUsuario('1')
 7 SYSTEMPATH\CodeIgniter.php(499): CodeIgniter\CodeIgniter->runController(Object(App\Controllers\Dados))
 8 SYSTEMPATH\CodeIgniter.php(368): CodeIgniter\CodeIgniter->handleRequest(null, Object(Config\Cache), false)
 9 FCPATH\index.php(67): CodeIgniter\CodeIgniter->run()
CRITICAL - 2023-06-26 00:41:14 --> Undefined variable $CodUsuario
in APPPATH\Views\AlterarUsuario_View.php on line 140.
 1 APPPATH\Views\AlterarUsuario_View.php(140): CodeIgniter\Debug\Exceptions->errorHandler(2, 'Undefined variable $CodUsuario', 'C:\\xampp\\htdocs\\ProjetoWeb\\app\\Views\\AlterarUsuario_View.php', 140)
 2 SYSTEMPATH\View\View.php(213): include('C:\\xampp\\htdocs\\ProjetoWeb\\app\\Views\\AlterarUsuario_View.php')
 3 SYSTEMPATH\View\View.php(216): CodeIgniter\View\View->CodeIgniter\View\{closure}()
 4 SYSTEMPATH\Common.php(1184): CodeIgniter\View\View->render('AlterarUsuario_View', [], true)
 5 APPPATH\Controllers\Dados.php(482): view('AlterarUsuario_View', [...])
 6 SYSTEMPATH\CodeIgniter.php(934): App\Controllers\Dados->alterarUsuario('2')
 7 SYSTEMPATH\CodeIgniter.php(499): CodeIgniter\CodeIgniter->runController(Object(App\Controllers\Dados))
 8 SYSTEMPATH\CodeIgniter.php(368): CodeIgniter\CodeIgniter->handleRequest(null, Object(Config\Cache), false)
 9 FCPATH\index.php(67): CodeIgniter\CodeIgniter->run()
CRITICAL - 2023-06-26 00:41:20 --> Undefined variable $CodUsuario
in APPPATH\Views\AlterarUsuario_View.php on line 140.
 1 APPPATH\Views\AlterarUsuario_View.php(140): CodeIgniter\Debug\Exceptions->errorHandler(2, 'Undefined variable $CodUsuario', 'C:\\xampp\\htdocs\\ProjetoWeb\\app\\Views\\AlterarUsuario_View.php', 140)
 2 SYSTEMPATH\View\View.php(213): include('C:\\xampp\\htdocs\\ProjetoWeb\\app\\Views\\AlterarUsuario_View.php')
 3 SYSTEMPATH\View\View.php(216): CodeIgniter\View\View->CodeIgniter\View\{closure}()
 4 SYSTEMPATH\Common.php(1184): CodeIgniter\View\View->render('AlterarUsuario_View', [], true)
 5 APPPATH\Controllers\Dados.php(482): view('AlterarUsuario_View', [...])
 6 SYSTEMPATH\CodeIgniter.php(934): App\Controllers\Dados->alterarUsuario('4')
 7 SYSTEMPATH\CodeIgniter.php(499): CodeIgniter\CodeIgniter->runController(Object(App\Controllers\Dados))
 8 SYSTEMPATH\CodeIgniter.php(368): CodeIgniter\CodeIgniter->handleRequest(null, Object(Config\Cache), false)
 9 FCPATH\index.php(67): CodeIgniter\CodeIgniter->run()
CRITICAL - 2023-06-26 00:41:23 --> Undefined variable $CodUsuario
in APPPATH\Views\AlterarUsuario_View.php on line 140.
 1 APPPATH\Views\AlterarUsuario_View.php(140): CodeIgniter\Debug\Exceptions->errorHandler(2, 'Undefined variable $CodUsuario', 'C:\\xampp\\htdocs\\ProjetoWeb\\app\\Views\\AlterarUsuario_View.php', 140)
 2 SYSTEMPATH\View\View.php(213): include('C:\\xampp\\htdocs\\ProjetoWeb\\app\\Views\\AlterarUsuario_View.php')
 3 SYSTEMPATH\View\View.php(216): CodeIgniter\View\View->CodeIgniter\View\{closure}()
 4 SYSTEMPATH\Common.php(1184): CodeIgniter\View\View->render('AlterarUsuario_View', [], true)
 5 APPPATH\Controllers\Dados.php(482): view('AlterarUsuario_View', [...])
 6 SYSTEMPATH\CodeIgniter.php(934): App\Controllers\Dados->alterarUsuario('7')
 7 SYSTEMPATH\CodeIgniter.php(499): CodeIgniter\CodeIgniter->runController(Object(App\Controllers\Dados))
 8 SYSTEMPATH\CodeIgniter.php(368): CodeIgniter\CodeIgniter->handleRequest(null, Object(Config\Cache), false)
 9 FCPATH\index.php(67): CodeIgniter\CodeIgniter->run()
CRITICAL - 2023-06-26 00:43:05 --> Undefined variable $CodUsuario
in APPPATH\Views\AlterarUsuario_View.php on line 140.
 1 APPPATH\Views\AlterarUsuario_View.php(140): CodeIgniter\Debug\Exceptions->errorHandler(2, 'Undefined variable $CodUsuario', 'C:\\xampp\\htdocs\\ProjetoWeb\\app\\Views\\AlterarUsuario_View.php', 140)
 2 SYSTEMPATH\View\View.php(213): include('C:\\xampp\\htdocs\\ProjetoWeb\\app\\Views\\AlterarUsuario_View.php')
 3 SYSTEMPATH\View\View.php(216): CodeIgniter\View\View->CodeIgniter\View\{closure}()
 4 SYSTEMPATH\Common.php(1184): CodeIgniter\View\View->render('AlterarUsuario_View', [], true)
 5 APPPATH\Controllers\Dados.php(482): view('AlterarUsuario_View', [...])
 6 SYSTEMPATH\CodeIgniter.php(934): App\Controllers\Dados->alterarUsuario('1')
 7 SYSTEMPATH\CodeIgniter.php(499): CodeIgniter\CodeIgniter->runController(Object(App\Controllers\Dados))
 8 SYSTEMPATH\CodeIgniter.php(368): CodeIgniter\CodeIgniter->handleRequest(null, Object(Config\Cache), false)
 9 FCPATH\index.php(67): CodeIgniter\CodeIgniter->run()
INFO - 2023-06-26 00:48:47 --> Session: Class initialized using 'CodeIgniter\Session\Handlers\FileHandler' driver.
INFO - 2023-06-26 00:50:59 --> Session: Class initialized using 'CodeIgniter\Session\Handlers\FileHandler' driver.
INFO - 2023-06-26 00:51:17 --> Session: Class initialized using 'CodeIgniter\Session\Handlers\FileHandler' driver.
INFO - 2023-06-26 00:51:19 --> Session: Class initialized using 'CodeIgniter\Session\Handlers\FileHandler' driver.
INFO - 2023-06-26 00:59:31 --> Session: Class initialized using 'CodeIgniter\Session\Handlers\FileHandler' driver.
INFO - 2023-06-26 00:59:33 --> Session: Class initialized using 'CodeIgniter\Session\Handlers\FileHandler' driver.
INFO - 2023-06-26 00:59:36 --> Session: Class initialized using 'CodeIgniter\Session\Handlers\FileHandler' driver.
INFO - 2023-06-26 00:59:45 --> Session: Class initialized using 'CodeIgniter\Session\Handlers\FileHandler' driver.
INFO - 2023-06-26 00:59:45 --> Session: Class initialized using 'CodeIgniter\Session\Handlers\FileHandler' driver.
INFO - 2023-06-26 01:04:39 --> Session: Class initialized using 'CodeIgniter\Session\Handlers\FileHandler' driver.
INFO - 2023-06-26 01:04:49 --> Session: Class initialized using 'CodeIgniter\Session\Handlers\FileHandler' driver.
INFO - 2023-06-26 01:04:51 --> Session: Class initialized using 'CodeIgniter\Session\Handlers\FileHandler' driver.
INFO - 2023-06-26 01:05:27 --> Session: Class initialized using 'CodeIgniter\Session\Handlers\FileHandler' driver.
INFO - 2023-06-26 01:05:36 --> Session: Class initialized using 'CodeIgniter\Session\Handlers\FileHandler' driver.
INFO - 2023-06-26 01:05:42 --> Session: Class initialized using 'CodeIgniter\Session\Handlers\FileHandler' driver.
INFO - 2023-06-26 01:06:27 --> Session: Class initialized using 'CodeIgniter\Session\Handlers\FileHandler' driver.
INFO - 2023-06-26 01:07:26 --> Session: Class initialized using 'CodeIgniter\Session\Handlers\FileHandler' driver.
INFO - 2023-06-26 01:07:29 --> Session: Class initialized using 'CodeIgniter\Session\Handlers\FileHandler' driver.
CRITICAL - 2023-06-26 01:21:15 --> Class "SelectOptions" not found
in APPPATH\Views\AlterarUsuario_View.php on line 67.
 1 SYSTEMPATH\View\View.php(213): include()
 2 SYSTEMPATH\View\View.php(216): CodeIgniter\View\View->CodeIgniter\View\{closure}()
 3 SYSTEMPATH\Common.php(1184): CodeIgniter\View\View->render('AlterarUsuario_View', [], true)
 4 APPPATH\Controllers\Dados.php(482): view('AlterarUsuario_View', [...])
 5 SYSTEMPATH\CodeIgniter.php(934): App\Controllers\Dados->alterarUsuario('4')
 6 SYSTEMPATH\CodeIgniter.php(499): CodeIgniter\CodeIgniter->runController(Object(App\Controllers\Dados))
 7 SYSTEMPATH\CodeIgniter.php(368): CodeIgniter\CodeIgniter->handleRequest(null, Object(Config\Cache), false)
 8 FCPATH\index.php(67): CodeIgniter\CodeIgniter->run()
