WARNING - 2023-06-01 00:01:41 --> [DEPRECATED] password_verify(): Passing null to parameter #2 ($hash) of type string is deprecated in APPPATH\Controllers\Dados.php on line 64.
 1 APPPATH\Controllers\Dados.php(64): password_verify(Object(SensitiveParameterValue), null)
 2 SYSTEMPATH\CodeIgniter.php(934): App\Controllers\Dados->loginCli2()
 3 SYSTEMPATH\CodeIgniter.php(499): CodeIgniter\CodeIgniter->runController(Object(App\Controllers\Dados))
 4 SYSTEMPATH\CodeIgniter.php(368): CodeIgniter\CodeIgniter->handleRequest(null, Object(Config\Cache), false)
 5 FCPATH\index.php(67): CodeIgniter\CodeIgniter->run()
WARNING - 2023-06-01 00:01:50 --> [DEPRECATED] password_verify(): Passing null to parameter #2 ($hash) of type string is deprecated in APPPATH\Controllers\Dados.php on line 64.
 1 APPPATH\Controllers\Dados.php(64): password_verify(Object(SensitiveParameterValue), null)
 2 SYSTEMPATH\CodeIgniter.php(934): App\Controllers\Dados->loginCli2()
 3 SYSTEMPATH\CodeIgniter.php(499): CodeIgniter\CodeIgniter->runController(Object(App\Controllers\Dados))
 4 SYSTEMPATH\CodeIgniter.php(368): CodeIgniter\CodeIgniter->handleRequest(null, Object(Config\Cache), false)
 5 FCPATH\index.php(67): CodeIgniter\CodeIgniter->run()
CRITICAL - 2023-06-01 00:14:43 --> Undefined variable $Usuario
in APPPATH\Views\Home_View.php on line 47.
 1 APPPATH\Views\Home_View.php(47): CodeIgniter\Debug\Exceptions->errorHandler(2, 'Undefined variable $Usuario', 'C:\\xampp\\htdocs\\ProjetoWeb\\app\\Views\\Home_View.php', 47)
 2 SYSTEMPATH\View\View.php(213): include('C:\\xampp\\htdocs\\ProjetoWeb\\app\\Views\\Home_View.php')
 3 SYSTEMPATH\View\View.php(216): CodeIgniter\View\View->CodeIgniter\View\{closure}()
 4 SYSTEMPATH\Common.php(1184): CodeIgniter\View\View->render('Home_View', [], true)
 5 APPPATH\Controllers\Home.php(9): view('Home_View')
 6 SYSTEMPATH\CodeIgniter.php(934): App\Controllers\Home->index()
 7 SYSTEMPATH\CodeIgniter.php(499): CodeIgniter\CodeIgniter->runController(Object(App\Controllers\Home))
 8 SYSTEMPATH\CodeIgniter.php(368): CodeIgniter\CodeIgniter->handleRequest(null, Object(Config\Cache), false)
 9 FCPATH\index.php(67): CodeIgniter\CodeIgniter->run()
CRITICAL - 2023-06-01 00:15:30 --> Undefined variable $mysqli
in APPPATH\Views\Home_View.php on line 48.
 1 APPPATH\Views\Home_View.php(48): CodeIgniter\Debug\Exceptions->errorHandler(2, 'Undefined variable $mysqli', 'C:\\xampp\\htdocs\\ProjetoWeb\\app\\Views\\Home_View.php', 48)
 2 SYSTEMPATH\View\View.php(213): include('C:\\xampp\\htdocs\\ProjetoWeb\\app\\Views\\Home_View.php')
 3 SYSTEMPATH\View\View.php(216): CodeIgniter\View\View->CodeIgniter\View\{closure}()
 4 SYSTEMPATH\Common.php(1184): CodeIgniter\View\View->render('Home_View', [], true)
 5 APPPATH\Controllers\Home.php(9): view('Home_View')
 6 SYSTEMPATH\CodeIgniter.php(934): App\Controllers\Home->index()
 7 SYSTEMPATH\CodeIgniter.php(499): CodeIgniter\CodeIgniter->runController(Object(App\Controllers\Home))
 8 SYSTEMPATH\CodeIgniter.php(368): CodeIgniter\CodeIgniter->handleRequest(null, Object(Config\Cache), false)
 9 FCPATH\index.php(67): CodeIgniter\CodeIgniter->run()
WARNING - 2023-06-01 00:38:50 --> [DEPRECATED] password_verify(): Passing null to parameter #2 ($hash) of type string is deprecated in APPPATH\Controllers\Dados.php on line 65.
 1 APPPATH\Controllers\Dados.php(65): password_verify(Object(SensitiveParameterValue), null)
 2 SYSTEMPATH\CodeIgniter.php(934): App\Controllers\Dados->loginCli2()
 3 SYSTEMPATH\CodeIgniter.php(499): CodeIgniter\CodeIgniter->runController(Object(App\Controllers\Dados))
 4 SYSTEMPATH\CodeIgniter.php(368): CodeIgniter\CodeIgniter->handleRequest(null, Object(Config\Cache), false)
 5 FCPATH\index.php(67): CodeIgniter\CodeIgniter->run()
WARNING - 2023-06-01 00:40:36 --> [DEPRECATED] password_verify(): Passing null to parameter #2 ($hash) of type string is deprecated in APPPATH\Controllers\Dados.php on line 66.
 1 APPPATH\Controllers\Dados.php(66): password_verify(Object(SensitiveParameterValue), null)
 2 SYSTEMPATH\CodeIgniter.php(934): App\Controllers\Dados->loginCli2()
 3 SYSTEMPATH\CodeIgniter.php(499): CodeIgniter\CodeIgniter->runController(Object(App\Controllers\Dados))
 4 SYSTEMPATH\CodeIgniter.php(368): CodeIgniter\CodeIgniter->handleRequest(null, Object(Config\Cache), false)
 5 FCPATH\index.php(67): CodeIgniter\CodeIgniter->run()
WARNING - 2023-06-01 00:41:08 --> [DEPRECATED] password_verify(): Passing null to parameter #2 ($hash) of type string is deprecated in APPPATH\Controllers\Dados.php on line 66.
 1 APPPATH\Controllers\Dados.php(66): password_verify(Object(SensitiveParameterValue), null)
 2 SYSTEMPATH\CodeIgniter.php(934): App\Controllers\Dados->loginCli2()
 3 SYSTEMPATH\CodeIgniter.php(499): CodeIgniter\CodeIgniter->runController(Object(App\Controllers\Dados))
 4 SYSTEMPATH\CodeIgniter.php(368): CodeIgniter\CodeIgniter->handleRequest(null, Object(Config\Cache), false)
 5 FCPATH\index.php(67): CodeIgniter\CodeIgniter->run()
WARNING - 2023-06-01 00:41:18 --> [DEPRECATED] password_verify(): Passing null to parameter #2 ($hash) of type string is deprecated in APPPATH\Controllers\Dados.php on line 66.
 1 APPPATH\Controllers\Dados.php(66): password_verify(Object(SensitiveParameterValue), null)
 2 SYSTEMPATH\CodeIgniter.php(934): App\Controllers\Dados->loginCli2()
 3 SYSTEMPATH\CodeIgniter.php(499): CodeIgniter\CodeIgniter->runController(Object(App\Controllers\Dados))
 4 SYSTEMPATH\CodeIgniter.php(368): CodeIgniter\CodeIgniter->handleRequest(null, Object(Config\Cache), false)
 5 FCPATH\index.php(67): CodeIgniter\CodeIgniter->run()
WARNING - 2023-06-01 00:41:51 --> [DEPRECATED] password_verify(): Passing null to parameter #2 ($hash) of type string is deprecated in APPPATH\Controllers\Dados.php on line 66.
 1 APPPATH\Controllers\Dados.php(66): password_verify(Object(SensitiveParameterValue), null)
 2 SYSTEMPATH\CodeIgniter.php(934): App\Controllers\Dados->loginCli2()
 3 SYSTEMPATH\CodeIgniter.php(499): CodeIgniter\CodeIgniter->runController(Object(App\Controllers\Dados))
 4 SYSTEMPATH\CodeIgniter.php(368): CodeIgniter\CodeIgniter->handleRequest(null, Object(Config\Cache), false)
 5 FCPATH\index.php(67): CodeIgniter\CodeIgniter->run()
WARNING - 2023-06-01 00:41:51 --> [DEPRECATED] password_verify(): Passing null to parameter #2 ($hash) of type string is deprecated in APPPATH\Controllers\Dados.php on line 66.
 1 APPPATH\Controllers\Dados.php(66): password_verify(Object(SensitiveParameterValue), null)
 2 SYSTEMPATH\CodeIgniter.php(934): App\Controllers\Dados->loginCli2()
 3 SYSTEMPATH\CodeIgniter.php(499): CodeIgniter\CodeIgniter->runController(Object(App\Controllers\Dados))
 4 SYSTEMPATH\CodeIgniter.php(368): CodeIgniter\CodeIgniter->handleRequest(null, Object(Config\Cache), false)
 5 FCPATH\index.php(67): CodeIgniter\CodeIgniter->run()
WARNING - 2023-06-01 00:41:51 --> [DEPRECATED] password_verify(): Passing null to parameter #2 ($hash) of type string is deprecated in APPPATH\Controllers\Dados.php on line 66.
 1 APPPATH\Controllers\Dados.php(66): password_verify(Object(SensitiveParameterValue), null)
 2 SYSTEMPATH\CodeIgniter.php(934): App\Controllers\Dados->loginCli2()
 3 SYSTEMPATH\CodeIgniter.php(499): CodeIgniter\CodeIgniter->runController(Object(App\Controllers\Dados))
 4 SYSTEMPATH\CodeIgniter.php(368): CodeIgniter\CodeIgniter->handleRequest(null, Object(Config\Cache), false)
 5 FCPATH\index.php(67): CodeIgniter\CodeIgniter->run()
CRITICAL - 2023-06-01 00:42:04 --> Undefined variable $hash
in APPPATH\Controllers\Dados.php on line 65.
 1 APPPATH\Controllers\Dados.php(65): CodeIgniter\Debug\Exceptions->errorHandler(2, 'Undefined variable $hash', 'C:\\xampp\\htdocs\\ProjetoWeb\\app\\Controllers\\Dados.php', 65)
 2 SYSTEMPATH\CodeIgniter.php(934): App\Controllers\Dados->loginCli2()
 3 SYSTEMPATH\CodeIgniter.php(499): CodeIgniter\CodeIgniter->runController(Object(App\Controllers\Dados))
 4 SYSTEMPATH\CodeIgniter.php(368): CodeIgniter\CodeIgniter->handleRequest(null, Object(Config\Cache), false)
 5 FCPATH\index.php(67): CodeIgniter\CodeIgniter->run()
WARNING - 2023-06-01 00:42:40 --> [DEPRECATED] password_verify(): Passing null to parameter #2 ($hash) of type string is deprecated in APPPATH\Controllers\Dados.php on line 65.
 1 APPPATH\Controllers\Dados.php(65): password_verify(Object(SensitiveParameterValue), null)
 2 SYSTEMPATH\CodeIgniter.php(934): App\Controllers\Dados->loginCli2()
 3 SYSTEMPATH\CodeIgniter.php(499): CodeIgniter\CodeIgniter->runController(Object(App\Controllers\Dados))
 4 SYSTEMPATH\CodeIgniter.php(368): CodeIgniter\CodeIgniter->handleRequest(null, Object(Config\Cache), false)
 5 FCPATH\index.php(67): CodeIgniter\CodeIgniter->run()
WARNING - 2023-06-01 00:42:57 --> [DEPRECATED] password_verify(): Passing null to parameter #2 ($hash) of type string is deprecated in APPPATH\Controllers\Dados.php on line 65.
 1 APPPATH\Controllers\Dados.php(65): password_verify(Object(SensitiveParameterValue), null)
 2 SYSTEMPATH\CodeIgniter.php(934): App\Controllers\Dados->loginCli2()
 3 SYSTEMPATH\CodeIgniter.php(499): CodeIgniter\CodeIgniter->runController(Object(App\Controllers\Dados))
 4 SYSTEMPATH\CodeIgniter.php(368): CodeIgniter\CodeIgniter->handleRequest(null, Object(Config\Cache), false)
 5 FCPATH\index.php(67): CodeIgniter\CodeIgniter->run()
CRITICAL - 2023-06-01 00:42:57 --> You must set the database table to be used with your query.
in SYSTEMPATH\Database\BaseConnection.php on line 882.
 1 SYSTEMPATH\Model.php(642): CodeIgniter\Database\BaseConnection->table(null)
 2 SYSTEMPATH\Model.php(803): CodeIgniter\Model->builder()
 3 APPPATH\Controllers\Dados.php(72): CodeIgniter\Model->__get('consultaHash')
 4 SYSTEMPATH\CodeIgniter.php(934): App\Controllers\Dados->loginCli2()
 5 SYSTEMPATH\CodeIgniter.php(499): CodeIgniter\CodeIgniter->runController(Object(App\Controllers\Dados))
 6 SYSTEMPATH\CodeIgniter.php(368): CodeIgniter\CodeIgniter->handleRequest(null, Object(Config\Cache), false)
 7 FCPATH\index.php(67): CodeIgniter\CodeIgniter->run()
WARNING - 2023-06-01 00:43:42 --> [DEPRECATED] password_verify(): Passing null to parameter #2 ($hash) of type string is deprecated in APPPATH\Controllers\Dados.php on line 65.
 1 APPPATH\Controllers\Dados.php(65): password_verify(Object(SensitiveParameterValue), null)
 2 SYSTEMPATH\CodeIgniter.php(934): App\Controllers\Dados->loginCli2()
 3 SYSTEMPATH\CodeIgniter.php(499): CodeIgniter\CodeIgniter->runController(Object(App\Controllers\Dados))
 4 SYSTEMPATH\CodeIgniter.php(368): CodeIgniter\CodeIgniter->handleRequest(null, Object(Config\Cache), false)
 5 FCPATH\index.php(67): CodeIgniter\CodeIgniter->run()
WARNING - 2023-06-01 00:44:21 --> [DEPRECATED] password_verify(): Passing null to parameter #2 ($hash) of type string is deprecated in APPPATH\Controllers\Dados.php on line 65.
 1 APPPATH\Controllers\Dados.php(65): password_verify(Object(SensitiveParameterValue), null)
 2 SYSTEMPATH\CodeIgniter.php(934): App\Controllers\Dados->loginCli2()
 3 SYSTEMPATH\CodeIgniter.php(499): CodeIgniter\CodeIgniter->runController(Object(App\Controllers\Dados))
 4 SYSTEMPATH\CodeIgniter.php(368): CodeIgniter\CodeIgniter->handleRequest(null, Object(Config\Cache), false)
 5 FCPATH\index.php(67): CodeIgniter\CodeIgniter->run()
WARNING - 2023-06-01 00:44:46 --> [DEPRECATED] password_verify(): Passing null to parameter #2 ($hash) of type string is deprecated in APPPATH\Controllers\Dados.php on line 65.
 1 APPPATH\Controllers\Dados.php(65): password_verify(Object(SensitiveParameterValue), null)
 2 SYSTEMPATH\CodeIgniter.php(934): App\Controllers\Dados->loginCli2()
 3 SYSTEMPATH\CodeIgniter.php(499): CodeIgniter\CodeIgniter->runController(Object(App\Controllers\Dados))
 4 SYSTEMPATH\CodeIgniter.php(368): CodeIgniter\CodeIgniter->handleRequest(null, Object(Config\Cache), false)
 5 FCPATH\index.php(67): CodeIgniter\CodeIgniter->run()
WARNING - 2023-06-01 00:44:52 --> [DEPRECATED] password_verify(): Passing null to parameter #2 ($hash) of type string is deprecated in APPPATH\Controllers\Dados.php on line 65.
 1 APPPATH\Controllers\Dados.php(65): password_verify(Object(SensitiveParameterValue), null)
 2 SYSTEMPATH\CodeIgniter.php(934): App\Controllers\Dados->loginCli2()
 3 SYSTEMPATH\CodeIgniter.php(499): CodeIgniter\CodeIgniter->runController(Object(App\Controllers\Dados))
 4 SYSTEMPATH\CodeIgniter.php(368): CodeIgniter\CodeIgniter->handleRequest(null, Object(Config\Cache), false)
 5 FCPATH\index.php(67): CodeIgniter\CodeIgniter->run()
WARNING - 2023-06-01 00:45:34 --> [DEPRECATED] password_verify(): Passing null to parameter #2 ($hash) of type string is deprecated in APPPATH\Controllers\Dados.php on line 65.
 1 APPPATH\Controllers\Dados.php(65): password_verify(Object(SensitiveParameterValue), null)
 2 SYSTEMPATH\CodeIgniter.php(934): App\Controllers\Dados->loginCli2()
 3 SYSTEMPATH\CodeIgniter.php(499): CodeIgniter\CodeIgniter->runController(Object(App\Controllers\Dados))
 4 SYSTEMPATH\CodeIgniter.php(368): CodeIgniter\CodeIgniter->handleRequest(null, Object(Config\Cache), false)
 5 FCPATH\index.php(67): CodeIgniter\CodeIgniter->run()
CRITICAL - 2023-06-01 23:06:59 --> Object of class CodeIgniter\Database\MySQLi\Result could not be converted to string
in APPPATH\Models\Login_Query.php on line 12.
 1 APPPATH\Views\Home_View.php(47): App\Models\Login_Query->consultaHash('Vitor Hugo')
 2 SYSTEMPATH\View\View.php(213): include('C:\\xampp\\htdocs\\ProjetoWeb\\app\\Views\\Home_View.php')
 3 SYSTEMPATH\View\View.php(216): CodeIgniter\View\View->CodeIgniter\View\{closure}()
 4 SYSTEMPATH\Common.php(1184): CodeIgniter\View\View->render('Home_View', [], true)
 5 APPPATH\Controllers\Home.php(9): view('Home_View')
 6 SYSTEMPATH\CodeIgniter.php(934): App\Controllers\Home->index()
 7 SYSTEMPATH\CodeIgniter.php(499): CodeIgniter\CodeIgniter->runController(Object(App\Controllers\Home))
 8 SYSTEMPATH\CodeIgniter.php(368): CodeIgniter\CodeIgniter->handleRequest(null, Object(Config\Cache), false)
 9 FCPATH\index.php(67): CodeIgniter\CodeIgniter->run()
