CRITICAL - 2023-05-26 22:06:28 --> Undefined global variable $_SESSION
in APPPATH\Views\Home_View.php on line 29.
 1 APPPATH\Views\Home_View.php(29): CodeIgniter\Debug\Exceptions->errorHandler(2, 'Undefined global variable $_SESSION', 'C:\\xampp\\htdocs\\ProjetoWeb\\app\\Views\\Home_View.php', 29)
 2 SYSTEMPATH\View\View.php(213): include('C:\\xampp\\htdocs\\ProjetoWeb\\app\\Views\\Home_View.php')
 3 SYSTEMPATH\View\View.php(216): CodeIgniter\View\View->CodeIgniter\View\{closure}()
 4 SYSTEMPATH\Common.php(1184): CodeIgniter\View\View->render('Home_View', [], true)
 5 APPPATH\Controllers\Home.php(9): view('Home_View')
 6 SYSTEMPATH\CodeIgniter.php(934): App\Controllers\Home->index()
 7 SYSTEMPATH\CodeIgniter.php(499): CodeIgniter\CodeIgniter->runController(Object(App\Controllers\Home))
 8 SYSTEMPATH\CodeIgniter.php(368): CodeIgniter\CodeIgniter->handleRequest(null, Object(Config\Cache), false)
 9 FCPATH\index.php(67): CodeIgniter\CodeIgniter->run()
CRITICAL - 2023-05-26 22:08:04 --> Undefined global variable $_SESSION
in APPPATH\Views\Home_View.php on line 35.
 1 APPPATH\Views\Home_View.php(35): CodeIgniter\Debug\Exceptions->errorHandler(2, 'Undefined global variable $_SESSION', 'C:\\xampp\\htdocs\\ProjetoWeb\\app\\Views\\Home_View.php', 35)
 2 SYSTEMPATH\View\View.php(213): include('C:\\xampp\\htdocs\\ProjetoWeb\\app\\Views\\Home_View.php')
 3 SYSTEMPATH\View\View.php(216): CodeIgniter\View\View->CodeIgniter\View\{closure}()
 4 SYSTEMPATH\Common.php(1184): CodeIgniter\View\View->render('Home_View', [], true)
 5 APPPATH\Controllers\Home.php(9): view('Home_View')
 6 SYSTEMPATH\CodeIgniter.php(934): App\Controllers\Home->index()
 7 SYSTEMPATH\CodeIgniter.php(499): CodeIgniter\CodeIgniter->runController(Object(App\Controllers\Home))
 8 SYSTEMPATH\CodeIgniter.php(368): CodeIgniter\CodeIgniter->handleRequest(null, Object(Config\Cache), false)
 9 FCPATH\index.php(67): CodeIgniter\CodeIgniter->run()
CRITICAL - 2023-05-26 22:12:53 --> Undefined global variable $_SESSION
in APPPATH\Views\Home_View.php on line 32.
 1 APPPATH\Views\Home_View.php(32): CodeIgniter\Debug\Exceptions->errorHandler(2, 'Undefined global variable $_SESSION', 'C:\\xampp\\htdocs\\ProjetoWeb\\app\\Views\\Home_View.php', 32)
 2 SYSTEMPATH\View\View.php(213): include('C:\\xampp\\htdocs\\ProjetoWeb\\app\\Views\\Home_View.php')
 3 SYSTEMPATH\View\View.php(216): CodeIgniter\View\View->CodeIgniter\View\{closure}()
 4 SYSTEMPATH\Common.php(1184): CodeIgniter\View\View->render('Home_View', [], true)
 5 APPPATH\Controllers\Home.php(9): view('Home_View')
 6 SYSTEMPATH\CodeIgniter.php(934): App\Controllers\Home->index()
 7 SYSTEMPATH\CodeIgniter.php(499): CodeIgniter\CodeIgniter->runController(Object(App\Controllers\Home))
 8 SYSTEMPATH\CodeIgniter.php(368): CodeIgniter\CodeIgniter->handleRequest(null, Object(Config\Cache), false)
 9 FCPATH\index.php(67): CodeIgniter\CodeIgniter->run()
CRITICAL - 2023-05-26 22:14:44 --> Undefined global variable $_SESSION
in APPPATH\Views\Home_View.php on line 32.
 1 APPPATH\Views\Home_View.php(32): CodeIgniter\Debug\Exceptions->errorHandler(2, 'Undefined global variable $_SESSION', 'C:\\xampp\\htdocs\\ProjetoWeb\\app\\Views\\Home_View.php', 32)
 2 SYSTEMPATH\View\View.php(213): include('C:\\xampp\\htdocs\\ProjetoWeb\\app\\Views\\Home_View.php')
 3 SYSTEMPATH\View\View.php(216): CodeIgniter\View\View->CodeIgniter\View\{closure}()
 4 SYSTEMPATH\Common.php(1184): CodeIgniter\View\View->render('Home_View', [], true)
 5 APPPATH\Controllers\Home.php(9): view('Home_View')
 6 SYSTEMPATH\CodeIgniter.php(934): App\Controllers\Home->index()
 7 SYSTEMPATH\CodeIgniter.php(499): CodeIgniter\CodeIgniter->runController(Object(App\Controllers\Home))
 8 SYSTEMPATH\CodeIgniter.php(368): CodeIgniter\CodeIgniter->handleRequest(null, Object(Config\Cache), false)
 9 FCPATH\index.php(67): CodeIgniter\CodeIgniter->run()
CRITICAL - 2023-05-26 22:15:51 --> Undefined variable $IDCli
in APPPATH\Views\Home_View.php on line 32.
 1 APPPATH\Views\Home_View.php(32): CodeIgniter\Debug\Exceptions->errorHandler(2, 'Undefined variable $IDCli', 'C:\\xampp\\htdocs\\ProjetoWeb\\app\\Views\\Home_View.php', 32)
 2 SYSTEMPATH\View\View.php(213): include('C:\\xampp\\htdocs\\ProjetoWeb\\app\\Views\\Home_View.php')
 3 SYSTEMPATH\View\View.php(216): CodeIgniter\View\View->CodeIgniter\View\{closure}()
 4 SYSTEMPATH\Common.php(1184): CodeIgniter\View\View->render('Home_View', [], true)
 5 APPPATH\Controllers\Dados.php(57): view('Home_View')
 6 SYSTEMPATH\CodeIgniter.php(934): App\Controllers\Dados->loginCli2()
 7 SYSTEMPATH\CodeIgniter.php(499): CodeIgniter\CodeIgniter->runController(Object(App\Controllers\Dados))
 8 SYSTEMPATH\CodeIgniter.php(368): CodeIgniter\CodeIgniter->handleRequest(null, Object(Config\Cache), false)
 9 FCPATH\index.php(67): CodeIgniter\CodeIgniter->run()
CRITICAL - 2023-05-26 22:16:18 --> Object of class mysqli_result could not be converted to int
in APPPATH\Views\Home_View.php on line 32.
 1 APPPATH\Views\Home_View.php(32): CodeIgniter\Debug\Exceptions->errorHandler(8, 'Object of class mysqli_result could not be converted to int', 'C:\\xampp\\htdocs\\ProjetoWeb\\app\\Views\\Home_View.php', 32)
 2 SYSTEMPATH\View\View.php(213): include('C:\\xampp\\htdocs\\ProjetoWeb\\app\\Views\\Home_View.php')
 3 SYSTEMPATH\View\View.php(216): CodeIgniter\View\View->CodeIgniter\View\{closure}()
 4 SYSTEMPATH\Common.php(1184): CodeIgniter\View\View->render('Home_View', [], true)
 5 APPPATH\Controllers\Dados.php(57): view('Home_View')
 6 SYSTEMPATH\CodeIgniter.php(934): App\Controllers\Dados->loginCli2()
 7 SYSTEMPATH\CodeIgniter.php(499): CodeIgniter\CodeIgniter->runController(Object(App\Controllers\Dados))
 8 SYSTEMPATH\CodeIgniter.php(368): CodeIgniter\CodeIgniter->handleRequest(null, Object(Config\Cache), false)
 9 FCPATH\index.php(67): CodeIgniter\CodeIgniter->run()
CRITICAL - 2023-05-26 22:21:14 --> include(Dados.php): Failed to open stream: No such file or directory
in APPPATH\Views\Home_View.php on line 32.
 1 APPPATH\Views\Home_View.php(32): CodeIgniter\Debug\Exceptions->errorHandler(2, 'include(Dados.php): Failed to open stream: No such file or directory', 'C:\\xampp\\htdocs\\ProjetoWeb\\app\\Views\\Home_View.php', 32)
 2 APPPATH\Views\Home_View.php(32): include()
 3 SYSTEMPATH\View\View.php(213): include('C:\\xampp\\htdocs\\ProjetoWeb\\app\\Views\\Home_View.php')
 4 SYSTEMPATH\View\View.php(216): CodeIgniter\View\View->CodeIgniter\View\{closure}()
 5 SYSTEMPATH\Common.php(1184): CodeIgniter\View\View->render('Home_View', [], true)
 6 APPPATH\Controllers\Dados.php(57): view('Home_View')
 7 SYSTEMPATH\CodeIgniter.php(934): App\Controllers\Dados->loginCli2()
 8 SYSTEMPATH\CodeIgniter.php(499): CodeIgniter\CodeIgniter->runController(Object(App\Controllers\Dados))
 9 SYSTEMPATH\CodeIgniter.php(368): CodeIgniter\CodeIgniter->handleRequest(null, Object(Config\Cache), false)
10 FCPATH\index.php(67): CodeIgniter\CodeIgniter->run()
CRITICAL - 2023-05-26 22:21:31 --> include(Dados): Failed to open stream: No such file or directory
in APPPATH\Views\Home_View.php on line 32.
 1 APPPATH\Views\Home_View.php(32): CodeIgniter\Debug\Exceptions->errorHandler(2, 'include(Dados): Failed to open stream: No such file or directory', 'C:\\xampp\\htdocs\\ProjetoWeb\\app\\Views\\Home_View.php', 32)
 2 APPPATH\Views\Home_View.php(32): include()
 3 SYSTEMPATH\View\View.php(213): include('C:\\xampp\\htdocs\\ProjetoWeb\\app\\Views\\Home_View.php')
 4 SYSTEMPATH\View\View.php(216): CodeIgniter\View\View->CodeIgniter\View\{closure}()
 5 SYSTEMPATH\Common.php(1184): CodeIgniter\View\View->render('Home_View', [], true)
 6 APPPATH\Controllers\Dados.php(57): view('Home_View')
 7 SYSTEMPATH\CodeIgniter.php(934): App\Controllers\Dados->loginCli2()
 8 SYSTEMPATH\CodeIgniter.php(499): CodeIgniter\CodeIgniter->runController(Object(App\Controllers\Dados))
 9 SYSTEMPATH\CodeIgniter.php(368): CodeIgniter\CodeIgniter->handleRequest(null, Object(Config\Cache), false)
10 FCPATH\index.php(67): CodeIgniter\CodeIgniter->run()
CRITICAL - 2023-05-26 22:21:37 --> include(Dados.php): Failed to open stream: No such file or directory
in APPPATH\Views\Home_View.php on line 32.
 1 APPPATH\Views\Home_View.php(32): CodeIgniter\Debug\Exceptions->errorHandler(2, 'include(Dados.php): Failed to open stream: No such file or directory', 'C:\\xampp\\htdocs\\ProjetoWeb\\app\\Views\\Home_View.php', 32)
 2 APPPATH\Views\Home_View.php(32): include()
 3 SYSTEMPATH\View\View.php(213): include('C:\\xampp\\htdocs\\ProjetoWeb\\app\\Views\\Home_View.php')
 4 SYSTEMPATH\View\View.php(216): CodeIgniter\View\View->CodeIgniter\View\{closure}()
 5 SYSTEMPATH\Common.php(1184): CodeIgniter\View\View->render('Home_View', [], true)
 6 APPPATH\Controllers\Dados.php(57): view('Home_View')
 7 SYSTEMPATH\CodeIgniter.php(934): App\Controllers\Dados->loginCli2()
 8 SYSTEMPATH\CodeIgniter.php(499): CodeIgniter\CodeIgniter->runController(Object(App\Controllers\Dados))
 9 SYSTEMPATH\CodeIgniter.php(368): CodeIgniter\CodeIgniter->handleRequest(null, Object(Config\Cache), false)
10 FCPATH\index.php(67): CodeIgniter\CodeIgniter->run()
CRITICAL - 2023-05-26 22:21:49 --> include(/Dados.php): Failed to open stream: No such file or directory
in APPPATH\Views\Home_View.php on line 32.
 1 APPPATH\Views\Home_View.php(32): CodeIgniter\Debug\Exceptions->errorHandler(2, 'include(/Dados.php): Failed to open stream: No such file or directory', 'C:\\xampp\\htdocs\\ProjetoWeb\\app\\Views\\Home_View.php', 32)
 2 APPPATH\Views\Home_View.php(32): include()
 3 SYSTEMPATH\View\View.php(213): include('C:\\xampp\\htdocs\\ProjetoWeb\\app\\Views\\Home_View.php')
 4 SYSTEMPATH\View\View.php(216): CodeIgniter\View\View->CodeIgniter\View\{closure}()
 5 SYSTEMPATH\Common.php(1184): CodeIgniter\View\View->render('Home_View', [], true)
 6 APPPATH\Controllers\Dados.php(57): view('Home_View')
 7 SYSTEMPATH\CodeIgniter.php(934): App\Controllers\Dados->loginCli2()
 8 SYSTEMPATH\CodeIgniter.php(499): CodeIgniter\CodeIgniter->runController(Object(App\Controllers\Dados))
 9 SYSTEMPATH\CodeIgniter.php(368): CodeIgniter\CodeIgniter->handleRequest(null, Object(Config\Cache), false)
10 FCPATH\index.php(67): CodeIgniter\CodeIgniter->run()
CRITICAL - 2023-05-26 22:21:52 --> include(Dados.php): Failed to open stream: No such file or directory
in APPPATH\Views\Home_View.php on line 32.
 1 APPPATH\Views\Home_View.php(32): CodeIgniter\Debug\Exceptions->errorHandler(2, 'include(Dados.php): Failed to open stream: No such file or directory', 'C:\\xampp\\htdocs\\ProjetoWeb\\app\\Views\\Home_View.php', 32)
 2 APPPATH\Views\Home_View.php(32): include()
 3 SYSTEMPATH\View\View.php(213): include('C:\\xampp\\htdocs\\ProjetoWeb\\app\\Views\\Home_View.php')
 4 SYSTEMPATH\View\View.php(216): CodeIgniter\View\View->CodeIgniter\View\{closure}()
 5 SYSTEMPATH\Common.php(1184): CodeIgniter\View\View->render('Home_View', [], true)
 6 APPPATH\Controllers\Dados.php(57): view('Home_View')
 7 SYSTEMPATH\CodeIgniter.php(934): App\Controllers\Dados->loginCli2()
 8 SYSTEMPATH\CodeIgniter.php(499): CodeIgniter\CodeIgniter->runController(Object(App\Controllers\Dados))
 9 SYSTEMPATH\CodeIgniter.php(368): CodeIgniter\CodeIgniter->handleRequest(null, Object(Config\Cache), false)
10 FCPATH\index.php(67): CodeIgniter\CodeIgniter->run()
CRITICAL - 2023-05-26 22:23:12 --> include(Dados.php): Failed to open stream: No such file or directory
in APPPATH\Views\Home_View.php on line 32.
 1 APPPATH\Views\Home_View.php(32): CodeIgniter\Debug\Exceptions->errorHandler(2, 'include(Dados.php): Failed to open stream: No such file or directory', 'C:\\xampp\\htdocs\\ProjetoWeb\\app\\Views\\Home_View.php', 32)
 2 APPPATH\Views\Home_View.php(32): include()
 3 SYSTEMPATH\View\View.php(213): include('C:\\xampp\\htdocs\\ProjetoWeb\\app\\Views\\Home_View.php')
 4 SYSTEMPATH\View\View.php(216): CodeIgniter\View\View->CodeIgniter\View\{closure}()
 5 SYSTEMPATH\Common.php(1184): CodeIgniter\View\View->render('Home_View', [], true)
 6 APPPATH\Controllers\Dados.php(57): view('Home_View')
 7 SYSTEMPATH\CodeIgniter.php(934): App\Controllers\Dados->loginCli2()
 8 SYSTEMPATH\CodeIgniter.php(499): CodeIgniter\CodeIgniter->runController(Object(App\Controllers\Dados))
 9 SYSTEMPATH\CodeIgniter.php(368): CodeIgniter\CodeIgniter->handleRequest(null, Object(Config\Cache), false)
10 FCPATH\index.php(67): CodeIgniter\CodeIgniter->run()
CRITICAL - 2023-05-26 22:25:43 --> require(Dados.php): Failed to open stream: No such file or directory
in APPPATH\Views\Home_View.php on line 32.
 1 APPPATH\Views\Home_View.php(32): CodeIgniter\Debug\Exceptions->errorHandler(2, 'require(Dados.php): Failed to open stream: No such file or directory', 'C:\\xampp\\htdocs\\ProjetoWeb\\app\\Views\\Home_View.php', 32)
 2 APPPATH\Views\Home_View.php(32): require()
 3 SYSTEMPATH\View\View.php(213): include('C:\\xampp\\htdocs\\ProjetoWeb\\app\\Views\\Home_View.php')
 4 SYSTEMPATH\View\View.php(216): CodeIgniter\View\View->CodeIgniter\View\{closure}()
 5 SYSTEMPATH\Common.php(1184): CodeIgniter\View\View->render('Home_View', [], true)
 6 APPPATH\Controllers\Dados.php(57): view('Home_View')
 7 SYSTEMPATH\CodeIgniter.php(934): App\Controllers\Dados->loginCli2()
 8 SYSTEMPATH\CodeIgniter.php(499): CodeIgniter\CodeIgniter->runController(Object(App\Controllers\Dados))
 9 SYSTEMPATH\CodeIgniter.php(368): CodeIgniter\CodeIgniter->handleRequest(null, Object(Config\Cache), false)
10 FCPATH\index.php(67): CodeIgniter\CodeIgniter->run()
CRITICAL - 2023-05-26 22:26:07 --> require(Dados.php): Failed to open stream: No such file or directory
in APPPATH\Views\Home_View.php on line 32.
 1 APPPATH\Views\Home_View.php(32): CodeIgniter\Debug\Exceptions->errorHandler(2, 'require(Dados.php): Failed to open stream: No such file or directory', 'C:\\xampp\\htdocs\\ProjetoWeb\\app\\Views\\Home_View.php', 32)
 2 APPPATH\Views\Home_View.php(32): require()
 3 SYSTEMPATH\View\View.php(213): include('C:\\xampp\\htdocs\\ProjetoWeb\\app\\Views\\Home_View.php')
 4 SYSTEMPATH\View\View.php(216): CodeIgniter\View\View->CodeIgniter\View\{closure}()
 5 SYSTEMPATH\Common.php(1184): CodeIgniter\View\View->render('Home_View', [], true)
 6 APPPATH\Controllers\Dados.php(57): view('Home_View')
 7 SYSTEMPATH\CodeIgniter.php(934): App\Controllers\Dados->loginCli2()
 8 SYSTEMPATH\CodeIgniter.php(499): CodeIgniter\CodeIgniter->runController(Object(App\Controllers\Dados))
 9 SYSTEMPATH\CodeIgniter.php(368): CodeIgniter\CodeIgniter->handleRequest(null, Object(Config\Cache), false)
10 FCPATH\index.php(67): CodeIgniter\CodeIgniter->run()
CRITICAL - 2023-05-26 22:30:57 --> session_start(): Ignoring session_start() because a session is already active
in APPPATH\Views\Home_View.php on line 32.
 1 [internal function]: CodeIgniter\Debug\Exceptions->errorHandler(8, 'session_start(): Ignoring session_start() because a session is already active', 'C:\\xampp\\htdocs\\ProjetoWeb\\app\\Views\\Home_View.php', 32)
 2 APPPATH\Views\Home_View.php(32): session_start()
 3 SYSTEMPATH\View\View.php(213): include('C:\\xampp\\htdocs\\ProjetoWeb\\app\\Views\\Home_View.php')
 4 SYSTEMPATH\View\View.php(216): CodeIgniter\View\View->CodeIgniter\View\{closure}()
 5 SYSTEMPATH\Common.php(1184): CodeIgniter\View\View->render('Home_View', [], true)
 6 APPPATH\Controllers\Dados.php(57): view('Home_View')
 7 SYSTEMPATH\CodeIgniter.php(934): App\Controllers\Dados->loginCli2()
 8 SYSTEMPATH\CodeIgniter.php(499): CodeIgniter\CodeIgniter->runController(Object(App\Controllers\Dados))
 9 SYSTEMPATH\CodeIgniter.php(368): CodeIgniter\CodeIgniter->handleRequest(null, Object(Config\Cache), false)
10 FCPATH\index.php(67): CodeIgniter\CodeIgniter->run()
CRITICAL - 2023-05-26 22:37:15 --> syntax error, unexpected token "="
in APPPATH\Views\Home_View.php on line 32.
 1 SYSTEMPATH\View\View.php(216): CodeIgniter\View\View->CodeIgniter\View\{closure}()
 2 SYSTEMPATH\Common.php(1184): CodeIgniter\View\View->render('Home_View', [], true)
 3 APPPATH\Controllers\Dados.php(57): view('Home_View')
 4 SYSTEMPATH\CodeIgniter.php(934): App\Controllers\Dados->loginCli2()
 5 SYSTEMPATH\CodeIgniter.php(499): CodeIgniter\CodeIgniter->runController(Object(App\Controllers\Dados))
 6 SYSTEMPATH\CodeIgniter.php(368): CodeIgniter\CodeIgniter->handleRequest(null, Object(Config\Cache), false)
 7 FCPATH\index.php(67): CodeIgniter\CodeIgniter->run()
CRITICAL - 2023-05-26 22:40:44 --> syntax error, unexpected token "<"
in APPPATH\Views\Home_View.php on line 33.
 1 SYSTEMPATH\View\View.php(216): CodeIgniter\View\View->CodeIgniter\View\{closure}()
 2 SYSTEMPATH\Common.php(1184): CodeIgniter\View\View->render('Home_View', [], true)
 3 APPPATH\Controllers\Dados.php(57): view('Home_View')
 4 SYSTEMPATH\CodeIgniter.php(934): App\Controllers\Dados->loginCli2()
 5 SYSTEMPATH\CodeIgniter.php(499): CodeIgniter\CodeIgniter->runController(Object(App\Controllers\Dados))
 6 SYSTEMPATH\CodeIgniter.php(368): CodeIgniter\CodeIgniter->handleRequest(null, Object(Config\Cache), false)
 7 FCPATH\index.php(67): CodeIgniter\CodeIgniter->run()
CRITICAL - 2023-05-26 22:41:18 --> syntax error, unexpected identifier "topo", expecting "," or ";"
in APPPATH\Views\Home_View.php on line 33.
 1 SYSTEMPATH\View\View.php(216): CodeIgniter\View\View->CodeIgniter\View\{closure}()
 2 SYSTEMPATH\Common.php(1184): CodeIgniter\View\View->render('Home_View', [], true)
 3 APPPATH\Controllers\Dados.php(57): view('Home_View')
 4 SYSTEMPATH\CodeIgniter.php(934): App\Controllers\Dados->loginCli2()
 5 SYSTEMPATH\CodeIgniter.php(499): CodeIgniter\CodeIgniter->runController(Object(App\Controllers\Dados))
 6 SYSTEMPATH\CodeIgniter.php(368): CodeIgniter\CodeIgniter->handleRequest(null, Object(Config\Cache), false)
 7 FCPATH\index.php(67): CodeIgniter\CodeIgniter->run()
CRITICAL - 2023-05-26 22:43:26 --> syntax error, unexpected token "}", expecting "," or ";"
in APPPATH\Views\Home_View.php on line 39.
 1 SYSTEMPATH\View\View.php(216): CodeIgniter\View\View->CodeIgniter\View\{closure}()
 2 SYSTEMPATH\Common.php(1184): CodeIgniter\View\View->render('Home_View', [], true)
 3 APPPATH\Controllers\Dados.php(57): view('Home_View')
 4 SYSTEMPATH\CodeIgniter.php(934): App\Controllers\Dados->loginCli2()
 5 SYSTEMPATH\CodeIgniter.php(499): CodeIgniter\CodeIgniter->runController(Object(App\Controllers\Dados))
 6 SYSTEMPATH\CodeIgniter.php(368): CodeIgniter\CodeIgniter->handleRequest(null, Object(Config\Cache), false)
 7 FCPATH\index.php(67): CodeIgniter\CodeIgniter->run()
CRITICAL - 2023-05-26 23:16:45 --> session_destroy(): Trying to destroy uninitialized session
in APPPATH\Controllers\Dados.php on line 64.
 1 [internal function]: CodeIgniter\Debug\Exceptions->errorHandler(2, 'session_destroy(): Trying to destroy uninitialized session', 'C:\\xampp\\htdocs\\ProjetoWeb\\app\\Controllers\\Dados.php', 64)
 2 APPPATH\Controllers\Dados.php(64): session_destroy()
 3 SYSTEMPATH\CodeIgniter.php(934): App\Controllers\Dados->logout()
 4 SYSTEMPATH\CodeIgniter.php(499): CodeIgniter\CodeIgniter->runController(Object(App\Controllers\Dados))
 5 SYSTEMPATH\CodeIgniter.php(368): CodeIgniter\CodeIgniter->handleRequest(null, Object(Config\Cache), false)
 6 FCPATH\index.php(67): CodeIgniter\CodeIgniter->run()
