CRITICAL - 2023-06-22 00:04:58 --> Undefined property: CodeIgniter\Database\MySQLi\Result::$getResult
in APPPATH\Views\AlterarTipoServico_View.php on line 21.
 1 APPPATH\Views\AlterarTipoServico_View.php(21): CodeIgniter\Debug\Exceptions->errorHandler(2, 'Undefined property: CodeIgniter\\Database\\MySQLi\\Result::$getResult', 'C:\\xampp\\htdocs\\ProjetoWeb\\app\\Views\\AlterarTipoServico_View.php', 21)
 2 SYSTEMPATH\View\View.php(213): include('C:\\xampp\\htdocs\\ProjetoWeb\\app\\Views\\AlterarTipoServico_View.php')
 3 SYSTEMPATH\View\View.php(216): CodeIgniter\View\View->CodeIgniter\View\{closure}()
 4 SYSTEMPATH\Common.php(1184): CodeIgniter\View\View->render('AlterarTipoServico_View', [], true)
 5 APPPATH\Controllers\Dados.php(521): view('AlterarTipoServico_View', [...])
 6 SYSTEMPATH\CodeIgniter.php(934): App\Controllers\Dados->alterarTipoServico('7')
 7 SYSTEMPATH\CodeIgniter.php(499): CodeIgniter\CodeIgniter->runController(Object(App\Controllers\Dados))
 8 SYSTEMPATH\CodeIgniter.php(368): CodeIgniter\CodeIgniter->handleRequest(null, Object(Config\Cache), false)
 9 FCPATH\index.php(67): CodeIgniter\CodeIgniter->run()
CRITICAL - 2023-06-22 00:11:25 --> Call to undefined method CodeIgniter\Router\RouteCollection::pos()
in APPPATH\Config\Routes.php on line 82.
 1 SYSTEMPATH\Router\RouteCollection.php(267): require()
 2 SYSTEMPATH\CodeIgniter.php(802): CodeIgniter\Router\RouteCollection->loadRoutes()
 3 SYSTEMPATH\CodeIgniter.php(449): CodeIgniter\CodeIgniter->tryToRouteIt(null)
 4 SYSTEMPATH\CodeIgniter.php(368): CodeIgniter\CodeIgniter->handleRequest(null, Object(Config\Cache), false)
 5 FCPATH\index.php(67): CodeIgniter\CodeIgniter->run()
INFO - 2023-06-22 00:14:29 --> Session: Class initialized using 'CodeIgniter\Session\Handlers\FileHandler' driver.
INFO - 2023-06-22 00:16:49 --> Session: Class initialized using 'CodeIgniter\Session\Handlers\FileHandler' driver.
INFO - 2023-06-22 00:17:00 --> Session: Class initialized using 'CodeIgniter\Session\Handlers\FileHandler' driver.
INFO - 2023-06-22 00:17:00 --> Session: Class initialized using 'CodeIgniter\Session\Handlers\FileHandler' driver.
INFO - 2023-06-22 00:20:15 --> Session: Class initialized using 'CodeIgniter\Session\Handlers\FileHandler' driver.
INFO - 2023-06-22 00:20:16 --> Session: Class initialized using 'CodeIgniter\Session\Handlers\FileHandler' driver.
INFO - 2023-06-22 00:20:21 --> Session: Class initialized using 'CodeIgniter\Session\Handlers\FileHandler' driver.
INFO - 2023-06-22 00:20:23 --> Session: Class initialized using 'CodeIgniter\Session\Handlers\FileHandler' driver.
INFO - 2023-06-22 00:20:28 --> Session: Class initialized using 'CodeIgniter\Session\Handlers\FileHandler' driver.
INFO - 2023-06-22 00:20:30 --> Session: Class initialized using 'CodeIgniter\Session\Handlers\FileHandler' driver.
INFO - 2023-06-22 00:20:36 --> Session: Class initialized using 'CodeIgniter\Session\Handlers\FileHandler' driver.
CRITICAL - 2023-06-22 00:20:49 --> You must set the database table to be used with your query.
in SYSTEMPATH\Database\BaseConnection.php on line 882.
 1 SYSTEMPATH\Model.php(642): CodeIgniter\Database\BaseConnection->table(null)
 2 SYSTEMPATH\Model.php(832): CodeIgniter\Model->builder()
 3 APPPATH\Controllers\Dados.php(548): CodeIgniter\Model->__call('consulta', [...])
 4 SYSTEMPATH\CodeIgniter.php(934): App\Controllers\Dados->alterarAtendimento('11')
 5 SYSTEMPATH\CodeIgniter.php(499): CodeIgniter\CodeIgniter->runController(Object(App\Controllers\Dados))
 6 SYSTEMPATH\CodeIgniter.php(368): CodeIgniter\CodeIgniter->handleRequest(null, Object(Config\Cache), false)
 7 FCPATH\index.php(67): CodeIgniter\CodeIgniter->run()
CRITICAL - 2023-06-22 00:20:54 --> You must set the database table to be used with your query.
in SYSTEMPATH\Database\BaseConnection.php on line 882.
 1 SYSTEMPATH\Model.php(642): CodeIgniter\Database\BaseConnection->table(null)
 2 SYSTEMPATH\Model.php(832): CodeIgniter\Model->builder()
 3 APPPATH\Controllers\Dados.php(548): CodeIgniter\Model->__call('consulta', [...])
 4 SYSTEMPATH\CodeIgniter.php(934): App\Controllers\Dados->alterarAtendimento('11')
 5 SYSTEMPATH\CodeIgniter.php(499): CodeIgniter\CodeIgniter->runController(Object(App\Controllers\Dados))
 6 SYSTEMPATH\CodeIgniter.php(368): CodeIgniter\CodeIgniter->handleRequest(null, Object(Config\Cache), false)
 7 FCPATH\index.php(67): CodeIgniter\CodeIgniter->run()
CRITICAL - 2023-06-22 00:28:57 --> Undefined variable $so
in APPPATH\Views\AlterarServico_View.php on line 33.
 1 APPPATH\Views\AlterarServico_View.php(33): CodeIgniter\Debug\Exceptions->errorHandler(2, 'Undefined variable $so', 'C:\\xampp\\htdocs\\ProjetoWeb\\app\\Views\\AlterarServico_View.php', 33)
 2 SYSTEMPATH\View\View.php(213): include('C:\\xampp\\htdocs\\ProjetoWeb\\app\\Views\\AlterarServico_View.php')
 3 SYSTEMPATH\View\View.php(216): CodeIgniter\View\View->CodeIgniter\View\{closure}()
 4 SYSTEMPATH\Common.php(1184): CodeIgniter\View\View->render('AlterarServico_View', [], true)
 5 APPPATH\Controllers\Dados.php(539): view('AlterarServico_View', [...])
 6 SYSTEMPATH\CodeIgniter.php(934): App\Controllers\Dados->alterarServico('11')
 7 SYSTEMPATH\CodeIgniter.php(499): CodeIgniter\CodeIgniter->runController(Object(App\Controllers\Dados))
 8 SYSTEMPATH\CodeIgniter.php(368): CodeIgniter\CodeIgniter->handleRequest(null, Object(Config\Cache), false)
 9 FCPATH\index.php(67): CodeIgniter\CodeIgniter->run()
CRITICAL - 2023-06-22 00:36:53 --> You must set the database table to be used with your query.
in SYSTEMPATH\Database\BaseConnection.php on line 882.
 1 SYSTEMPATH\Model.php(642): CodeIgniter\Database\BaseConnection->table(null)
 2 SYSTEMPATH\Model.php(832): CodeIgniter\Model->builder()
 3 APPPATH\Views\AlterarServico_View.php(29): CodeIgniter\Model->__call('selectTipoNomeServico', [...])
 4 SYSTEMPATH\View\View.php(213): include('C:\\xampp\\htdocs\\ProjetoWeb\\app\\Views\\AlterarServico_View.php')
 5 SYSTEMPATH\View\View.php(216): CodeIgniter\View\View->CodeIgniter\View\{closure}()
 6 SYSTEMPATH\Common.php(1184): CodeIgniter\View\View->render('AlterarServico_View', [], true)
 7 APPPATH\Controllers\Dados.php(539): view('AlterarServico_View', [...])
 8 SYSTEMPATH\CodeIgniter.php(934): App\Controllers\Dados->alterarServico('11')
 9 SYSTEMPATH\CodeIgniter.php(499): CodeIgniter\CodeIgniter->runController(Object(App\Controllers\Dados))
10 SYSTEMPATH\CodeIgniter.php(368): CodeIgniter\CodeIgniter->handleRequest(null, Object(Config\Cache), false)
11 FCPATH\index.php(67): CodeIgniter\CodeIgniter->run()
CRITICAL - 2023-06-22 00:41:33 --> Undefined variable $ConServico
in APPPATH\Views\AlterarServico_View.php on line 23.
 1 APPPATH\Views\AlterarServico_View.php(23): CodeIgniter\Debug\Exceptions->errorHandler(2, 'Undefined variable $ConServico', 'C:\\xampp\\htdocs\\ProjetoWeb\\app\\Views\\AlterarServico_View.php', 23)
 2 SYSTEMPATH\View\View.php(213): include('C:\\xampp\\htdocs\\ProjetoWeb\\app\\Views\\AlterarServico_View.php')
 3 SYSTEMPATH\View\View.php(216): CodeIgniter\View\View->CodeIgniter\View\{closure}()
 4 SYSTEMPATH\Common.php(1184): CodeIgniter\View\View->render('AlterarServico_View', [], true)
 5 APPPATH\Controllers\Dados.php(543): view('AlterarServico_View')
 6 SYSTEMPATH\CodeIgniter.php(934): App\Controllers\Dados->alterarServico2('11')
 7 SYSTEMPATH\CodeIgniter.php(499): CodeIgniter\CodeIgniter->runController(Object(App\Controllers\Dados))
 8 SYSTEMPATH\CodeIgniter.php(368): CodeIgniter\CodeIgniter->handleRequest(null, Object(Config\Cache), false)
 9 FCPATH\index.php(67): CodeIgniter\CodeIgniter->run()
CRITICAL - 2023-06-22 00:42:48 --> Undefined variable $ConServico
in APPPATH\Views\AlterarServico_View.php on line 23.
 1 APPPATH\Views\AlterarServico_View.php(23): CodeIgniter\Debug\Exceptions->errorHandler(2, 'Undefined variable $ConServico', 'C:\\xampp\\htdocs\\ProjetoWeb\\app\\Views\\AlterarServico_View.php', 23)
 2 SYSTEMPATH\View\View.php(213): include('C:\\xampp\\htdocs\\ProjetoWeb\\app\\Views\\AlterarServico_View.php')
 3 SYSTEMPATH\View\View.php(216): CodeIgniter\View\View->CodeIgniter\View\{closure}()
 4 SYSTEMPATH\Common.php(1184): CodeIgniter\View\View->render('AlterarServico_View', [], true)
 5 APPPATH\Controllers\Dados.php(543): view('AlterarServico_View')
 6 SYSTEMPATH\CodeIgniter.php(934): App\Controllers\Dados->alterarServico2('11')
 7 SYSTEMPATH\CodeIgniter.php(499): CodeIgniter\CodeIgniter->runController(Object(App\Controllers\Dados))
 8 SYSTEMPATH\CodeIgniter.php(368): CodeIgniter\CodeIgniter->handleRequest(null, Object(Config\Cache), false)
 9 FCPATH\index.php(67): CodeIgniter\CodeIgniter->run()
CRITICAL - 2023-06-22 00:43:41 --> Undefined variable $ConServico
in APPPATH\Views\AlterarServico_View.php on line 23.
 1 APPPATH\Views\AlterarServico_View.php(23): CodeIgniter\Debug\Exceptions->errorHandler(2, 'Undefined variable $ConServico', 'C:\\xampp\\htdocs\\ProjetoWeb\\app\\Views\\AlterarServico_View.php', 23)
 2 SYSTEMPATH\View\View.php(213): include('C:\\xampp\\htdocs\\ProjetoWeb\\app\\Views\\AlterarServico_View.php')
 3 SYSTEMPATH\View\View.php(216): CodeIgniter\View\View->CodeIgniter\View\{closure}()
 4 SYSTEMPATH\Common.php(1184): CodeIgniter\View\View->render('AlterarServico_View', [], true)
 5 APPPATH\Controllers\Dados.php(543): view('AlterarServico_View')
 6 SYSTEMPATH\CodeIgniter.php(934): App\Controllers\Dados->alterarServico2('11')
 7 SYSTEMPATH\CodeIgniter.php(499): CodeIgniter\CodeIgniter->runController(Object(App\Controllers\Dados))
 8 SYSTEMPATH\CodeIgniter.php(368): CodeIgniter\CodeIgniter->handleRequest(null, Object(Config\Cache), false)
 9 FCPATH\index.php(67): CodeIgniter\CodeIgniter->run()
CRITICAL - 2023-06-22 00:43:42 --> Undefined variable $ConServico
in APPPATH\Views\AlterarServico_View.php on line 23.
 1 APPPATH\Views\AlterarServico_View.php(23): CodeIgniter\Debug\Exceptions->errorHandler(2, 'Undefined variable $ConServico', 'C:\\xampp\\htdocs\\ProjetoWeb\\app\\Views\\AlterarServico_View.php', 23)
 2 SYSTEMPATH\View\View.php(213): include('C:\\xampp\\htdocs\\ProjetoWeb\\app\\Views\\AlterarServico_View.php')
 3 SYSTEMPATH\View\View.php(216): CodeIgniter\View\View->CodeIgniter\View\{closure}()
 4 SYSTEMPATH\Common.php(1184): CodeIgniter\View\View->render('AlterarServico_View', [], true)
 5 APPPATH\Controllers\Dados.php(543): view('AlterarServico_View')
 6 SYSTEMPATH\CodeIgniter.php(934): App\Controllers\Dados->alterarServico2('11')
 7 SYSTEMPATH\CodeIgniter.php(499): CodeIgniter\CodeIgniter->runController(Object(App\Controllers\Dados))
 8 SYSTEMPATH\CodeIgniter.php(368): CodeIgniter\CodeIgniter->handleRequest(null, Object(Config\Cache), false)
 9 FCPATH\index.php(67): CodeIgniter\CodeIgniter->run()
CRITICAL - 2023-06-22 00:43:49 --> Undefined variable $ConServico
in APPPATH\Views\AlterarServico_View.php on line 23.
 1 APPPATH\Views\AlterarServico_View.php(23): CodeIgniter\Debug\Exceptions->errorHandler(2, 'Undefined variable $ConServico', 'C:\\xampp\\htdocs\\ProjetoWeb\\app\\Views\\AlterarServico_View.php', 23)
 2 SYSTEMPATH\View\View.php(213): include('C:\\xampp\\htdocs\\ProjetoWeb\\app\\Views\\AlterarServico_View.php')
 3 SYSTEMPATH\View\View.php(216): CodeIgniter\View\View->CodeIgniter\View\{closure}()
 4 SYSTEMPATH\Common.php(1184): CodeIgniter\View\View->render('AlterarServico_View', [], true)
 5 APPPATH\Controllers\Dados.php(543): view('AlterarServico_View')
 6 SYSTEMPATH\CodeIgniter.php(934): App\Controllers\Dados->alterarServico2('11')
 7 SYSTEMPATH\CodeIgniter.php(499): CodeIgniter\CodeIgniter->runController(Object(App\Controllers\Dados))
 8 SYSTEMPATH\CodeIgniter.php(368): CodeIgniter\CodeIgniter->handleRequest(null, Object(Config\Cache), false)
 9 FCPATH\index.php(67): CodeIgniter\CodeIgniter->run()
CRITICAL - 2023-06-22 00:47:33 --> Undefined variable $ConServico
in APPPATH\Views\AlterarServico_View.php on line 23.
 1 APPPATH\Views\AlterarServico_View.php(23): CodeIgniter\Debug\Exceptions->errorHandler(2, 'Undefined variable $ConServico', 'C:\\xampp\\htdocs\\ProjetoWeb\\app\\Views\\AlterarServico_View.php', 23)
 2 SYSTEMPATH\View\View.php(213): include('C:\\xampp\\htdocs\\ProjetoWeb\\app\\Views\\AlterarServico_View.php')
 3 SYSTEMPATH\View\View.php(216): CodeIgniter\View\View->CodeIgniter\View\{closure}()
 4 SYSTEMPATH\Common.php(1184): CodeIgniter\View\View->render('AlterarServico_View', [], true)
 5 APPPATH\Controllers\Dados.php(543): view('AlterarServico_View')
 6 SYSTEMPATH\CodeIgniter.php(934): App\Controllers\Dados->alterarServico2('19')
 7 SYSTEMPATH\CodeIgniter.php(499): CodeIgniter\CodeIgniter->runController(Object(App\Controllers\Dados))
 8 SYSTEMPATH\CodeIgniter.php(368): CodeIgniter\CodeIgniter->handleRequest(null, Object(Config\Cache), false)
 9 FCPATH\index.php(67): CodeIgniter\CodeIgniter->run()
CRITICAL - 2023-06-22 00:49:19 --> Undefined variable $ConServico
in APPPATH\Views\AlterarServico_View.php on line 24.
 1 APPPATH\Views\AlterarServico_View.php(24): CodeIgniter\Debug\Exceptions->errorHandler(2, 'Undefined variable $ConServico', 'C:\\xampp\\htdocs\\ProjetoWeb\\app\\Views\\AlterarServico_View.php', 24)
 2 SYSTEMPATH\View\View.php(213): include('C:\\xampp\\htdocs\\ProjetoWeb\\app\\Views\\AlterarServico_View.php')
 3 SYSTEMPATH\View\View.php(216): CodeIgniter\View\View->CodeIgniter\View\{closure}()
 4 SYSTEMPATH\Common.php(1184): CodeIgniter\View\View->render('AlterarServico_View', [], true)
 5 APPPATH\Controllers\Dados.php(543): view('AlterarServico_View')
 6 SYSTEMPATH\CodeIgniter.php(934): App\Controllers\Dados->alterarServico2('19')
 7 SYSTEMPATH\CodeIgniter.php(499): CodeIgniter\CodeIgniter->runController(Object(App\Controllers\Dados))
 8 SYSTEMPATH\CodeIgniter.php(368): CodeIgniter\CodeIgniter->handleRequest(null, Object(Config\Cache), false)
 9 FCPATH\index.php(67): CodeIgniter\CodeIgniter->run()
CRITICAL - 2023-06-22 00:49:20 --> Undefined variable $ConServico
in APPPATH\Views\AlterarServico_View.php on line 24.
 1 APPPATH\Views\AlterarServico_View.php(24): CodeIgniter\Debug\Exceptions->errorHandler(2, 'Undefined variable $ConServico', 'C:\\xampp\\htdocs\\ProjetoWeb\\app\\Views\\AlterarServico_View.php', 24)
 2 SYSTEMPATH\View\View.php(213): include('C:\\xampp\\htdocs\\ProjetoWeb\\app\\Views\\AlterarServico_View.php')
 3 SYSTEMPATH\View\View.php(216): CodeIgniter\View\View->CodeIgniter\View\{closure}()
 4 SYSTEMPATH\Common.php(1184): CodeIgniter\View\View->render('AlterarServico_View', [], true)
 5 APPPATH\Controllers\Dados.php(543): view('AlterarServico_View')
 6 SYSTEMPATH\CodeIgniter.php(934): App\Controllers\Dados->alterarServico2('19')
 7 SYSTEMPATH\CodeIgniter.php(499): CodeIgniter\CodeIgniter->runController(Object(App\Controllers\Dados))
 8 SYSTEMPATH\CodeIgniter.php(368): CodeIgniter\CodeIgniter->handleRequest(null, Object(Config\Cache), false)
 9 FCPATH\index.php(67): CodeIgniter\CodeIgniter->run()
CRITICAL - 2023-06-22 00:50:28 --> Undefined variable $ConServico
in APPPATH\Views\AlterarServico_View.php on line 24.
 1 APPPATH\Views\AlterarServico_View.php(24): CodeIgniter\Debug\Exceptions->errorHandler(2, 'Undefined variable $ConServico', 'C:\\xampp\\htdocs\\ProjetoWeb\\app\\Views\\AlterarServico_View.php', 24)
 2 SYSTEMPATH\View\View.php(213): include('C:\\xampp\\htdocs\\ProjetoWeb\\app\\Views\\AlterarServico_View.php')
 3 SYSTEMPATH\View\View.php(216): CodeIgniter\View\View->CodeIgniter\View\{closure}()
 4 SYSTEMPATH\Common.php(1184): CodeIgniter\View\View->render('AlterarServico_View', [], true)
 5 APPPATH\Controllers\Dados.php(543): view('AlterarServico_View')
 6 SYSTEMPATH\CodeIgniter.php(934): App\Controllers\Dados->alterarServico2('19')
 7 SYSTEMPATH\CodeIgniter.php(499): CodeIgniter\CodeIgniter->runController(Object(App\Controllers\Dados))
 8 SYSTEMPATH\CodeIgniter.php(368): CodeIgniter\CodeIgniter->handleRequest(null, Object(Config\Cache), false)
 9 FCPATH\index.php(67): CodeIgniter\CodeIgniter->run()
CRITICAL - 2023-06-22 00:50:41 --> Undefined variable $ConServico
in APPPATH\Views\AlterarServico_View.php on line 24.
 1 APPPATH\Views\AlterarServico_View.php(24): CodeIgniter\Debug\Exceptions->errorHandler(2, 'Undefined variable $ConServico', 'C:\\xampp\\htdocs\\ProjetoWeb\\app\\Views\\AlterarServico_View.php', 24)
 2 SYSTEMPATH\View\View.php(213): include('C:\\xampp\\htdocs\\ProjetoWeb\\app\\Views\\AlterarServico_View.php')
 3 SYSTEMPATH\View\View.php(216): CodeIgniter\View\View->CodeIgniter\View\{closure}()
 4 SYSTEMPATH\Common.php(1184): CodeIgniter\View\View->render('AlterarServico_View', [], true)
 5 APPPATH\Controllers\Dados.php(543): view('AlterarServico_View')
 6 SYSTEMPATH\CodeIgniter.php(934): App\Controllers\Dados->alterarServico2('19')
 7 SYSTEMPATH\CodeIgniter.php(499): CodeIgniter\CodeIgniter->runController(Object(App\Controllers\Dados))
 8 SYSTEMPATH\CodeIgniter.php(368): CodeIgniter\CodeIgniter->handleRequest(null, Object(Config\Cache), false)
 9 FCPATH\index.php(67): CodeIgniter\CodeIgniter->run()
CRITICAL - 2023-06-22 00:50:49 --> Undefined variable $ConServico
in APPPATH\Views\AlterarServico_View.php on line 24.
 1 APPPATH\Views\AlterarServico_View.php(24): CodeIgniter\Debug\Exceptions->errorHandler(2, 'Undefined variable $ConServico', 'C:\\xampp\\htdocs\\ProjetoWeb\\app\\Views\\AlterarServico_View.php', 24)
 2 SYSTEMPATH\View\View.php(213): include('C:\\xampp\\htdocs\\ProjetoWeb\\app\\Views\\AlterarServico_View.php')
 3 SYSTEMPATH\View\View.php(216): CodeIgniter\View\View->CodeIgniter\View\{closure}()
 4 SYSTEMPATH\Common.php(1184): CodeIgniter\View\View->render('AlterarServico_View', [], true)
 5 APPPATH\Controllers\Dados.php(543): view('AlterarServico_View')
 6 SYSTEMPATH\CodeIgniter.php(934): App\Controllers\Dados->alterarServico2('19')
 7 SYSTEMPATH\CodeIgniter.php(499): CodeIgniter\CodeIgniter->runController(Object(App\Controllers\Dados))
 8 SYSTEMPATH\CodeIgniter.php(368): CodeIgniter\CodeIgniter->handleRequest(null, Object(Config\Cache), false)
 9 FCPATH\index.php(67): CodeIgniter\CodeIgniter->run()
CRITICAL - 2023-06-22 00:50:54 --> Undefined variable $ConServico
in APPPATH\Views\AlterarServico_View.php on line 24.
 1 APPPATH\Views\AlterarServico_View.php(24): CodeIgniter\Debug\Exceptions->errorHandler(2, 'Undefined variable $ConServico', 'C:\\xampp\\htdocs\\ProjetoWeb\\app\\Views\\AlterarServico_View.php', 24)
 2 SYSTEMPATH\View\View.php(213): include('C:\\xampp\\htdocs\\ProjetoWeb\\app\\Views\\AlterarServico_View.php')
 3 SYSTEMPATH\View\View.php(216): CodeIgniter\View\View->CodeIgniter\View\{closure}()
 4 SYSTEMPATH\Common.php(1184): CodeIgniter\View\View->render('AlterarServico_View', [], true)
 5 APPPATH\Controllers\Dados.php(543): view('AlterarServico_View')
 6 SYSTEMPATH\CodeIgniter.php(934): App\Controllers\Dados->alterarServico2('19')
 7 SYSTEMPATH\CodeIgniter.php(499): CodeIgniter\CodeIgniter->runController(Object(App\Controllers\Dados))
 8 SYSTEMPATH\CodeIgniter.php(368): CodeIgniter\CodeIgniter->handleRequest(null, Object(Config\Cache), false)
 9 FCPATH\index.php(67): CodeIgniter\CodeIgniter->run()
CRITICAL - 2023-06-22 01:02:42 --> Undefined variable $ConServico
in APPPATH\Views\AlterarServico_View.php on line 31.
 1 APPPATH\Views\AlterarServico_View.php(31): CodeIgniter\Debug\Exceptions->errorHandler(2, 'Undefined variable $ConServico', 'C:\\xampp\\htdocs\\ProjetoWeb\\app\\Views\\AlterarServico_View.php', 31)
 2 SYSTEMPATH\View\View.php(213): include('C:\\xampp\\htdocs\\ProjetoWeb\\app\\Views\\AlterarServico_View.php')
 3 SYSTEMPATH\View\View.php(216): CodeIgniter\View\View->CodeIgniter\View\{closure}()
 4 SYSTEMPATH\Common.php(1184): CodeIgniter\View\View->render('AlterarServico_View', [], true)
 5 APPPATH\Controllers\Dados.php(543): view('AlterarServico_View')
 6 SYSTEMPATH\CodeIgniter.php(934): App\Controllers\Dados->alterarServico2('19')
 7 SYSTEMPATH\CodeIgniter.php(499): CodeIgniter\CodeIgniter->runController(Object(App\Controllers\Dados))
 8 SYSTEMPATH\CodeIgniter.php(368): CodeIgniter\CodeIgniter->handleRequest(null, Object(Config\Cache), false)
 9 FCPATH\index.php(67): CodeIgniter\CodeIgniter->run()
CRITICAL - 2023-06-22 01:05:03 --> Undefined variable $ConServico
in APPPATH\Views\AlterarServico_View.php on line 24.
 1 APPPATH\Views\AlterarServico_View.php(24): CodeIgniter\Debug\Exceptions->errorHandler(2, 'Undefined variable $ConServico', 'C:\\xampp\\htdocs\\ProjetoWeb\\app\\Views\\AlterarServico_View.php', 24)
 2 SYSTEMPATH\View\View.php(213): include('C:\\xampp\\htdocs\\ProjetoWeb\\app\\Views\\AlterarServico_View.php')
 3 SYSTEMPATH\View\View.php(216): CodeIgniter\View\View->CodeIgniter\View\{closure}()
 4 SYSTEMPATH\Common.php(1184): CodeIgniter\View\View->render('AlterarServico_View', [], true)
 5 APPPATH\Controllers\Dados.php(543): view('AlterarServico_View')
 6 SYSTEMPATH\CodeIgniter.php(934): App\Controllers\Dados->alterarServico2('19')
 7 SYSTEMPATH\CodeIgniter.php(499): CodeIgniter\CodeIgniter->runController(Object(App\Controllers\Dados))
 8 SYSTEMPATH\CodeIgniter.php(368): CodeIgniter\CodeIgniter->handleRequest(null, Object(Config\Cache), false)
 9 FCPATH\index.php(67): CodeIgniter\CodeIgniter->run()
CRITICAL - 2023-06-22 01:05:52 --> Undefined variable $ConServico
in APPPATH\Views\AlterarServico_View.php on line 24.
 1 APPPATH\Views\AlterarServico_View.php(24): CodeIgniter\Debug\Exceptions->errorHandler(2, 'Undefined variable $ConServico', 'C:\\xampp\\htdocs\\ProjetoWeb\\app\\Views\\AlterarServico_View.php', 24)
 2 SYSTEMPATH\View\View.php(213): include('C:\\xampp\\htdocs\\ProjetoWeb\\app\\Views\\AlterarServico_View.php')
 3 SYSTEMPATH\View\View.php(216): CodeIgniter\View\View->CodeIgniter\View\{closure}()
 4 SYSTEMPATH\Common.php(1184): CodeIgniter\View\View->render('AlterarServico_View', [], true)
 5 APPPATH\Controllers\Dados.php(543): view('AlterarServico_View')
 6 SYSTEMPATH\CodeIgniter.php(934): App\Controllers\Dados->alterarServico2('19')
 7 SYSTEMPATH\CodeIgniter.php(499): CodeIgniter\CodeIgniter->runController(Object(App\Controllers\Dados))
 8 SYSTEMPATH\CodeIgniter.php(368): CodeIgniter\CodeIgniter->handleRequest(null, Object(Config\Cache), false)
 9 FCPATH\index.php(67): CodeIgniter\CodeIgniter->run()
CRITICAL - 2023-06-22 01:10:02 --> Undefined variable $ConServico
in APPPATH\Views\AlterarServico_View.php on line 24.
 1 APPPATH\Views\AlterarServico_View.php(24): CodeIgniter\Debug\Exceptions->errorHandler(2, 'Undefined variable $ConServico', 'C:\\xampp\\htdocs\\ProjetoWeb\\app\\Views\\AlterarServico_View.php', 24)
 2 SYSTEMPATH\View\View.php(213): include('C:\\xampp\\htdocs\\ProjetoWeb\\app\\Views\\AlterarServico_View.php')
 3 SYSTEMPATH\View\View.php(216): CodeIgniter\View\View->CodeIgniter\View\{closure}()
 4 SYSTEMPATH\Common.php(1184): CodeIgniter\View\View->render('AlterarServico_View', [], true)
 5 APPPATH\Controllers\Dados.php(543): view('AlterarServico_View')
 6 SYSTEMPATH\CodeIgniter.php(934): App\Controllers\Dados->alterarServico2('19')
 7 SYSTEMPATH\CodeIgniter.php(499): CodeIgniter\CodeIgniter->runController(Object(App\Controllers\Dados))
 8 SYSTEMPATH\CodeIgniter.php(368): CodeIgniter\CodeIgniter->handleRequest(null, Object(Config\Cache), false)
 9 FCPATH\index.php(67): CodeIgniter\CodeIgniter->run()
CRITICAL - 2023-06-22 01:10:30 --> Undefined variable $ConCli
in APPPATH\Views\AlterarServico_View.php on line 24.
 1 APPPATH\Views\AlterarServico_View.php(24): CodeIgniter\Debug\Exceptions->errorHandler(2, 'Undefined variable $ConCli', 'C:\\xampp\\htdocs\\ProjetoWeb\\app\\Views\\AlterarServico_View.php', 24)
 2 SYSTEMPATH\View\View.php(213): include('C:\\xampp\\htdocs\\ProjetoWeb\\app\\Views\\AlterarServico_View.php')
 3 SYSTEMPATH\View\View.php(216): CodeIgniter\View\View->CodeIgniter\View\{closure}()
 4 SYSTEMPATH\Common.php(1184): CodeIgniter\View\View->render('AlterarServico_View', [], true)
 5 APPPATH\Controllers\Dados.php(543): view('AlterarServico_View')
 6 SYSTEMPATH\CodeIgniter.php(934): App\Controllers\Dados->alterarServico2('19')
 7 SYSTEMPATH\CodeIgniter.php(499): CodeIgniter\CodeIgniter->runController(Object(App\Controllers\Dados))
 8 SYSTEMPATH\CodeIgniter.php(368): CodeIgniter\CodeIgniter->handleRequest(null, Object(Config\Cache), false)
 9 FCPATH\index.php(67): CodeIgniter\CodeIgniter->run()
CRITICAL - 2023-06-22 01:10:49 --> Undefined variable $ConServico
in APPPATH\Views\AlterarServico_View.php on line 24.
 1 APPPATH\Views\AlterarServico_View.php(24): CodeIgniter\Debug\Exceptions->errorHandler(2, 'Undefined variable $ConServico', 'C:\\xampp\\htdocs\\ProjetoWeb\\app\\Views\\AlterarServico_View.php', 24)
 2 SYSTEMPATH\View\View.php(213): include('C:\\xampp\\htdocs\\ProjetoWeb\\app\\Views\\AlterarServico_View.php')
 3 SYSTEMPATH\View\View.php(216): CodeIgniter\View\View->CodeIgniter\View\{closure}()
 4 SYSTEMPATH\Common.php(1184): CodeIgniter\View\View->render('AlterarServico_View', [], true)
 5 APPPATH\Controllers\Dados.php(543): view('AlterarServico_View')
 6 SYSTEMPATH\CodeIgniter.php(934): App\Controllers\Dados->alterarServico2('19')
 7 SYSTEMPATH\CodeIgniter.php(499): CodeIgniter\CodeIgniter->runController(Object(App\Controllers\Dados))
 8 SYSTEMPATH\CodeIgniter.php(368): CodeIgniter\CodeIgniter->handleRequest(null, Object(Config\Cache), false)
 9 FCPATH\index.php(67): CodeIgniter\CodeIgniter->run()
CRITICAL - 2023-06-22 01:10:53 --> Undefined variable $ConServico
in APPPATH\Views\AlterarServico_View.php on line 24.
 1 APPPATH\Views\AlterarServico_View.php(24): CodeIgniter\Debug\Exceptions->errorHandler(2, 'Undefined variable $ConServico', 'C:\\xampp\\htdocs\\ProjetoWeb\\app\\Views\\AlterarServico_View.php', 24)
 2 SYSTEMPATH\View\View.php(213): include('C:\\xampp\\htdocs\\ProjetoWeb\\app\\Views\\AlterarServico_View.php')
 3 SYSTEMPATH\View\View.php(216): CodeIgniter\View\View->CodeIgniter\View\{closure}()
 4 SYSTEMPATH\Common.php(1184): CodeIgniter\View\View->render('AlterarServico_View', [], true)
 5 APPPATH\Controllers\Dados.php(543): view('AlterarServico_View')
 6 SYSTEMPATH\CodeIgniter.php(934): App\Controllers\Dados->alterarServico2('19')
 7 SYSTEMPATH\CodeIgniter.php(499): CodeIgniter\CodeIgniter->runController(Object(App\Controllers\Dados))
 8 SYSTEMPATH\CodeIgniter.php(368): CodeIgniter\CodeIgniter->handleRequest(null, Object(Config\Cache), false)
 9 FCPATH\index.php(67): CodeIgniter\CodeIgniter->run()
CRITICAL - 2023-06-22 01:12:17 --> Undefined variable $cod
in APPPATH\Views\AlterarServico_View.php on line 26.
 1 APPPATH\Views\AlterarServico_View.php(26): CodeIgniter\Debug\Exceptions->errorHandler(2, 'Undefined variable $cod', 'C:\\xampp\\htdocs\\ProjetoWeb\\app\\Views\\AlterarServico_View.php', 26)
 2 SYSTEMPATH\View\View.php(213): include('C:\\xampp\\htdocs\\ProjetoWeb\\app\\Views\\AlterarServico_View.php')
 3 SYSTEMPATH\View\View.php(216): CodeIgniter\View\View->CodeIgniter\View\{closure}()
 4 SYSTEMPATH\Common.php(1184): CodeIgniter\View\View->render('AlterarServico_View', [], true)
 5 APPPATH\Controllers\Dados.php(543): view('AlterarServico_View')
 6 SYSTEMPATH\CodeIgniter.php(934): App\Controllers\Dados->alterarServico2('19')
 7 SYSTEMPATH\CodeIgniter.php(499): CodeIgniter\CodeIgniter->runController(Object(App\Controllers\Dados))
 8 SYSTEMPATH\CodeIgniter.php(368): CodeIgniter\CodeIgniter->handleRequest(null, Object(Config\Cache), false)
 9 FCPATH\index.php(67): CodeIgniter\CodeIgniter->run()
CRITICAL - 2023-06-22 01:13:27 --> Class "Banco_Query" not found
in APPPATH\Views\AlterarServico_View.php on line 24.
 1 SYSTEMPATH\View\View.php(213): include()
 2 SYSTEMPATH\View\View.php(216): CodeIgniter\View\View->CodeIgniter\View\{closure}()
 3 SYSTEMPATH\Common.php(1184): CodeIgniter\View\View->render('AlterarServico_View', [], true)
 4 APPPATH\Controllers\Dados.php(539): view('AlterarServico_View', [...])
 5 SYSTEMPATH\CodeIgniter.php(934): App\Controllers\Dados->alterarServico('19')
 6 SYSTEMPATH\CodeIgniter.php(499): CodeIgniter\CodeIgniter->runController(Object(App\Controllers\Dados))
 7 SYSTEMPATH\CodeIgniter.php(368): CodeIgniter\CodeIgniter->handleRequest(null, Object(Config\Cache), false)
 8 FCPATH\index.php(67): CodeIgniter\CodeIgniter->run()
CRITICAL - 2023-06-22 01:13:48 --> Undefined variable $ConServico
in APPPATH\Views\AlterarServico_View.php on line 25.
 1 APPPATH\Views\AlterarServico_View.php(25): CodeIgniter\Debug\Exceptions->errorHandler(2, 'Undefined variable $ConServico', 'C:\\xampp\\htdocs\\ProjetoWeb\\app\\Views\\AlterarServico_View.php', 25)
 2 SYSTEMPATH\View\View.php(213): include('C:\\xampp\\htdocs\\ProjetoWeb\\app\\Views\\AlterarServico_View.php')
 3 SYSTEMPATH\View\View.php(216): CodeIgniter\View\View->CodeIgniter\View\{closure}()
 4 SYSTEMPATH\Common.php(1184): CodeIgniter\View\View->render('AlterarServico_View', [], true)
 5 APPPATH\Controllers\Dados.php(543): view('AlterarServico_View')
 6 SYSTEMPATH\CodeIgniter.php(934): App\Controllers\Dados->alterarServico2('19')
 7 SYSTEMPATH\CodeIgniter.php(499): CodeIgniter\CodeIgniter->runController(Object(App\Controllers\Dados))
 8 SYSTEMPATH\CodeIgniter.php(368): CodeIgniter\CodeIgniter->handleRequest(null, Object(Config\Cache), false)
 9 FCPATH\index.php(67): CodeIgniter\CodeIgniter->run()
CRITICAL - 2023-06-22 01:14:10 --> Call to a member function getResult() on string
in APPPATH\Views\AlterarServico_View.php on line 25.
 1 SYSTEMPATH\View\View.php(213): include()
 2 SYSTEMPATH\View\View.php(216): CodeIgniter\View\View->CodeIgniter\View\{closure}()
 3 SYSTEMPATH\Common.php(1184): CodeIgniter\View\View->render('AlterarServico_View', [], true)
 4 APPPATH\Controllers\Dados.php(543): view('AlterarServico_View')
 5 SYSTEMPATH\CodeIgniter.php(934): App\Controllers\Dados->alterarServico2('19')
 6 SYSTEMPATH\CodeIgniter.php(499): CodeIgniter\CodeIgniter->runController(Object(App\Controllers\Dados))
 7 SYSTEMPATH\CodeIgniter.php(368): CodeIgniter\CodeIgniter->handleRequest(null, Object(Config\Cache), false)
 8 FCPATH\index.php(67): CodeIgniter\CodeIgniter->run()
CRITICAL - 2023-06-22 01:14:29 --> Undefined variable $ConServico
in APPPATH\Views\AlterarServico_View.php on line 24.
 1 APPPATH\Views\AlterarServico_View.php(24): CodeIgniter\Debug\Exceptions->errorHandler(2, 'Undefined variable $ConServico', 'C:\\xampp\\htdocs\\ProjetoWeb\\app\\Views\\AlterarServico_View.php', 24)
 2 SYSTEMPATH\View\View.php(213): include('C:\\xampp\\htdocs\\ProjetoWeb\\app\\Views\\AlterarServico_View.php')
 3 SYSTEMPATH\View\View.php(216): CodeIgniter\View\View->CodeIgniter\View\{closure}()
 4 SYSTEMPATH\Common.php(1184): CodeIgniter\View\View->render('AlterarServico_View', [], true)
 5 APPPATH\Controllers\Dados.php(543): view('AlterarServico_View')
 6 SYSTEMPATH\CodeIgniter.php(934): App\Controllers\Dados->alterarServico2('19')
 7 SYSTEMPATH\CodeIgniter.php(499): CodeIgniter\CodeIgniter->runController(Object(App\Controllers\Dados))
 8 SYSTEMPATH\CodeIgniter.php(368): CodeIgniter\CodeIgniter->handleRequest(null, Object(Config\Cache), false)
 9 FCPATH\index.php(67): CodeIgniter\CodeIgniter->run()
CRITICAL - 2023-06-22 01:25:07 --> Undefined variable $ConTipoServico
in APPPATH\Views\AlterarServico_View.php on line 22.
 1 APPPATH\Views\AlterarServico_View.php(22): CodeIgniter\Debug\Exceptions->errorHandler(2, 'Undefined variable $ConTipoServico', 'C:\\xampp\\htdocs\\ProjetoWeb\\app\\Views\\AlterarServico_View.php', 22)
 2 SYSTEMPATH\View\View.php(213): include('C:\\xampp\\htdocs\\ProjetoWeb\\app\\Views\\AlterarServico_View.php')
 3 SYSTEMPATH\View\View.php(216): CodeIgniter\View\View->CodeIgniter\View\{closure}()
 4 SYSTEMPATH\Common.php(1184): CodeIgniter\View\View->render('AlterarServico_View', [], true)
 5 APPPATH\Controllers\Dados.php(539): view('AlterarServico_View', [...])
 6 SYSTEMPATH\CodeIgniter.php(934): App\Controllers\Dados->alterarServico('19')
 7 SYSTEMPATH\CodeIgniter.php(499): CodeIgniter\CodeIgniter->runController(Object(App\Controllers\Dados))
 8 SYSTEMPATH\CodeIgniter.php(368): CodeIgniter\CodeIgniter->handleRequest(null, Object(Config\Cache), false)
 9 FCPATH\index.php(67): CodeIgniter\CodeIgniter->run()
CRITICAL - 2023-06-22 01:25:15 --> Undefined variable $ConTipoServico
in APPPATH\Views\AlterarServico_View.php on line 22.
 1 APPPATH\Views\AlterarServico_View.php(22): CodeIgniter\Debug\Exceptions->errorHandler(2, 'Undefined variable $ConTipoServico', 'C:\\xampp\\htdocs\\ProjetoWeb\\app\\Views\\AlterarServico_View.php', 22)
 2 SYSTEMPATH\View\View.php(213): include('C:\\xampp\\htdocs\\ProjetoWeb\\app\\Views\\AlterarServico_View.php')
 3 SYSTEMPATH\View\View.php(216): CodeIgniter\View\View->CodeIgniter\View\{closure}()
 4 SYSTEMPATH\Common.php(1184): CodeIgniter\View\View->render('AlterarServico_View', [], true)
 5 APPPATH\Controllers\Dados.php(539): view('AlterarServico_View', [...])
 6 SYSTEMPATH\CodeIgniter.php(934): App\Controllers\Dados->alterarServico('11')
 7 SYSTEMPATH\CodeIgniter.php(499): CodeIgniter\CodeIgniter->runController(Object(App\Controllers\Dados))
 8 SYSTEMPATH\CodeIgniter.php(368): CodeIgniter\CodeIgniter->handleRequest(null, Object(Config\Cache), false)
 9 FCPATH\index.php(67): CodeIgniter\CodeIgniter->run()
CRITICAL - 2023-06-22 01:25:37 --> Undefined variable $ConServico
in APPPATH\Views\AlterarServico_View.php on line 22.
 1 APPPATH\Views\AlterarServico_View.php(22): CodeIgniter\Debug\Exceptions->errorHandler(2, 'Undefined variable $ConServico', 'C:\\xampp\\htdocs\\ProjetoWeb\\app\\Views\\AlterarServico_View.php', 22)
 2 SYSTEMPATH\View\View.php(213): include('C:\\xampp\\htdocs\\ProjetoWeb\\app\\Views\\AlterarServico_View.php')
 3 SYSTEMPATH\View\View.php(216): CodeIgniter\View\View->CodeIgniter\View\{closure}()
 4 SYSTEMPATH\Common.php(1184): CodeIgniter\View\View->render('AlterarServico_View', [], true)
 5 APPPATH\Controllers\Dados.php(543): view('AlterarServico_View')
 6 SYSTEMPATH\CodeIgniter.php(934): App\Controllers\Dados->alterarServico2('11')
 7 SYSTEMPATH\CodeIgniter.php(499): CodeIgniter\CodeIgniter->runController(Object(App\Controllers\Dados))
 8 SYSTEMPATH\CodeIgniter.php(368): CodeIgniter\CodeIgniter->handleRequest(null, Object(Config\Cache), false)
 9 FCPATH\index.php(67): CodeIgniter\CodeIgniter->run()
CRITICAL - 2023-06-22 01:29:55 --> Undefined variable $ConServico
in APPPATH\Views\AlterarServico_View.php on line 24.
 1 APPPATH\Views\AlterarServico_View.php(24): CodeIgniter\Debug\Exceptions->errorHandler(2, 'Undefined variable $ConServico', 'C:\\xampp\\htdocs\\ProjetoWeb\\app\\Views\\AlterarServico_View.php', 24)
 2 SYSTEMPATH\View\View.php(213): include('C:\\xampp\\htdocs\\ProjetoWeb\\app\\Views\\AlterarServico_View.php')
 3 SYSTEMPATH\View\View.php(216): CodeIgniter\View\View->CodeIgniter\View\{closure}()
 4 SYSTEMPATH\Common.php(1184): CodeIgniter\View\View->render('AlterarServico_View', [], true)
 5 APPPATH\Controllers\Dados.php(543): view('AlterarServico_View')
 6 SYSTEMPATH\CodeIgniter.php(934): App\Controllers\Dados->alterarServico2('11')
 7 SYSTEMPATH\CodeIgniter.php(499): CodeIgniter\CodeIgniter->runController(Object(App\Controllers\Dados))
 8 SYSTEMPATH\CodeIgniter.php(368): CodeIgniter\CodeIgniter->handleRequest(null, Object(Config\Cache), false)
 9 FCPATH\index.php(67): CodeIgniter\CodeIgniter->run()
CRITICAL - 2023-06-22 01:30:57 --> Undefined variable $ConServico
in APPPATH\Views\AlterarServico_View.php on line 24.
 1 APPPATH\Views\AlterarServico_View.php(24): CodeIgniter\Debug\Exceptions->errorHandler(2, 'Undefined variable $ConServico', 'C:\\xampp\\htdocs\\ProjetoWeb\\app\\Views\\AlterarServico_View.php', 24)
 2 SYSTEMPATH\View\View.php(213): include('C:\\xampp\\htdocs\\ProjetoWeb\\app\\Views\\AlterarServico_View.php')
 3 SYSTEMPATH\View\View.php(216): CodeIgniter\View\View->CodeIgniter\View\{closure}()
 4 SYSTEMPATH\Common.php(1184): CodeIgniter\View\View->render('AlterarServico_View', [], true)
 5 APPPATH\Controllers\Dados.php(543): view('AlterarServico_View')
 6 SYSTEMPATH\CodeIgniter.php(934): App\Controllers\Dados->alterarServico2('11')
 7 SYSTEMPATH\CodeIgniter.php(499): CodeIgniter\CodeIgniter->runController(Object(App\Controllers\Dados))
 8 SYSTEMPATH\CodeIgniter.php(368): CodeIgniter\CodeIgniter->handleRequest(null, Object(Config\Cache), false)
 9 FCPATH\index.php(67): CodeIgniter\CodeIgniter->run()
CRITICAL - 2023-06-22 01:32:16 --> Undefined variable $ConServico
in APPPATH\Views\AlterarServico_View.php on line 23.
 1 APPPATH\Views\AlterarServico_View.php(23): CodeIgniter\Debug\Exceptions->errorHandler(2, 'Undefined variable $ConServico', 'C:\\xampp\\htdocs\\ProjetoWeb\\app\\Views\\AlterarServico_View.php', 23)
 2 SYSTEMPATH\View\View.php(213): include('C:\\xampp\\htdocs\\ProjetoWeb\\app\\Views\\AlterarServico_View.php')
 3 SYSTEMPATH\View\View.php(216): CodeIgniter\View\View->CodeIgniter\View\{closure}()
 4 SYSTEMPATH\Common.php(1184): CodeIgniter\View\View->render('AlterarServico_View', [], true)
 5 APPPATH\Controllers\Dados.php(543): view('AlterarServico_View')
 6 SYSTEMPATH\CodeIgniter.php(934): App\Controllers\Dados->alterarServico2('11')
 7 SYSTEMPATH\CodeIgniter.php(499): CodeIgniter\CodeIgniter->runController(Object(App\Controllers\Dados))
 8 SYSTEMPATH\CodeIgniter.php(368): CodeIgniter\CodeIgniter->handleRequest(null, Object(Config\Cache), false)
 9 FCPATH\index.php(67): CodeIgniter\CodeIgniter->run()
CRITICAL - 2023-06-22 01:33:31 --> Undefined variable $ConServico
in APPPATH\Views\AlterarServico_View.php on line 24.
 1 APPPATH\Views\AlterarServico_View.php(24): CodeIgniter\Debug\Exceptions->errorHandler(2, 'Undefined variable $ConServico', 'C:\\xampp\\htdocs\\ProjetoWeb\\app\\Views\\AlterarServico_View.php', 24)
 2 SYSTEMPATH\View\View.php(213): include('C:\\xampp\\htdocs\\ProjetoWeb\\app\\Views\\AlterarServico_View.php')
 3 SYSTEMPATH\View\View.php(216): CodeIgniter\View\View->CodeIgniter\View\{closure}()
 4 SYSTEMPATH\Common.php(1184): CodeIgniter\View\View->render('AlterarServico_View', [], true)
 5 APPPATH\Controllers\Dados.php(543): view('AlterarServico_View')
 6 SYSTEMPATH\CodeIgniter.php(934): App\Controllers\Dados->alterarServico2('11')
 7 SYSTEMPATH\CodeIgniter.php(499): CodeIgniter\CodeIgniter->runController(Object(App\Controllers\Dados))
 8 SYSTEMPATH\CodeIgniter.php(368): CodeIgniter\CodeIgniter->handleRequest(null, Object(Config\Cache), false)
 9 FCPATH\index.php(67): CodeIgniter\CodeIgniter->run()
CRITICAL - 2023-06-22 01:44:37 --> Class "SelectOptions" not found
in APPPATH\Views\AlterarAtendimento_View.php on line 29.
 1 SYSTEMPATH\View\View.php(213): include()
 2 SYSTEMPATH\View\View.php(216): CodeIgniter\View\View->CodeIgniter\View\{closure}()
 3 SYSTEMPATH\Common.php(1184): CodeIgniter\View\View->render('AlterarAtendimento_View', [], true)
 4 APPPATH\Controllers\Dados.php(549): view('AlterarAtendimento_View', [...])
 5 SYSTEMPATH\CodeIgniter.php(934): App\Controllers\Dados->alterarAtendimento('3')
 6 SYSTEMPATH\CodeIgniter.php(499): CodeIgniter\CodeIgniter->runController(Object(App\Controllers\Dados))
 7 SYSTEMPATH\CodeIgniter.php(368): CodeIgniter\CodeIgniter->handleRequest(null, Object(Config\Cache), false)
 8 FCPATH\index.php(67): CodeIgniter\CodeIgniter->run()
CRITICAL - 2023-06-22 01:46:37 --> Undefined variable $ConAtendimento
in APPPATH\Views\AlterarAtendimento_View.php on line 24.
 1 APPPATH\Views\AlterarAtendimento_View.php(24): CodeIgniter\Debug\Exceptions->errorHandler(2, 'Undefined variable $ConAtendimento', 'C:\\xampp\\htdocs\\ProjetoWeb\\app\\Views\\AlterarAtendimento_View.php', 24)
 2 SYSTEMPATH\View\View.php(213): include('C:\\xampp\\htdocs\\ProjetoWeb\\app\\Views\\AlterarAtendimento_View.php')
 3 SYSTEMPATH\View\View.php(216): CodeIgniter\View\View->CodeIgniter\View\{closure}()
 4 SYSTEMPATH\Common.php(1184): CodeIgniter\View\View->render('AlterarAtendimento_View', [], true)
 5 APPPATH\Controllers\Dados.php(553): view('AlterarAtendimento_View')
 6 SYSTEMPATH\CodeIgniter.php(934): App\Controllers\Dados->alterarAtendimento2('3')
 7 SYSTEMPATH\CodeIgniter.php(499): CodeIgniter\CodeIgniter->runController(Object(App\Controllers\Dados))
 8 SYSTEMPATH\CodeIgniter.php(368): CodeIgniter\CodeIgniter->handleRequest(null, Object(Config\Cache), false)
 9 FCPATH\index.php(67): CodeIgniter\CodeIgniter->run()
INFO - 2023-06-22 13:33:35 --> Session: Class initialized using 'CodeIgniter\Session\Handlers\FileHandler' driver.
INFO - 2023-06-22 13:33:42 --> Session: Class initialized using 'CodeIgniter\Session\Handlers\FileHandler' driver.
ERROR - 2023-06-22 13:34:03 --> Error connecting to the database: mysqli_sql_exception: Access denied for user 'root'@'localhost' (using password: NO) in C:\xampp\htdocs\ProjetoWeb\system\Database\MySQLi\Connection.php:174
Stack trace:
#0 C:\xampp\htdocs\ProjetoWeb\system\Database\MySQLi\Connection.php(174): mysqli->real_connect('localhost', 'root', '', 'projetoweb', 3306, '', 0)
#1 C:\xampp\htdocs\ProjetoWeb\system\Database\BaseConnection.php(391): CodeIgniter\Database\MySQLi\Connection->connect(false)
#2 C:\xampp\htdocs\ProjetoWeb\system\Database\BaseConnection.php(573): CodeIgniter\Database\BaseConnection->initialize()
#3 C:\xampp\htdocs\ProjetoWeb\app\Models\Banco_Query.php(51): CodeIgniter\Database\BaseConnection->query('SELECT * FROM c...')
#4 C:\xampp\htdocs\ProjetoWeb\app\Controllers\Dados.php(266): App\Models\Banco_Query->consultaCli(NULL)
#5 C:\xampp\htdocs\ProjetoWeb\system\CodeIgniter.php(934): App\Controllers\Dados->consultaCli()
#6 C:\xampp\htdocs\ProjetoWeb\system\CodeIgniter.php(499): CodeIgniter\CodeIgniter->runController(Object(App\Controllers\Dados))
#7 C:\xampp\htdocs\ProjetoWeb\system\CodeIgniter.php(368): CodeIgniter\CodeIgniter->handleRequest(NULL, Object(Config\Cache), false)
#8 C:\xampp\htdocs\ProjetoWeb\public\index.php(67): CodeIgniter\CodeIgniter->run()
#9 {main}

Next CodeIgniter\Database\Exceptions\DatabaseException: Access denied for user '****'@'localhost' (using password: NO) in C:\xampp\htdocs\ProjetoWeb\system\Database\MySQLi\Connection.php:218
Stack trace:
#0 C:\xampp\htdocs\ProjetoWeb\system\Database\BaseConnection.php(391): CodeIgniter\Database\MySQLi\Connection->connect(false)
#1 C:\xampp\htdocs\ProjetoWeb\system\Database\BaseConnection.php(573): CodeIgniter\Database\BaseConnection->initialize()
#2 C:\xampp\htdocs\ProjetoWeb\app\Models\Banco_Query.php(51): CodeIgniter\Database\BaseConnection->query('SELECT * FROM c...')
#3 C:\xampp\htdocs\ProjetoWeb\app\Controllers\Dados.php(266): App\Models\Banco_Query->consultaCli(NULL)
#4 C:\xampp\htdocs\ProjetoWeb\system\CodeIgniter.php(934): App\Controllers\Dados->consultaCli()
#5 C:\xampp\htdocs\ProjetoWeb\system\CodeIgniter.php(499): CodeIgniter\CodeIgniter->runController(Object(App\Controllers\Dados))
#6 C:\xampp\htdocs\ProjetoWeb\system\CodeIgniter.php(368): CodeIgniter\CodeIgniter->handleRequest(NULL, Object(Config\Cache), false)
#7 C:\xampp\htdocs\ProjetoWeb\public\index.php(67): CodeIgniter\CodeIgniter->run()
#8 {main}
CRITICAL - 2023-06-22 13:34:03 --> Unable to connect to the database.
Main connection [MySQLi]: Access denied for user '****'@'localhost' (using password: NO)
in SYSTEMPATH\Database\BaseConnection.php on line 427.
 1 SYSTEMPATH\Database\BaseConnection.php(573): CodeIgniter\Database\BaseConnection->initialize()
 2 APPPATH\Models\Banco_Query.php(51): CodeIgniter\Database\BaseConnection->query('SELECT * FROM cliente WHERE Nome LIKE \'%\'')
 3 APPPATH\Controllers\Dados.php(266): App\Models\Banco_Query->consultaCli(null)
 4 SYSTEMPATH\CodeIgniter.php(934): App\Controllers\Dados->consultaCli()
 5 SYSTEMPATH\CodeIgniter.php(499): CodeIgniter\CodeIgniter->runController(Object(App\Controllers\Dados))
 6 SYSTEMPATH\CodeIgniter.php(368): CodeIgniter\CodeIgniter->handleRequest(null, Object(Config\Cache), false)
 7 FCPATH\index.php(67): CodeIgniter\CodeIgniter->run()
INFO - 2023-06-22 13:50:24 --> Session: Class initialized using 'CodeIgniter\Session\Handlers\FileHandler' driver.
ERROR - 2023-06-22 13:50:34 --> Error connecting to the database: mysqli_sql_exception: Access denied for user 'root'@'localhost' (using password: NO) in C:\xampp\htdocs\ProjetoWeb\system\Database\MySQLi\Connection.php:174
Stack trace:
#0 C:\xampp\htdocs\ProjetoWeb\system\Database\MySQLi\Connection.php(174): mysqli->real_connect('localhost', 'root', '', 'projetoweb', 3306, '', 0)
#1 C:\xampp\htdocs\ProjetoWeb\system\Database\BaseConnection.php(391): CodeIgniter\Database\MySQLi\Connection->connect(false)
#2 C:\xampp\htdocs\ProjetoWeb\system\Database\BaseConnection.php(573): CodeIgniter\Database\BaseConnection->initialize()
#3 C:\xampp\htdocs\ProjetoWeb\app\Models\Banco_Query.php(13): CodeIgniter\Database\BaseConnection->query('INSERT INTO `cl...')
#4 C:\xampp\htdocs\ProjetoWeb\app\Controllers\Dados.php(39): App\Models\Banco_Query->cadastrarCliente('', '$2y$10$dBfIk0pZ...', '', NULL, '', '', '', '', '', '', '', '', '', '')
#5 C:\xampp\htdocs\ProjetoWeb\system\CodeIgniter.php(934): App\Controllers\Dados->cadastrarC2()
#6 C:\xampp\htdocs\ProjetoWeb\system\CodeIgniter.php(499): CodeIgniter\CodeIgniter->runController(Object(App\Controllers\Dados))
#7 C:\xampp\htdocs\ProjetoWeb\system\CodeIgniter.php(368): CodeIgniter\CodeIgniter->handleRequest(NULL, Object(Config\Cache), false)
#8 C:\xampp\htdocs\ProjetoWeb\public\index.php(67): CodeIgniter\CodeIgniter->run()
#9 {main}

Next CodeIgniter\Database\Exceptions\DatabaseException: Access denied for user '****'@'localhost' (using password: NO) in C:\xampp\htdocs\ProjetoWeb\system\Database\MySQLi\Connection.php:218
Stack trace:
#0 C:\xampp\htdocs\ProjetoWeb\system\Database\BaseConnection.php(391): CodeIgniter\Database\MySQLi\Connection->connect(false)
#1 C:\xampp\htdocs\ProjetoWeb\system\Database\BaseConnection.php(573): CodeIgniter\Database\BaseConnection->initialize()
#2 C:\xampp\htdocs\ProjetoWeb\app\Models\Banco_Query.php(13): CodeIgniter\Database\BaseConnection->query('INSERT INTO `cl...')
#3 C:\xampp\htdocs\ProjetoWeb\app\Controllers\Dados.php(39): App\Models\Banco_Query->cadastrarCliente('', '$2y$10$dBfIk0pZ...', '', NULL, '', '', '', '', '', '', '', '', '', '')
#4 C:\xampp\htdocs\ProjetoWeb\system\CodeIgniter.php(934): App\Controllers\Dados->cadastrarC2()
#5 C:\xampp\htdocs\ProjetoWeb\system\CodeIgniter.php(499): CodeIgniter\CodeIgniter->runController(Object(App\Controllers\Dados))
#6 C:\xampp\htdocs\ProjetoWeb\system\CodeIgniter.php(368): CodeIgniter\CodeIgniter->handleRequest(NULL, Object(Config\Cache), false)
#7 C:\xampp\htdocs\ProjetoWeb\public\index.php(67): CodeIgniter\CodeIgniter->run()
#8 {main}
CRITICAL - 2023-06-22 13:50:34 --> Unable to connect to the database.
Main connection [MySQLi]: Access denied for user '****'@'localhost' (using password: NO)
in SYSTEMPATH\Database\BaseConnection.php on line 427.
 1 SYSTEMPATH\Database\BaseConnection.php(573): CodeIgniter\Database\BaseConnection->initialize()
 2 APPPATH\Models\Banco_Query.php(13): CodeIgniter\Database\BaseConnection->query('INSERT INTO `cliente` (`Nome`, `Senha`, `E_mail`, `Situacao`, `CPF`, `FoneRes`, `FoneCom`, `Celular`, `Cidade`, `Numero`, `Estado`, `Complemento`, `CEP`, `Logradouro`) VALUES (\'\', \'$2y$10$dBfIk0pZW2/Bovjv/fA8tuoHjJ1emP0s4bAhR.apbPvldxODm4Vki\', \'\', \'\', \'\', \'\', \'\', \'\', \'\', \'\', \'\', \'\', \'\', \'\')')
 3 APPPATH\Controllers\Dados.php(39): App\Models\Banco_Query->cadastrarCliente('', '$2y$10$dBfIk0pZW2/Bovjv/fA8tuoHjJ1emP0s4bAhR.apbPvldxODm4Vki', '', null, '', '', '', '', '', '', '', '', '', '')
 4 SYSTEMPATH\CodeIgniter.php(934): App\Controllers\Dados->cadastrarC2()
 5 SYSTEMPATH\CodeIgniter.php(499): CodeIgniter\CodeIgniter->runController(Object(App\Controllers\Dados))
 6 SYSTEMPATH\CodeIgniter.php(368): CodeIgniter\CodeIgniter->handleRequest(null, Object(Config\Cache), false)
 7 FCPATH\index.php(67): CodeIgniter\CodeIgniter->run()
INFO - 2023-06-22 13:51:51 --> Session: Class initialized using 'CodeIgniter\Session\Handlers\FileHandler' driver.
CRITICAL - 2023-06-22 13:51:51 --> mysqli_connect(): (HY000/1045): Access denied for user 'root'@'localhost' (using password: NO)
in APPPATH\Models\SelectOptions.php on line 33.
 1 [internal function]: CodeIgniter\Debug\Exceptions->errorHandler(2, 'mysqli_connect(): (HY000/1045): Access denied for user \'root\'@\'localhost\' (using password: NO)', 'C:\\xampp\\htdocs\\ProjetoWeb\\app\\Models\\SelectOptions.php', 33)
 2 APPPATH\Models\SelectOptions.php(33): mysqli_connect('127.0.0.1:3306', 'root', '')
 3 APPPATH\Views\CadServico_View.php(66): App\Models\SelectOptions->SelectTipoServ()
 4 SYSTEMPATH\View\View.php(213): include('C:\\xampp\\htdocs\\ProjetoWeb\\app\\Views\\CadServico_View.php')
 5 SYSTEMPATH\View\View.php(216): CodeIgniter\View\View->CodeIgniter\View\{closure}()
 6 SYSTEMPATH\Common.php(1184): CodeIgniter\View\View->render('CadServico_View', [], true)
 7 APPPATH\Controllers\Dados.php(181): view('CadServico_View')
 8 SYSTEMPATH\CodeIgniter.php(934): App\Controllers\Dados->cadastrarServico()
 9 SYSTEMPATH\CodeIgniter.php(499): CodeIgniter\CodeIgniter->runController(Object(App\Controllers\Dados))
10 SYSTEMPATH\CodeIgniter.php(368): CodeIgniter\CodeIgniter->handleRequest(null, Object(Config\Cache), false)
11 FCPATH\index.php(67): CodeIgniter\CodeIgniter->run()
CRITICAL - 2023-06-22 13:52:12 --> mysqli_connect(): (HY000/1045): Access denied for user 'root'@'localhost' (using password: NO)
in APPPATH\Models\SelectOptions.php on line 46.
 1 [internal function]: CodeIgniter\Debug\Exceptions->errorHandler(2, 'mysqli_connect(): (HY000/1045): Access denied for user \'root\'@\'localhost\' (using password: NO)', 'C:\\xampp\\htdocs\\ProjetoWeb\\app\\Models\\SelectOptions.php', 46)
 2 APPPATH\Models\SelectOptions.php(46): mysqli_connect('127.0.0.1:3306', 'root', '')
 3 APPPATH\Views\CadAtendimento_View.php(31): App\Models\SelectOptions->selectAnimal()
 4 SYSTEMPATH\View\View.php(213): include('C:\\xampp\\htdocs\\ProjetoWeb\\app\\Views\\CadAtendimento_View.php')
 5 SYSTEMPATH\View\View.php(216): CodeIgniter\View\View->CodeIgniter\View\{closure}()
 6 SYSTEMPATH\Common.php(1184): CodeIgniter\View\View->render('CadAtendimento_View', [], true)
 7 APPPATH\Controllers\Dados.php(240): view('CadAtendimento_View')
 8 SYSTEMPATH\CodeIgniter.php(934): App\Controllers\Dados->cadastrarAtendimento()
 9 SYSTEMPATH\CodeIgniter.php(499): CodeIgniter\CodeIgniter->runController(Object(App\Controllers\Dados))
10 SYSTEMPATH\CodeIgniter.php(368): CodeIgniter\CodeIgniter->handleRequest(null, Object(Config\Cache), false)
11 FCPATH\index.php(67): CodeIgniter\CodeIgniter->run()
CRITICAL - 2023-06-22 14:36:21 --> mysqli_connect(): (HY000/1045): Access denied for user 'root'@'localhost' (using password: NO)
in APPPATH\Models\SelectOptions.php on line 46.
 1 [internal function]: CodeIgniter\Debug\Exceptions->errorHandler(2, 'mysqli_connect(): (HY000/1045): Access denied for user \'root\'@\'localhost\' (using password: NO)', 'C:\\xampp\\htdocs\\ProjetoWeb\\app\\Models\\SelectOptions.php', 46)
 2 APPPATH\Models\SelectOptions.php(46): mysqli_connect('127.0.0.1:3306', 'root', '')
 3 APPPATH\Views\CadAtendimento_View.php(31): App\Models\SelectOptions->selectAnimal()
 4 SYSTEMPATH\View\View.php(213): include('C:\\xampp\\htdocs\\ProjetoWeb\\app\\Views\\CadAtendimento_View.php')
 5 SYSTEMPATH\View\View.php(216): CodeIgniter\View\View->CodeIgniter\View\{closure}()
 6 SYSTEMPATH\Common.php(1184): CodeIgniter\View\View->render('CadAtendimento_View', [], true)
 7 APPPATH\Controllers\Dados.php(240): view('CadAtendimento_View')
 8 SYSTEMPATH\CodeIgniter.php(934): App\Controllers\Dados->cadastrarAtendimento()
 9 SYSTEMPATH\CodeIgniter.php(499): CodeIgniter\CodeIgniter->runController(Object(App\Controllers\Dados))
10 SYSTEMPATH\CodeIgniter.php(368): CodeIgniter\CodeIgniter->handleRequest(null, Object(Config\Cache), false)
11 FCPATH\index.php(67): CodeIgniter\CodeIgniter->run()
INFO - 2023-06-22 17:40:15 --> Session: Class initialized using 'CodeIgniter\Session\Handlers\FileHandler' driver.
INFO - 2023-06-22 17:40:32 --> Session: Class initialized using 'CodeIgniter\Session\Handlers\FileHandler' driver.
INFO - 2023-06-22 17:40:32 --> Session: Class initialized using 'CodeIgniter\Session\Handlers\FileHandler' driver.
CRITICAL - 2023-06-22 17:42:47 --> Undefined variable $ConServico
in APPPATH\Views\AlterarServico_View.php on line 24.
 1 APPPATH\Views\AlterarServico_View.php(24): CodeIgniter\Debug\Exceptions->errorHandler(2, 'Undefined variable $ConServico', 'C:\\xampp\\htdocs\\ProjetoWeb\\app\\Views\\AlterarServico_View.php', 24)
 2 SYSTEMPATH\View\View.php(213): include('C:\\xampp\\htdocs\\ProjetoWeb\\app\\Views\\AlterarServico_View.php')
 3 SYSTEMPATH\View\View.php(216): CodeIgniter\View\View->CodeIgniter\View\{closure}()
 4 SYSTEMPATH\Common.php(1184): CodeIgniter\View\View->render('AlterarServico_View', [], true)
 5 APPPATH\Controllers\Dados.php(543): view('AlterarServico_View')
 6 SYSTEMPATH\CodeIgniter.php(934): App\Controllers\Dados->alterarServico2('2')
 7 SYSTEMPATH\CodeIgniter.php(499): CodeIgniter\CodeIgniter->runController(Object(App\Controllers\Dados))
 8 SYSTEMPATH\CodeIgniter.php(368): CodeIgniter\CodeIgniter->handleRequest(null, Object(Config\Cache), false)
 9 FCPATH\index.php(67): CodeIgniter\CodeIgniter->run()
CRITICAL - 2023-06-22 17:47:08 --> Undefined variable $ConServico
in APPPATH\Views\AlterarServico_View.php on line 24.
 1 APPPATH\Views\AlterarServico_View.php(24): CodeIgniter\Debug\Exceptions->errorHandler(2, 'Undefined variable $ConServico', 'C:\\xampp\\htdocs\\ProjetoWeb\\app\\Views\\AlterarServico_View.php', 24)
 2 SYSTEMPATH\View\View.php(213): include('C:\\xampp\\htdocs\\ProjetoWeb\\app\\Views\\AlterarServico_View.php')
 3 SYSTEMPATH\View\View.php(216): CodeIgniter\View\View->CodeIgniter\View\{closure}()
 4 SYSTEMPATH\Common.php(1184): CodeIgniter\View\View->render('AlterarServico_View', [], true)
 5 APPPATH\Controllers\Dados.php(543): view('AlterarServico_View')
 6 SYSTEMPATH\CodeIgniter.php(934): App\Controllers\Dados->alterarServico2('2')
 7 SYSTEMPATH\CodeIgniter.php(499): CodeIgniter\CodeIgniter->runController(Object(App\Controllers\Dados))
 8 SYSTEMPATH\CodeIgniter.php(368): CodeIgniter\CodeIgniter->handleRequest(null, Object(Config\Cache), false)
 9 FCPATH\index.php(67): CodeIgniter\CodeIgniter->run()
INFO - 2023-06-22 17:56:02 --> Session: Class initialized using 'CodeIgniter\Session\Handlers\FileHandler' driver.
INFO - 2023-06-22 18:03:58 --> Session: Class initialized using 'CodeIgniter\Session\Handlers\FileHandler' driver.
CRITICAL - 2023-06-22 18:04:53 --> Undefined variable $so
in APPPATH\Controllers\Dados.php on line 550.
 1 APPPATH\Controllers\Dados.php(550): CodeIgniter\Debug\Exceptions->errorHandler(2, 'Undefined variable $so', 'C:\\xampp\\htdocs\\ProjetoWeb\\app\\Controllers\\Dados.php', 550)
 2 SYSTEMPATH\CodeIgniter.php(934): App\Controllers\Dados->alterarServico2('2')
 3 SYSTEMPATH\CodeIgniter.php(499): CodeIgniter\CodeIgniter->runController(Object(App\Controllers\Dados))
 4 SYSTEMPATH\CodeIgniter.php(368): CodeIgniter\CodeIgniter->handleRequest(null, Object(Config\Cache), false)
 5 FCPATH\index.php(67): CodeIgniter\CodeIgniter->run()
CRITICAL - 2023-06-22 18:13:25 --> Undefined variable $ConAtendimento
in APPPATH\Views\AlterarAtendimento_View.php on line 24.
 1 APPPATH\Views\AlterarAtendimento_View.php(24): CodeIgniter\Debug\Exceptions->errorHandler(2, 'Undefined variable $ConAtendimento', 'C:\\xampp\\htdocs\\ProjetoWeb\\app\\Views\\AlterarAtendimento_View.php', 24)
 2 SYSTEMPATH\View\View.php(213): include('C:\\xampp\\htdocs\\ProjetoWeb\\app\\Views\\AlterarAtendimento_View.php')
 3 SYSTEMPATH\View\View.php(216): CodeIgniter\View\View->CodeIgniter\View\{closure}()
 4 SYSTEMPATH\Common.php(1184): CodeIgniter\View\View->render('AlterarAtendimento_View', [], true)
 5 APPPATH\Controllers\Dados.php(562): view('AlterarAtendimento_View')
 6 SYSTEMPATH\CodeIgniter.php(934): App\Controllers\Dados->alterarAtendimento2('7')
 7 SYSTEMPATH\CodeIgniter.php(499): CodeIgniter\CodeIgniter->runController(Object(App\Controllers\Dados))
 8 SYSTEMPATH\CodeIgniter.php(368): CodeIgniter\CodeIgniter->handleRequest(null, Object(Config\Cache), false)
 9 FCPATH\index.php(67): CodeIgniter\CodeIgniter->run()
CRITICAL - 2023-06-22 18:22:01 --> syntax error, unexpected variable "$this", expecting ")"
in APPPATH\Controllers\Dados.php on line 569.
 1 SYSTEMPATH\Autoloader\Autoloader.php(289): CodeIgniter\Autoloader\Autoloader->includeFile('C:\\xampp\\htdocs\\ProjetoWeb\\app\\Controllers\\Dados.php')
 2 SYSTEMPATH\Autoloader\Autoloader.php(267): CodeIgniter\Autoloader\Autoloader->loadInNamespace('App\\Controllers\\Dados')
 3 [internal function]: CodeIgniter\Autoloader\Autoloader->loadClass('App\\Controllers\\Dados')
 4 SYSTEMPATH\CodeIgniter.php(892): class_exists('\\App\\Controllers\\Dados', true)
 5 SYSTEMPATH\CodeIgniter.php(486): CodeIgniter\CodeIgniter->startController()
 6 SYSTEMPATH\CodeIgniter.php(368): CodeIgniter\CodeIgniter->handleRequest(null, Object(Config\Cache), false)
 7 FCPATH\index.php(67): CodeIgniter\CodeIgniter->run()
ERROR - 2023-06-22 18:22:28 --> mysqli_sql_exception: Cannot add or update a child row: a foreign key constraint fails (`projetoweb`.`atendimento`, CONSTRAINT `fk_CodAnimal_A` FOREIGN KEY (`CodAnimal`) REFERENCES `animal` (`CodAnimal`)) in C:\xampp\htdocs\ProjetoWeb\system\Database\MySQLi\Connection.php:295
Stack trace:
#0 C:\xampp\htdocs\ProjetoWeb\system\Database\MySQLi\Connection.php(295): mysqli->query('UPDATE atendime...', 0)
#1 C:\xampp\htdocs\ProjetoWeb\system\Database\BaseConnection.php(691): CodeIgniter\Database\MySQLi\Connection->execute('UPDATE atendime...')
#2 C:\xampp\htdocs\ProjetoWeb\system\Database\BaseConnection.php(605): CodeIgniter\Database\BaseConnection->simpleQuery('UPDATE atendime...')
#3 C:\xampp\htdocs\ProjetoWeb\app\Models\Banco_Query.php(204): CodeIgniter\Database\BaseConnection->query('UPDATE atendime...')
#4 C:\xampp\htdocs\ProjetoWeb\app\Controllers\Dados.php(571): App\Models\Banco_Query->AlterarAtendimento('7', '100.00', NULL, NULL, NULL, NULL, NULL)
#5 C:\xampp\htdocs\ProjetoWeb\system\CodeIgniter.php(934): App\Controllers\Dados->alterarAtendimento2('7')
#6 C:\xampp\htdocs\ProjetoWeb\system\CodeIgniter.php(499): CodeIgniter\CodeIgniter->runController(Object(App\Controllers\Dados))
#7 C:\xampp\htdocs\ProjetoWeb\system\CodeIgniter.php(368): CodeIgniter\CodeIgniter->handleRequest(NULL, Object(Config\Cache), false)
#8 C:\xampp\htdocs\ProjetoWeb\public\index.php(67): CodeIgniter\CodeIgniter->run()
#9 {main}
CRITICAL - 2023-06-22 18:22:28 --> Cannot add or update a child row: a foreign key constraint fails (`projetoweb`.`atendimento`, CONSTRAINT `fk_CodAnimal_A` FOREIGN KEY (`CodAnimal`) REFERENCES `animal` (`CodAnimal`))
in SYSTEMPATH\Database\MySQLi\Connection.php on line 295.
 1 SYSTEMPATH\Database\MySQLi\Connection.php(295): mysqli->query('UPDATE atendimento SET 
        Preco = \'100.00\',
        Observacoes = \'\',
        ServicoRealizado = \'\',
        CodAnimal = \'\',
        CodServico = \'\',
        CodOcupacao = \'\' 
        WHERE CodAtendimento = \'7\'', 0)
 2 SYSTEMPATH\Database\BaseConnection.php(691): CodeIgniter\Database\MySQLi\Connection->execute('UPDATE atendimento SET 
        Preco = \'100.00\',
        Observacoes = \'\',
        ServicoRealizado = \'\',
        CodAnimal = \'\',
        CodServico = \'\',
        CodOcupacao = \'\' 
        WHERE CodAtendimento = \'7\'')
 3 SYSTEMPATH\Database\BaseConnection.php(605): CodeIgniter\Database\BaseConnection->simpleQuery('UPDATE atendimento SET 
        Preco = \'100.00\',
        Observacoes = \'\',
        ServicoRealizado = \'\',
        CodAnimal = \'\',
        CodServico = \'\',
        CodOcupacao = \'\' 
        WHERE CodAtendimento = \'7\'')
 4 APPPATH\Models\Banco_Query.php(204): CodeIgniter\Database\BaseConnection->query('UPDATE atendimento SET 
        Preco = \'100.00\',
        Observacoes = \'\',
        ServicoRealizado = \'\',
        CodAnimal = \'\',
        CodServico = \'\',
        CodOcupacao = \'\' 
        WHERE CodAtendimento = \'7\'')
 5 APPPATH\Controllers\Dados.php(571): App\Models\Banco_Query->AlterarAtendimento('7', '100.00', null, null, null, null, null)
 6 SYSTEMPATH\CodeIgniter.php(934): App\Controllers\Dados->alterarAtendimento2('7')
 7 SYSTEMPATH\CodeIgniter.php(499): CodeIgniter\CodeIgniter->runController(Object(App\Controllers\Dados))
 8 SYSTEMPATH\CodeIgniter.php(368): CodeIgniter\CodeIgniter->handleRequest(null, Object(Config\Cache), false)
 9 FCPATH\index.php(67): CodeIgniter\CodeIgniter->run()
ERROR - 2023-06-22 18:22:49 --> mysqli_sql_exception: Cannot add or update a child row: a foreign key constraint fails (`projetoweb`.`atendimento`, CONSTRAINT `fk_CodAnimal_A` FOREIGN KEY (`CodAnimal`) REFERENCES `animal` (`CodAnimal`)) in C:\xampp\htdocs\ProjetoWeb\system\Database\MySQLi\Connection.php:295
Stack trace:
#0 C:\xampp\htdocs\ProjetoWeb\system\Database\MySQLi\Connection.php(295): mysqli->query('UPDATE atendime...', 0)
#1 C:\xampp\htdocs\ProjetoWeb\system\Database\BaseConnection.php(691): CodeIgniter\Database\MySQLi\Connection->execute('UPDATE atendime...')
#2 C:\xampp\htdocs\ProjetoWeb\system\Database\BaseConnection.php(605): CodeIgniter\Database\BaseConnection->simpleQuery('UPDATE atendime...')
#3 C:\xampp\htdocs\ProjetoWeb\app\Models\Banco_Query.php(204): CodeIgniter\Database\BaseConnection->query('UPDATE atendime...')
#4 C:\xampp\htdocs\ProjetoWeb\app\Controllers\Dados.php(571): App\Models\Banco_Query->AlterarAtendimento('7', '100.00', NULL, NULL, NULL, NULL, NULL)
#5 C:\xampp\htdocs\ProjetoWeb\system\CodeIgniter.php(934): App\Controllers\Dados->alterarAtendimento2('7')
#6 C:\xampp\htdocs\ProjetoWeb\system\CodeIgniter.php(499): CodeIgniter\CodeIgniter->runController(Object(App\Controllers\Dados))
#7 C:\xampp\htdocs\ProjetoWeb\system\CodeIgniter.php(368): CodeIgniter\CodeIgniter->handleRequest(NULL, Object(Config\Cache), false)
#8 C:\xampp\htdocs\ProjetoWeb\public\index.php(67): CodeIgniter\CodeIgniter->run()
#9 {main}
CRITICAL - 2023-06-22 18:22:49 --> Cannot add or update a child row: a foreign key constraint fails (`projetoweb`.`atendimento`, CONSTRAINT `fk_CodAnimal_A` FOREIGN KEY (`CodAnimal`) REFERENCES `animal` (`CodAnimal`))
in SYSTEMPATH\Database\MySQLi\Connection.php on line 295.
 1 SYSTEMPATH\Database\MySQLi\Connection.php(295): mysqli->query('UPDATE atendimento SET 
        Preco = \'100.00\',
        Observacoes = \'\',
        ServicoRealizado = \'\',
        CodAnimal = \'\',
        CodServico = \'\',
        CodOcupacao = \'\' 
        WHERE CodAtendimento = \'7\'', 0)
 2 SYSTEMPATH\Database\BaseConnection.php(691): CodeIgniter\Database\MySQLi\Connection->execute('UPDATE atendimento SET 
        Preco = \'100.00\',
        Observacoes = \'\',
        ServicoRealizado = \'\',
        CodAnimal = \'\',
        CodServico = \'\',
        CodOcupacao = \'\' 
        WHERE CodAtendimento = \'7\'')
 3 SYSTEMPATH\Database\BaseConnection.php(605): CodeIgniter\Database\BaseConnection->simpleQuery('UPDATE atendimento SET 
        Preco = \'100.00\',
        Observacoes = \'\',
        ServicoRealizado = \'\',
        CodAnimal = \'\',
        CodServico = \'\',
        CodOcupacao = \'\' 
        WHERE CodAtendimento = \'7\'')
 4 APPPATH\Models\Banco_Query.php(204): CodeIgniter\Database\BaseConnection->query('UPDATE atendimento SET 
        Preco = \'100.00\',
        Observacoes = \'\',
        ServicoRealizado = \'\',
        CodAnimal = \'\',
        CodServico = \'\',
        CodOcupacao = \'\' 
        WHERE CodAtendimento = \'7\'')
 5 APPPATH\Controllers\Dados.php(571): App\Models\Banco_Query->AlterarAtendimento('7', '100.00', null, null, null, null, null)
 6 SYSTEMPATH\CodeIgniter.php(934): App\Controllers\Dados->alterarAtendimento2('7')
 7 SYSTEMPATH\CodeIgniter.php(499): CodeIgniter\CodeIgniter->runController(Object(App\Controllers\Dados))
 8 SYSTEMPATH\CodeIgniter.php(368): CodeIgniter\CodeIgniter->handleRequest(null, Object(Config\Cache), false)
 9 FCPATH\index.php(67): CodeIgniter\CodeIgniter->run()
ERROR - 2023-06-22 18:24:57 --> mysqli_sql_exception: Cannot add or update a child row: a foreign key constraint fails (`projetoweb`.`atendimento`, CONSTRAINT `fk_CodAnimal_A` FOREIGN KEY (`CodAnimal`) REFERENCES `animal` (`CodAnimal`)) in C:\xampp\htdocs\ProjetoWeb\system\Database\MySQLi\Connection.php:295
Stack trace:
#0 C:\xampp\htdocs\ProjetoWeb\system\Database\MySQLi\Connection.php(295): mysqli->query('UPDATE atendime...', 0)
#1 C:\xampp\htdocs\ProjetoWeb\system\Database\BaseConnection.php(691): CodeIgniter\Database\MySQLi\Connection->execute('UPDATE atendime...')
#2 C:\xampp\htdocs\ProjetoWeb\system\Database\BaseConnection.php(605): CodeIgniter\Database\BaseConnection->simpleQuery('UPDATE atendime...')
#3 C:\xampp\htdocs\ProjetoWeb\app\Models\Banco_Query.php(204): CodeIgniter\Database\BaseConnection->query('UPDATE atendime...')
#4 C:\xampp\htdocs\ProjetoWeb\app\Controllers\Dados.php(571): App\Models\Banco_Query->AlterarAtendimento('7', '100.00', NULL, NULL, NULL, NULL, NULL)
#5 C:\xampp\htdocs\ProjetoWeb\system\CodeIgniter.php(934): App\Controllers\Dados->alterarAtendimento2('7')
#6 C:\xampp\htdocs\ProjetoWeb\system\CodeIgniter.php(499): CodeIgniter\CodeIgniter->runController(Object(App\Controllers\Dados))
#7 C:\xampp\htdocs\ProjetoWeb\system\CodeIgniter.php(368): CodeIgniter\CodeIgniter->handleRequest(NULL, Object(Config\Cache), false)
#8 C:\xampp\htdocs\ProjetoWeb\public\index.php(67): CodeIgniter\CodeIgniter->run()
#9 {main}
CRITICAL - 2023-06-22 18:24:57 --> Cannot add or update a child row: a foreign key constraint fails (`projetoweb`.`atendimento`, CONSTRAINT `fk_CodAnimal_A` FOREIGN KEY (`CodAnimal`) REFERENCES `animal` (`CodAnimal`))
in SYSTEMPATH\Database\MySQLi\Connection.php on line 295.
 1 SYSTEMPATH\Database\MySQLi\Connection.php(295): mysqli->query('UPDATE atendimento SET 
        Preco = \'100.00\',
        Observacoes = \'\',
        ServicoRealizado = \'\',
        CodAnimal = \'\',
        CodServico = \'\',
        CodOcupacao = \'\' 
        WHERE CodAtendimento = \'7\'', 0)
 2 SYSTEMPATH\Database\BaseConnection.php(691): CodeIgniter\Database\MySQLi\Connection->execute('UPDATE atendimento SET 
        Preco = \'100.00\',
        Observacoes = \'\',
        ServicoRealizado = \'\',
        CodAnimal = \'\',
        CodServico = \'\',
        CodOcupacao = \'\' 
        WHERE CodAtendimento = \'7\'')
 3 SYSTEMPATH\Database\BaseConnection.php(605): CodeIgniter\Database\BaseConnection->simpleQuery('UPDATE atendimento SET 
        Preco = \'100.00\',
        Observacoes = \'\',
        ServicoRealizado = \'\',
        CodAnimal = \'\',
        CodServico = \'\',
        CodOcupacao = \'\' 
        WHERE CodAtendimento = \'7\'')
 4 APPPATH\Models\Banco_Query.php(204): CodeIgniter\Database\BaseConnection->query('UPDATE atendimento SET 
        Preco = \'100.00\',
        Observacoes = \'\',
        ServicoRealizado = \'\',
        CodAnimal = \'\',
        CodServico = \'\',
        CodOcupacao = \'\' 
        WHERE CodAtendimento = \'7\'')
 5 APPPATH\Controllers\Dados.php(571): App\Models\Banco_Query->AlterarAtendimento('7', '100.00', null, null, null, null, null)
 6 SYSTEMPATH\CodeIgniter.php(934): App\Controllers\Dados->alterarAtendimento2('7')
 7 SYSTEMPATH\CodeIgniter.php(499): CodeIgniter\CodeIgniter->runController(Object(App\Controllers\Dados))
 8 SYSTEMPATH\CodeIgniter.php(368): CodeIgniter\CodeIgniter->handleRequest(null, Object(Config\Cache), false)
 9 FCPATH\index.php(67): CodeIgniter\CodeIgniter->run()
ERROR - 2023-06-22 18:26:32 --> mysqli_sql_exception: Cannot add or update a child row: a foreign key constraint fails (`projetoweb`.`atendimento`, CONSTRAINT `fk_CodAnimal_A` FOREIGN KEY (`CodAnimal`) REFERENCES `animal` (`CodAnimal`)) in C:\xampp\htdocs\ProjetoWeb\system\Database\MySQLi\Connection.php:295
Stack trace:
#0 C:\xampp\htdocs\ProjetoWeb\system\Database\MySQLi\Connection.php(295): mysqli->query('UPDATE atendime...', 0)
#1 C:\xampp\htdocs\ProjetoWeb\system\Database\BaseConnection.php(691): CodeIgniter\Database\MySQLi\Connection->execute('UPDATE atendime...')
#2 C:\xampp\htdocs\ProjetoWeb\system\Database\BaseConnection.php(605): CodeIgniter\Database\BaseConnection->simpleQuery('UPDATE atendime...')
#3 C:\xampp\htdocs\ProjetoWeb\app\Models\Banco_Query.php(204): CodeIgniter\Database\BaseConnection->query('UPDATE atendime...')
#4 C:\xampp\htdocs\ProjetoWeb\app\Controllers\Dados.php(571): App\Models\Banco_Query->AlterarAtendimento('7', '', NULL, NULL, NULL, NULL, NULL)
#5 C:\xampp\htdocs\ProjetoWeb\system\CodeIgniter.php(934): App\Controllers\Dados->alterarAtendimento2('7')
#6 C:\xampp\htdocs\ProjetoWeb\system\CodeIgniter.php(499): CodeIgniter\CodeIgniter->runController(Object(App\Controllers\Dados))
#7 C:\xampp\htdocs\ProjetoWeb\system\CodeIgniter.php(368): CodeIgniter\CodeIgniter->handleRequest(NULL, Object(Config\Cache), false)
#8 C:\xampp\htdocs\ProjetoWeb\public\index.php(67): CodeIgniter\CodeIgniter->run()
#9 {main}
CRITICAL - 2023-06-22 18:26:32 --> Cannot add or update a child row: a foreign key constraint fails (`projetoweb`.`atendimento`, CONSTRAINT `fk_CodAnimal_A` FOREIGN KEY (`CodAnimal`) REFERENCES `animal` (`CodAnimal`))
in SYSTEMPATH\Database\MySQLi\Connection.php on line 295.
 1 SYSTEMPATH\Database\MySQLi\Connection.php(295): mysqli->query('UPDATE atendimento SET 
        Preco = \'\',
        Observacoes = \'\',
        ServicoRealizado = \'\',
        CodAnimal = \'\',
        CodServico = \'\',
        CodOcupacao = \'\' 
        WHERE CodAtendimento = \'7\'', 0)
 2 SYSTEMPATH\Database\BaseConnection.php(691): CodeIgniter\Database\MySQLi\Connection->execute('UPDATE atendimento SET 
        Preco = \'\',
        Observacoes = \'\',
        ServicoRealizado = \'\',
        CodAnimal = \'\',
        CodServico = \'\',
        CodOcupacao = \'\' 
        WHERE CodAtendimento = \'7\'')
 3 SYSTEMPATH\Database\BaseConnection.php(605): CodeIgniter\Database\BaseConnection->simpleQuery('UPDATE atendimento SET 
        Preco = \'\',
        Observacoes = \'\',
        ServicoRealizado = \'\',
        CodAnimal = \'\',
        CodServico = \'\',
        CodOcupacao = \'\' 
        WHERE CodAtendimento = \'7\'')
 4 APPPATH\Models\Banco_Query.php(204): CodeIgniter\Database\BaseConnection->query('UPDATE atendimento SET 
        Preco = \'\',
        Observacoes = \'\',
        ServicoRealizado = \'\',
        CodAnimal = \'\',
        CodServico = \'\',
        CodOcupacao = \'\' 
        WHERE CodAtendimento = \'7\'')
 5 APPPATH\Controllers\Dados.php(571): App\Models\Banco_Query->AlterarAtendimento('7', '', null, null, null, null, null)
 6 SYSTEMPATH\CodeIgniter.php(934): App\Controllers\Dados->alterarAtendimento2('7')
 7 SYSTEMPATH\CodeIgniter.php(499): CodeIgniter\CodeIgniter->runController(Object(App\Controllers\Dados))
 8 SYSTEMPATH\CodeIgniter.php(368): CodeIgniter\CodeIgniter->handleRequest(null, Object(Config\Cache), false)
 9 FCPATH\index.php(67): CodeIgniter\CodeIgniter->run()
ERROR - 2023-06-22 18:26:50 --> mysqli_sql_exception: Cannot add or update a child row: a foreign key constraint fails (`projetoweb`.`atendimento`, CONSTRAINT `fk_CodAnimal_A` FOREIGN KEY (`CodAnimal`) REFERENCES `animal` (`CodAnimal`)) in C:\xampp\htdocs\ProjetoWeb\system\Database\MySQLi\Connection.php:295
Stack trace:
#0 C:\xampp\htdocs\ProjetoWeb\system\Database\MySQLi\Connection.php(295): mysqli->query('UPDATE atendime...', 0)
#1 C:\xampp\htdocs\ProjetoWeb\system\Database\BaseConnection.php(691): CodeIgniter\Database\MySQLi\Connection->execute('UPDATE atendime...')
#2 C:\xampp\htdocs\ProjetoWeb\system\Database\BaseConnection.php(605): CodeIgniter\Database\BaseConnection->simpleQuery('UPDATE atendime...')
#3 C:\xampp\htdocs\ProjetoWeb\app\Models\Banco_Query.php(204): CodeIgniter\Database\BaseConnection->query('UPDATE atendime...')
#4 C:\xampp\htdocs\ProjetoWeb\app\Controllers\Dados.php(571): App\Models\Banco_Query->AlterarAtendimento('7', '', NULL, NULL, NULL, NULL, NULL)
#5 C:\xampp\htdocs\ProjetoWeb\system\CodeIgniter.php(934): App\Controllers\Dados->alterarAtendimento2('7')
#6 C:\xampp\htdocs\ProjetoWeb\system\CodeIgniter.php(499): CodeIgniter\CodeIgniter->runController(Object(App\Controllers\Dados))
#7 C:\xampp\htdocs\ProjetoWeb\system\CodeIgniter.php(368): CodeIgniter\CodeIgniter->handleRequest(NULL, Object(Config\Cache), false)
#8 C:\xampp\htdocs\ProjetoWeb\public\index.php(67): CodeIgniter\CodeIgniter->run()
#9 {main}
CRITICAL - 2023-06-22 18:26:50 --> Cannot add or update a child row: a foreign key constraint fails (`projetoweb`.`atendimento`, CONSTRAINT `fk_CodAnimal_A` FOREIGN KEY (`CodAnimal`) REFERENCES `animal` (`CodAnimal`))
in SYSTEMPATH\Database\MySQLi\Connection.php on line 295.
 1 SYSTEMPATH\Database\MySQLi\Connection.php(295): mysqli->query('UPDATE atendimento SET 
        Preco = \'\',
        Observacoes = \'\',
        ServicoRealizado = \'\',
        CodAnimal = \'\',
        CodServico = \'\',
        CodOcupacao = \'\' 
        WHERE CodAtendimento = \'7\'', 0)
 2 SYSTEMPATH\Database\BaseConnection.php(691): CodeIgniter\Database\MySQLi\Connection->execute('UPDATE atendimento SET 
        Preco = \'\',
        Observacoes = \'\',
        ServicoRealizado = \'\',
        CodAnimal = \'\',
        CodServico = \'\',
        CodOcupacao = \'\' 
        WHERE CodAtendimento = \'7\'')
 3 SYSTEMPATH\Database\BaseConnection.php(605): CodeIgniter\Database\BaseConnection->simpleQuery('UPDATE atendimento SET 
        Preco = \'\',
        Observacoes = \'\',
        ServicoRealizado = \'\',
        CodAnimal = \'\',
        CodServico = \'\',
        CodOcupacao = \'\' 
        WHERE CodAtendimento = \'7\'')
 4 APPPATH\Models\Banco_Query.php(204): CodeIgniter\Database\BaseConnection->query('UPDATE atendimento SET 
        Preco = \'\',
        Observacoes = \'\',
        ServicoRealizado = \'\',
        CodAnimal = \'\',
        CodServico = \'\',
        CodOcupacao = \'\' 
        WHERE CodAtendimento = \'7\'')
 5 APPPATH\Controllers\Dados.php(571): App\Models\Banco_Query->AlterarAtendimento('7', '', null, null, null, null, null)
 6 SYSTEMPATH\CodeIgniter.php(934): App\Controllers\Dados->alterarAtendimento2('7')
 7 SYSTEMPATH\CodeIgniter.php(499): CodeIgniter\CodeIgniter->runController(Object(App\Controllers\Dados))
 8 SYSTEMPATH\CodeIgniter.php(368): CodeIgniter\CodeIgniter->handleRequest(null, Object(Config\Cache), false)
 9 FCPATH\index.php(67): CodeIgniter\CodeIgniter->run()
CRITICAL - 2023-06-22 18:34:57 --> syntax error, unexpected identifier "Nome", expecting "," or ";"
in APPPATH\Controllers\Dados.php on line 564.
 1 SYSTEMPATH\Autoloader\Autoloader.php(289): CodeIgniter\Autoloader\Autoloader->includeFile('C:\\xampp\\htdocs\\ProjetoWeb\\app\\Controllers\\Dados.php')
 2 SYSTEMPATH\Autoloader\Autoloader.php(267): CodeIgniter\Autoloader\Autoloader->loadInNamespace('App\\Controllers\\Dados')
 3 [internal function]: CodeIgniter\Autoloader\Autoloader->loadClass('App\\Controllers\\Dados')
 4 SYSTEMPATH\CodeIgniter.php(892): class_exists('\\App\\Controllers\\Dados', true)
 5 SYSTEMPATH\CodeIgniter.php(486): CodeIgniter\CodeIgniter->startController()
 6 SYSTEMPATH\CodeIgniter.php(368): CodeIgniter\CodeIgniter->handleRequest(null, Object(Config\Cache), false)
 7 FCPATH\index.php(67): CodeIgniter\CodeIgniter->run()
CRITICAL - 2023-06-22 18:35:56 --> syntax error, unexpected variable "$this"
in APPPATH\Controllers\Dados.php on line 564.
 1 SYSTEMPATH\Autoloader\Autoloader.php(289): CodeIgniter\Autoloader\Autoloader->includeFile('C:\\xampp\\htdocs\\ProjetoWeb\\app\\Controllers\\Dados.php')
 2 SYSTEMPATH\Autoloader\Autoloader.php(267): CodeIgniter\Autoloader\Autoloader->loadInNamespace('App\\Controllers\\Dados')
 3 [internal function]: CodeIgniter\Autoloader\Autoloader->loadClass('App\\Controllers\\Dados')
 4 SYSTEMPATH\CodeIgniter.php(892): class_exists('\\App\\Controllers\\Dados', true)
 5 SYSTEMPATH\CodeIgniter.php(486): CodeIgniter\CodeIgniter->startController()
 6 SYSTEMPATH\CodeIgniter.php(368): CodeIgniter\CodeIgniter->handleRequest(null, Object(Config\Cache), false)
 7 FCPATH\index.php(67): CodeIgniter\CodeIgniter->run()
ERROR - 2023-06-22 18:39:04 --> mysqli_sql_exception: Cannot add or update a child row: a foreign key constraint fails (`projetoweb`.`atendimento`, CONSTRAINT `fk_CodOcupacao` FOREIGN KEY (`CodOcupacao`) REFERENCES `ocupacaousuario` (`CodOcupacao`)) in C:\xampp\htdocs\ProjetoWeb\system\Database\MySQLi\Connection.php:295
Stack trace:
#0 C:\xampp\htdocs\ProjetoWeb\system\Database\MySQLi\Connection.php(295): mysqli->query('UPDATE atendime...', 0)
#1 C:\xampp\htdocs\ProjetoWeb\system\Database\BaseConnection.php(691): CodeIgniter\Database\MySQLi\Connection->execute('UPDATE atendime...')
#2 C:\xampp\htdocs\ProjetoWeb\system\Database\BaseConnection.php(605): CodeIgniter\Database\BaseConnection->simpleQuery('UPDATE atendime...')
#3 C:\xampp\htdocs\ProjetoWeb\app\Models\Banco_Query.php(204): CodeIgniter\Database\BaseConnection->query('UPDATE atendime...')
#4 C:\xampp\htdocs\ProjetoWeb\app\Controllers\Dados.php(571): App\Models\Banco_Query->AlterarAtendimento('7', '100.00', NULL, NULL, '1', NULL, NULL)
#5 C:\xampp\htdocs\ProjetoWeb\system\CodeIgniter.php(934): App\Controllers\Dados->alterarAtendimento2('7')
#6 C:\xampp\htdocs\ProjetoWeb\system\CodeIgniter.php(499): CodeIgniter\CodeIgniter->runController(Object(App\Controllers\Dados))
#7 C:\xampp\htdocs\ProjetoWeb\system\CodeIgniter.php(368): CodeIgniter\CodeIgniter->handleRequest(NULL, Object(Config\Cache), false)
#8 C:\xampp\htdocs\ProjetoWeb\public\index.php(67): CodeIgniter\CodeIgniter->run()
#9 {main}
CRITICAL - 2023-06-22 18:39:04 --> Cannot add or update a child row: a foreign key constraint fails (`projetoweb`.`atendimento`, CONSTRAINT `fk_CodOcupacao` FOREIGN KEY (`CodOcupacao`) REFERENCES `ocupacaousuario` (`CodOcupacao`))
in SYSTEMPATH\Database\MySQLi\Connection.php on line 295.
 1 SYSTEMPATH\Database\MySQLi\Connection.php(295): mysqli->query('UPDATE atendimento SET 
        Preco = \'100.00\',
        Observacoes = \'\',
        ServicoRealizado = \'\',
        CodAnimal = \'1\',
        CodServico = \'\',
        CodOcupacao = \'\' 
        WHERE CodAtendimento = \'7\'', 0)
 2 SYSTEMPATH\Database\BaseConnection.php(691): CodeIgniter\Database\MySQLi\Connection->execute('UPDATE atendimento SET 
        Preco = \'100.00\',
        Observacoes = \'\',
        ServicoRealizado = \'\',
        CodAnimal = \'1\',
        CodServico = \'\',
        CodOcupacao = \'\' 
        WHERE CodAtendimento = \'7\'')
 3 SYSTEMPATH\Database\BaseConnection.php(605): CodeIgniter\Database\BaseConnection->simpleQuery('UPDATE atendimento SET 
        Preco = \'100.00\',
        Observacoes = \'\',
        ServicoRealizado = \'\',
        CodAnimal = \'1\',
        CodServico = \'\',
        CodOcupacao = \'\' 
        WHERE CodAtendimento = \'7\'')
 4 APPPATH\Models\Banco_Query.php(204): CodeIgniter\Database\BaseConnection->query('UPDATE atendimento SET 
        Preco = \'100.00\',
        Observacoes = \'\',
        ServicoRealizado = \'\',
        CodAnimal = \'1\',
        CodServico = \'\',
        CodOcupacao = \'\' 
        WHERE CodAtendimento = \'7\'')
 5 APPPATH\Controllers\Dados.php(571): App\Models\Banco_Query->AlterarAtendimento('7', '100.00', null, null, '1', null, null)
 6 SYSTEMPATH\CodeIgniter.php(934): App\Controllers\Dados->alterarAtendimento2('7')
 7 SYSTEMPATH\CodeIgniter.php(499): CodeIgniter\CodeIgniter->runController(Object(App\Controllers\Dados))
 8 SYSTEMPATH\CodeIgniter.php(368): CodeIgniter\CodeIgniter->handleRequest(null, Object(Config\Cache), false)
 9 FCPATH\index.php(67): CodeIgniter\CodeIgniter->run()
CRITICAL - 2023-06-22 18:51:35 --> Undefined variable $ConAnimais
in APPPATH\Views\ConsultaAnimal_View.php on line 33.
 1 APPPATH\Views\ConsultaAnimal_View.php(33): CodeIgniter\Debug\Exceptions->errorHandler(2, 'Undefined variable $ConAnimais', 'C:\\xampp\\htdocs\\ProjetoWeb\\app\\Views\\ConsultaAnimal_View.php', 33)
 2 SYSTEMPATH\View\View.php(213): include('C:\\xampp\\htdocs\\ProjetoWeb\\app\\Views\\ConsultaAnimal_View.php')
 3 SYSTEMPATH\View\View.php(216): CodeIgniter\View\View->CodeIgniter\View\{closure}()
 4 SYSTEMPATH\Common.php(1184): CodeIgniter\View\View->render('ConsultaAnimal_View', [], true)
 5 APPPATH\Controllers\Dados.php(421): view('ConsultaAnimal_View')
 6 SYSTEMPATH\CodeIgniter.php(934): App\Controllers\Dados->inativarAnimais('2')
 7 SYSTEMPATH\CodeIgniter.php(499): CodeIgniter\CodeIgniter->runController(Object(App\Controllers\Dados))
 8 SYSTEMPATH\CodeIgniter.php(368): CodeIgniter\CodeIgniter->handleRequest(null, Object(Config\Cache), false)
 9 FCPATH\index.php(67): CodeIgniter\CodeIgniter->run()
CRITICAL - 2023-06-22 18:53:38 --> Undefined variable $ConAnimais
in APPPATH\Views\ConsultaAnimal_View.php on line 33.
 1 APPPATH\Views\ConsultaAnimal_View.php(33): CodeIgniter\Debug\Exceptions->errorHandler(2, 'Undefined variable $ConAnimais', 'C:\\xampp\\htdocs\\ProjetoWeb\\app\\Views\\ConsultaAnimal_View.php', 33)
 2 SYSTEMPATH\View\View.php(213): include('C:\\xampp\\htdocs\\ProjetoWeb\\app\\Views\\ConsultaAnimal_View.php')
 3 SYSTEMPATH\View\View.php(216): CodeIgniter\View\View->CodeIgniter\View\{closure}()
 4 SYSTEMPATH\Common.php(1184): CodeIgniter\View\View->render('ConsultaAnimal_View', [], true)
 5 APPPATH\Controllers\Dados.php(422): view('ConsultaAnimal_View', [...])
 6 SYSTEMPATH\CodeIgniter.php(934): App\Controllers\Dados->inativarAnimais('4')
 7 SYSTEMPATH\CodeIgniter.php(499): CodeIgniter\CodeIgniter->runController(Object(App\Controllers\Dados))
 8 SYSTEMPATH\CodeIgniter.php(368): CodeIgniter\CodeIgniter->handleRequest(null, Object(Config\Cache), false)
 9 FCPATH\index.php(67): CodeIgniter\CodeIgniter->run()
CRITICAL - 2023-06-22 19:54:19 --> syntax error, unexpected token "<"
in APPPATH\Views\ConsultaAnimal_View.php on line 112.
 1 SYSTEMPATH\View\View.php(216): CodeIgniter\View\View->CodeIgniter\View\{closure}()
 2 SYSTEMPATH\Common.php(1184): CodeIgniter\View\View->render('ConsultaAnimal_View', [], true)
 3 APPPATH\Controllers\Dados.php(282): view('ConsultaAnimal_View', [...])
 4 SYSTEMPATH\CodeIgniter.php(934): App\Controllers\Dados->consultaAnimais()
 5 SYSTEMPATH\CodeIgniter.php(499): CodeIgniter\CodeIgniter->runController(Object(App\Controllers\Dados))
 6 SYSTEMPATH\CodeIgniter.php(368): CodeIgniter\CodeIgniter->handleRequest(null, Object(Config\Cache), false)
 7 FCPATH\index.php(67): CodeIgniter\CodeIgniter->run()
CRITICAL - 2023-06-22 19:54:51 --> Cannot use App\Models\SelectOptions as SelectOptions because the name is already in use
in APPPATH\Views\ConsultaAnimal_View.php on line 224.
 1 [internal function]: CodeIgniter\Debug\Exceptions->shutdownHandler()
CRITICAL - 2023-06-22 19:56:37 --> Cannot use App\Models\SelectOptions as SelectOptions because the name is already in use
in APPPATH\Views\ConsultaAnimal_View.php on line 119.
 1 [internal function]: CodeIgniter\Debug\Exceptions->shutdownHandler()
CRITICAL - 2023-06-22 19:56:47 --> Cannot use App\Models\SelectOptions as SelectOptions because the name is already in use
in APPPATH\Views\ConsultaAnimal_View.php on line 247.
 1 [internal function]: CodeIgniter\Debug\Exceptions->shutdownHandler()
CRITICAL - 2023-06-22 19:58:21 --> Cannot use App\Models\SelectOptions as SelectOptions because the name is already in use
in APPPATH\Views\ConsultaAnimal_View.php on line 247.
 1 [internal function]: CodeIgniter\Debug\Exceptions->shutdownHandler()
CRITICAL - 2023-06-22 19:58:22 --> Cannot use App\Models\SelectOptions as SelectOptions because the name is already in use
in APPPATH\Views\ConsultaAnimal_View.php on line 247.
 1 [internal function]: CodeIgniter\Debug\Exceptions->shutdownHandler()
CRITICAL - 2023-06-22 19:58:22 --> Cannot use App\Models\SelectOptions as SelectOptions because the name is already in use
in APPPATH\Views\ConsultaAnimal_View.php on line 247.
 1 [internal function]: CodeIgniter\Debug\Exceptions->shutdownHandler()
INFO - 2023-06-22 20:05:00 --> Session: Class initialized using 'CodeIgniter\Session\Handlers\FileHandler' driver.
INFO - 2023-06-22 20:05:06 --> Session: Class initialized using 'CodeIgniter\Session\Handlers\FileHandler' driver.
INFO - 2023-06-22 20:05:07 --> Session: Class initialized using 'CodeIgniter\Session\Handlers\FileHandler' driver.
INFO - 2023-06-22 20:05:10 --> Session: Class initialized using 'CodeIgniter\Session\Handlers\FileHandler' driver.
INFO - 2023-06-22 20:05:13 --> Session: Class initialized using 'CodeIgniter\Session\Handlers\FileHandler' driver.
INFO - 2023-06-22 20:05:19 --> Session: Class initialized using 'CodeIgniter\Session\Handlers\FileHandler' driver.
