WARNING - 2023-05-27 00:53:06 --> [DEPRECATED] password_verify(): Passing null to parameter #2 ($hash) of type string is deprecated in APPPATH\Controllers\Dados.php on line 71.
 1 APPPATH\Controllers\Dados.php(71): password_verify(Object(SensitiveParameterValue), null)
 2 SYSTEMPATH\CodeIgniter.php(934): App\Controllers\Dados->loginCli2()
 3 SYSTEMPATH\CodeIgniter.php(499): CodeIgniter\CodeIgniter->runController(Object(App\Controllers\Dados))
 4 SYSTEMPATH\CodeIgniter.php(368): CodeIgniter\CodeIgniter->handleRequest(null, Object(Config\Cache), false)
 5 FCPATH\index.php(67): CodeIgniter\CodeIgniter->run()
WARNING - 2023-05-27 00:53:06 --> [DEPRECATED] password_verify(): Passing null to parameter #2 ($hash) of type string is deprecated in APPPATH\Controllers\Dados.php on line 72.
 1 APPPATH\Controllers\Dados.php(72): password_verify(Object(SensitiveParameterValue), null)
 2 SYSTEMPATH\CodeIgniter.php(934): App\Controllers\Dados->loginCli2()
 3 SYSTEMPATH\CodeIgniter.php(499): CodeIgniter\CodeIgniter->runController(Object(App\Controllers\Dados))
 4 SYSTEMPATH\CodeIgniter.php(368): CodeIgniter\CodeIgniter->handleRequest(null, Object(Config\Cache), false)
 5 FCPATH\index.php(67): CodeIgniter\CodeIgniter->run()
WARNING - 2023-05-27 00:53:09 --> [DEPRECATED] password_verify(): Passing null to parameter #2 ($hash) of type string is deprecated in APPPATH\Controllers\Dados.php on line 71.
 1 APPPATH\Controllers\Dados.php(71): password_verify(Object(SensitiveParameterValue), null)
 2 SYSTEMPATH\CodeIgniter.php(934): App\Controllers\Dados->loginCli2()
 3 SYSTEMPATH\CodeIgniter.php(499): CodeIgniter\CodeIgniter->runController(Object(App\Controllers\Dados))
 4 SYSTEMPATH\CodeIgniter.php(368): CodeIgniter\CodeIgniter->handleRequest(null, Object(Config\Cache), false)
 5 FCPATH\index.php(67): CodeIgniter\CodeIgniter->run()
WARNING - 2023-05-27 00:53:09 --> [DEPRECATED] password_verify(): Passing null to parameter #2 ($hash) of type string is deprecated in APPPATH\Controllers\Dados.php on line 72.
 1 APPPATH\Controllers\Dados.php(72): password_verify(Object(SensitiveParameterValue), null)
 2 SYSTEMPATH\CodeIgniter.php(934): App\Controllers\Dados->loginCli2()
 3 SYSTEMPATH\CodeIgniter.php(499): CodeIgniter\CodeIgniter->runController(Object(App\Controllers\Dados))
 4 SYSTEMPATH\CodeIgniter.php(368): CodeIgniter\CodeIgniter->handleRequest(null, Object(Config\Cache), false)
 5 FCPATH\index.php(67): CodeIgniter\CodeIgniter->run()
WARNING - 2023-05-27 00:54:36 --> [DEPRECATED] password_verify(): Passing null to parameter #2 ($hash) of type string is deprecated in APPPATH\Controllers\Dados.php on line 71.
 1 APPPATH\Controllers\Dados.php(71): password_verify(Object(SensitiveParameterValue), null)
 2 SYSTEMPATH\CodeIgniter.php(934): App\Controllers\Dados->loginCli2()
 3 SYSTEMPATH\CodeIgniter.php(499): CodeIgniter\CodeIgniter->runController(Object(App\Controllers\Dados))
 4 SYSTEMPATH\CodeIgniter.php(368): CodeIgniter\CodeIgniter->handleRequest(null, Object(Config\Cache), false)
 5 FCPATH\index.php(67): CodeIgniter\CodeIgniter->run()
WARNING - 2023-05-27 00:54:36 --> [DEPRECATED] password_verify(): Passing null to parameter #2 ($hash) of type string is deprecated in APPPATH\Controllers\Dados.php on line 72.
 1 APPPATH\Controllers\Dados.php(72): password_verify(Object(SensitiveParameterValue), null)
 2 SYSTEMPATH\CodeIgniter.php(934): App\Controllers\Dados->loginCli2()
 3 SYSTEMPATH\CodeIgniter.php(499): CodeIgniter\CodeIgniter->runController(Object(App\Controllers\Dados))
 4 SYSTEMPATH\CodeIgniter.php(368): CodeIgniter\CodeIgniter->handleRequest(null, Object(Config\Cache), false)
 5 FCPATH\index.php(67): CodeIgniter\CodeIgniter->run()
WARNING - 2023-05-27 00:55:03 --> [DEPRECATED] password_verify(): Passing null to parameter #2 ($hash) of type string is deprecated in APPPATH\Controllers\Dados.php on line 71.
 1 APPPATH\Controllers\Dados.php(71): password_verify(Object(SensitiveParameterValue), null)
 2 SYSTEMPATH\CodeIgniter.php(934): App\Controllers\Dados->loginCli2()
 3 SYSTEMPATH\CodeIgniter.php(499): CodeIgniter\CodeIgniter->runController(Object(App\Controllers\Dados))
 4 SYSTEMPATH\CodeIgniter.php(368): CodeIgniter\CodeIgniter->handleRequest(null, Object(Config\Cache), false)
 5 FCPATH\index.php(67): CodeIgniter\CodeIgniter->run()
WARNING - 2023-05-27 00:55:03 --> [DEPRECATED] password_verify(): Passing null to parameter #2 ($hash) of type string is deprecated in APPPATH\Controllers\Dados.php on line 72.
 1 APPPATH\Controllers\Dados.php(72): password_verify(Object(SensitiveParameterValue), null)
 2 SYSTEMPATH\CodeIgniter.php(934): App\Controllers\Dados->loginCli2()
 3 SYSTEMPATH\CodeIgniter.php(499): CodeIgniter\CodeIgniter->runController(Object(App\Controllers\Dados))
 4 SYSTEMPATH\CodeIgniter.php(368): CodeIgniter\CodeIgniter->handleRequest(null, Object(Config\Cache), false)
 5 FCPATH\index.php(67): CodeIgniter\CodeIgniter->run()
