CRITICAL - 2023-06-11 00:10:42 --> syntax error, unexpected token "(", expecting identifier or variable or "{" or "$"
in APPPATH\Views\CadServico_View.php on line 32.
 1 SYSTEMPATH\View\View.php(216): CodeIgniter\View\View->CodeIgniter\View\{closure}()
 2 SYSTEMPATH\Common.php(1184): CodeIgniter\View\View->render('CadServico_View', [], true)
 3 APPPATH\Controllers\Dados.php(104): view('CadServico_View')
 4 SYSTEMPATH\CodeIgniter.php(934): App\Controllers\Dados->cadastrarServico()
 5 SYSTEMPATH\CodeIgniter.php(499): CodeIgniter\CodeIgniter->runController(Object(App\Controllers\Dados))
 6 SYSTEMPATH\CodeIgniter.php(368): CodeIgniter\CodeIgniter->handleRequest(null, Object(Config\Cache), false)
 7 FCPATH\index.php(67): CodeIgniter\CodeIgniter->run()
INFO - 2023-06-11 00:14:38 --> Session: Class initialized using 'CodeIgniter\Session\Handlers\FileHandler' driver.
INFO - 2023-06-11 00:15:04 --> Session: Class initialized using 'CodeIgniter\Session\Handlers\FileHandler' driver.
INFO - 2023-06-11 00:15:16 --> Session: Class initialized using 'CodeIgniter\Session\Handlers\FileHandler' driver.
INFO - 2023-06-11 00:15:35 --> Session: Class initialized using 'CodeIgniter\Session\Handlers\FileHandler' driver.
INFO - 2023-06-11 00:16:05 --> Session: Class initialized using 'CodeIgniter\Session\Handlers\FileHandler' driver.
INFO - 2023-06-11 00:16:16 --> Session: Class initialized using 'CodeIgniter\Session\Handlers\FileHandler' driver.
INFO - 2023-06-11 00:16:36 --> Session: Class initialized using 'CodeIgniter\Session\Handlers\FileHandler' driver.
INFO - 2023-06-11 00:16:43 --> Session: Class initialized using 'CodeIgniter\Session\Handlers\FileHandler' driver.
INFO - 2023-06-11 00:16:50 --> Session: Class initialized using 'CodeIgniter\Session\Handlers\FileHandler' driver.
INFO - 2023-06-11 00:17:10 --> Session: Class initialized using 'CodeIgniter\Session\Handlers\FileHandler' driver.
INFO - 2023-06-11 00:17:17 --> Session: Class initialized using 'CodeIgniter\Session\Handlers\FileHandler' driver.
INFO - 2023-06-11 00:17:28 --> Session: Class initialized using 'CodeIgniter\Session\Handlers\FileHandler' driver.
INFO - 2023-06-11 00:17:32 --> Session: Class initialized using 'CodeIgniter\Session\Handlers\FileHandler' driver.
INFO - 2023-06-11 00:17:58 --> Session: Class initialized using 'CodeIgniter\Session\Handlers\FileHandler' driver.
INFO - 2023-06-11 00:18:46 --> Session: Class initialized using 'CodeIgniter\Session\Handlers\FileHandler' driver.
INFO - 2023-06-11 00:19:35 --> Session: Class initialized using 'CodeIgniter\Session\Handlers\FileHandler' driver.
INFO - 2023-06-11 00:21:26 --> Session: Class initialized using 'CodeIgniter\Session\Handlers\FileHandler' driver.
INFO - 2023-06-11 00:21:36 --> Session: Class initialized using 'CodeIgniter\Session\Handlers\FileHandler' driver.
INFO - 2023-06-11 00:21:55 --> Session: Class initialized using 'CodeIgniter\Session\Handlers\FileHandler' driver.
INFO - 2023-06-11 00:22:52 --> Session: Class initialized using 'CodeIgniter\Session\Handlers\FileHandler' driver.
INFO - 2023-06-11 00:24:31 --> Session: Class initialized using 'CodeIgniter\Session\Handlers\FileHandler' driver.
INFO - 2023-06-11 00:29:24 --> Session: Class initialized using 'CodeIgniter\Session\Handlers\FileHandler' driver.
INFO - 2023-06-11 00:29:25 --> Session: Class initialized using 'CodeIgniter\Session\Handlers\FileHandler' driver.
INFO - 2023-06-11 00:29:28 --> Session: Class initialized using 'CodeIgniter\Session\Handlers\FileHandler' driver.
INFO - 2023-06-11 00:31:40 --> Session: Class initialized using 'CodeIgniter\Session\Handlers\FileHandler' driver.
INFO - 2023-06-11 00:31:52 --> Session: Class initialized using 'CodeIgniter\Session\Handlers\FileHandler' driver.
INFO - 2023-06-11 00:31:52 --> Session: Class initialized using 'CodeIgniter\Session\Handlers\FileHandler' driver.
INFO - 2023-06-11 00:34:32 --> Session: Class initialized using 'CodeIgniter\Session\Handlers\FileHandler' driver.
INFO - 2023-06-11 00:34:55 --> Session: Class initialized using 'CodeIgniter\Session\Handlers\FileHandler' driver.
INFO - 2023-06-11 00:35:04 --> Session: Class initialized using 'CodeIgniter\Session\Handlers\FileHandler' driver.
INFO - 2023-06-11 00:35:07 --> Session: Class initialized using 'CodeIgniter\Session\Handlers\FileHandler' driver.
INFO - 2023-06-11 00:35:24 --> Session: Class initialized using 'CodeIgniter\Session\Handlers\FileHandler' driver.
INFO - 2023-06-11 00:36:37 --> Session: Class initialized using 'CodeIgniter\Session\Handlers\FileHandler' driver.
INFO - 2023-06-11 00:51:58 --> Session: Class initialized using 'CodeIgniter\Session\Handlers\FileHandler' driver.
INFO - 2023-06-11 00:52:05 --> Session: Class initialized using 'CodeIgniter\Session\Handlers\FileHandler' driver.
ERROR - 2023-06-11 00:52:05 --> mysqli_sql_exception: Cannot add or update a child row: a foreign key constraint fails (`projetoweb`.`servico`, CONSTRAINT `fk_CodUsuario` FOREIGN KEY (`CodUsuario`) REFERENCES `usuario` (`CodUsuario`)) in C:\xampp\htdocs\ProjetoWeb\system\Database\MySQLi\Connection.php:295
Stack trace:
#0 C:\xampp\htdocs\ProjetoWeb\system\Database\MySQLi\Connection.php(295): mysqli->query('INSERT INTO Ser...', 0)
#1 C:\xampp\htdocs\ProjetoWeb\system\Database\BaseConnection.php(691): CodeIgniter\Database\MySQLi\Connection->execute('INSERT INTO Ser...')
#2 C:\xampp\htdocs\ProjetoWeb\system\Database\BaseConnection.php(605): CodeIgniter\Database\BaseConnection->simpleQuery('INSERT INTO Ser...')
#3 C:\xampp\htdocs\ProjetoWeb\app\Models\Banco_Query.php(33): CodeIgniter\Database\BaseConnection->query('INSERT INTO Ser...')
#4 C:\xampp\htdocs\ProjetoWeb\app\Controllers\Dados.php(120): App\Models\Banco_Query->cadastrarServico('', '7', NULL)
#5 C:\xampp\htdocs\ProjetoWeb\system\CodeIgniter.php(934): App\Controllers\Dados->cadastrarServico2()
#6 C:\xampp\htdocs\ProjetoWeb\system\CodeIgniter.php(499): CodeIgniter\CodeIgniter->runController(Object(App\Controllers\Dados))
#7 C:\xampp\htdocs\ProjetoWeb\system\CodeIgniter.php(368): CodeIgniter\CodeIgniter->handleRequest(NULL, Object(Config\Cache), false)
#8 C:\xampp\htdocs\ProjetoWeb\public\index.php(67): CodeIgniter\CodeIgniter->run()
#9 {main}
CRITICAL - 2023-06-11 00:52:05 --> Cannot add or update a child row: a foreign key constraint fails (`projetoweb`.`servico`, CONSTRAINT `fk_CodUsuario` FOREIGN KEY (`CodUsuario`) REFERENCES `usuario` (`CodUsuario`))
in SYSTEMPATH\Database\MySQLi\Connection.php on line 295.
 1 SYSTEMPATH\Database\MySQLi\Connection.php(295): mysqli->query('INSERT INTO Servico (Descricao, CodTipoServ, CodUsuario) 
        VALUES(\'\',\'7\',\'\')', 0)
 2 SYSTEMPATH\Database\BaseConnection.php(691): CodeIgniter\Database\MySQLi\Connection->execute('INSERT INTO Servico (Descricao, CodTipoServ, CodUsuario) 
        VALUES(\'\',\'7\',\'\')')
 3 SYSTEMPATH\Database\BaseConnection.php(605): CodeIgniter\Database\BaseConnection->simpleQuery('INSERT INTO Servico (Descricao, CodTipoServ, CodUsuario) 
        VALUES(\'\',\'7\',\'\')')
 4 APPPATH\Models\Banco_Query.php(33): CodeIgniter\Database\BaseConnection->query('INSERT INTO Servico (Descricao, CodTipoServ, CodUsuario) 
        VALUES(\'\',\'7\',\'\')')
 5 APPPATH\Controllers\Dados.php(120): App\Models\Banco_Query->cadastrarServico('', '7', null)
 6 SYSTEMPATH\CodeIgniter.php(934): App\Controllers\Dados->cadastrarServico2()
 7 SYSTEMPATH\CodeIgniter.php(499): CodeIgniter\CodeIgniter->runController(Object(App\Controllers\Dados))
 8 SYSTEMPATH\CodeIgniter.php(368): CodeIgniter\CodeIgniter->handleRequest(null, Object(Config\Cache), false)
 9 FCPATH\index.php(67): CodeIgniter\CodeIgniter->run()
INFO - 2023-06-11 00:52:50 --> Session: Class initialized using 'CodeIgniter\Session\Handlers\FileHandler' driver.
ERROR - 2023-06-11 00:52:51 --> mysqli_sql_exception: Cannot add or update a child row: a foreign key constraint fails (`projetoweb`.`servico`, CONSTRAINT `fk_CodUsuario` FOREIGN KEY (`CodUsuario`) REFERENCES `usuario` (`CodUsuario`)) in C:\xampp\htdocs\ProjetoWeb\system\Database\MySQLi\Connection.php:295
Stack trace:
#0 C:\xampp\htdocs\ProjetoWeb\system\Database\MySQLi\Connection.php(295): mysqli->query('INSERT INTO Ser...', 0)
#1 C:\xampp\htdocs\ProjetoWeb\system\Database\BaseConnection.php(691): CodeIgniter\Database\MySQLi\Connection->execute('INSERT INTO Ser...')
#2 C:\xampp\htdocs\ProjetoWeb\system\Database\BaseConnection.php(605): CodeIgniter\Database\BaseConnection->simpleQuery('INSERT INTO Ser...')
#3 C:\xampp\htdocs\ProjetoWeb\app\Models\Banco_Query.php(33): CodeIgniter\Database\BaseConnection->query('INSERT INTO Ser...')
#4 C:\xampp\htdocs\ProjetoWeb\app\Controllers\Dados.php(120): App\Models\Banco_Query->cadastrarServico('', '7', NULL)
#5 C:\xampp\htdocs\ProjetoWeb\system\CodeIgniter.php(934): App\Controllers\Dados->cadastrarServico2()
#6 C:\xampp\htdocs\ProjetoWeb\system\CodeIgniter.php(499): CodeIgniter\CodeIgniter->runController(Object(App\Controllers\Dados))
#7 C:\xampp\htdocs\ProjetoWeb\system\CodeIgniter.php(368): CodeIgniter\CodeIgniter->handleRequest(NULL, Object(Config\Cache), false)
#8 C:\xampp\htdocs\ProjetoWeb\public\index.php(67): CodeIgniter\CodeIgniter->run()
#9 {main}
CRITICAL - 2023-06-11 00:52:51 --> Cannot add or update a child row: a foreign key constraint fails (`projetoweb`.`servico`, CONSTRAINT `fk_CodUsuario` FOREIGN KEY (`CodUsuario`) REFERENCES `usuario` (`CodUsuario`))
in SYSTEMPATH\Database\MySQLi\Connection.php on line 295.
 1 SYSTEMPATH\Database\MySQLi\Connection.php(295): mysqli->query('INSERT INTO Servico (Descricao, CodTipoServ, CodUsuario) 
        VALUES(\'\',\'7\',\'\')', 0)
 2 SYSTEMPATH\Database\BaseConnection.php(691): CodeIgniter\Database\MySQLi\Connection->execute('INSERT INTO Servico (Descricao, CodTipoServ, CodUsuario) 
        VALUES(\'\',\'7\',\'\')')
 3 SYSTEMPATH\Database\BaseConnection.php(605): CodeIgniter\Database\BaseConnection->simpleQuery('INSERT INTO Servico (Descricao, CodTipoServ, CodUsuario) 
        VALUES(\'\',\'7\',\'\')')
 4 APPPATH\Models\Banco_Query.php(33): CodeIgniter\Database\BaseConnection->query('INSERT INTO Servico (Descricao, CodTipoServ, CodUsuario) 
        VALUES(\'\',\'7\',\'\')')
 5 APPPATH\Controllers\Dados.php(120): App\Models\Banco_Query->cadastrarServico('', '7', null)
 6 SYSTEMPATH\CodeIgniter.php(934): App\Controllers\Dados->cadastrarServico2()
 7 SYSTEMPATH\CodeIgniter.php(499): CodeIgniter\CodeIgniter->runController(Object(App\Controllers\Dados))
 8 SYSTEMPATH\CodeIgniter.php(368): CodeIgniter\CodeIgniter->handleRequest(null, Object(Config\Cache), false)
 9 FCPATH\index.php(67): CodeIgniter\CodeIgniter->run()
INFO - 2023-06-11 00:53:18 --> Session: Class initialized using 'CodeIgniter\Session\Handlers\FileHandler' driver.
ERROR - 2023-06-11 00:53:18 --> mysqli_sql_exception: Cannot add or update a child row: a foreign key constraint fails (`projetoweb`.`servico`, CONSTRAINT `fk_CodUsuario` FOREIGN KEY (`CodUsuario`) REFERENCES `usuario` (`CodUsuario`)) in C:\xampp\htdocs\ProjetoWeb\system\Database\MySQLi\Connection.php:295
Stack trace:
#0 C:\xampp\htdocs\ProjetoWeb\system\Database\MySQLi\Connection.php(295): mysqli->query('INSERT INTO Ser...', 0)
#1 C:\xampp\htdocs\ProjetoWeb\system\Database\BaseConnection.php(691): CodeIgniter\Database\MySQLi\Connection->execute('INSERT INTO Ser...')
#2 C:\xampp\htdocs\ProjetoWeb\system\Database\BaseConnection.php(605): CodeIgniter\Database\BaseConnection->simpleQuery('INSERT INTO Ser...')
#3 C:\xampp\htdocs\ProjetoWeb\app\Models\Banco_Query.php(33): CodeIgniter\Database\BaseConnection->query('INSERT INTO Ser...')
#4 C:\xampp\htdocs\ProjetoWeb\app\Controllers\Dados.php(121): App\Models\Banco_Query->cadastrarServico('', '7', NULL)
#5 C:\xampp\htdocs\ProjetoWeb\system\CodeIgniter.php(934): App\Controllers\Dados->cadastrarServico2()
#6 C:\xampp\htdocs\ProjetoWeb\system\CodeIgniter.php(499): CodeIgniter\CodeIgniter->runController(Object(App\Controllers\Dados))
#7 C:\xampp\htdocs\ProjetoWeb\system\CodeIgniter.php(368): CodeIgniter\CodeIgniter->handleRequest(NULL, Object(Config\Cache), false)
#8 C:\xampp\htdocs\ProjetoWeb\public\index.php(67): CodeIgniter\CodeIgniter->run()
#9 {main}
CRITICAL - 2023-06-11 00:53:18 --> Cannot add or update a child row: a foreign key constraint fails (`projetoweb`.`servico`, CONSTRAINT `fk_CodUsuario` FOREIGN KEY (`CodUsuario`) REFERENCES `usuario` (`CodUsuario`))
in SYSTEMPATH\Database\MySQLi\Connection.php on line 295.
 1 SYSTEMPATH\Database\MySQLi\Connection.php(295): mysqli->query('INSERT INTO Servico (Descricao, CodTipoServ, CodUsuario) 
        VALUES(\'\',\'7\',\'\')', 0)
 2 SYSTEMPATH\Database\BaseConnection.php(691): CodeIgniter\Database\MySQLi\Connection->execute('INSERT INTO Servico (Descricao, CodTipoServ, CodUsuario) 
        VALUES(\'\',\'7\',\'\')')
 3 SYSTEMPATH\Database\BaseConnection.php(605): CodeIgniter\Database\BaseConnection->simpleQuery('INSERT INTO Servico (Descricao, CodTipoServ, CodUsuario) 
        VALUES(\'\',\'7\',\'\')')
 4 APPPATH\Models\Banco_Query.php(33): CodeIgniter\Database\BaseConnection->query('INSERT INTO Servico (Descricao, CodTipoServ, CodUsuario) 
        VALUES(\'\',\'7\',\'\')')
 5 APPPATH\Controllers\Dados.php(121): App\Models\Banco_Query->cadastrarServico('', '7', null)
 6 SYSTEMPATH\CodeIgniter.php(934): App\Controllers\Dados->cadastrarServico2()
 7 SYSTEMPATH\CodeIgniter.php(499): CodeIgniter\CodeIgniter->runController(Object(App\Controllers\Dados))
 8 SYSTEMPATH\CodeIgniter.php(368): CodeIgniter\CodeIgniter->handleRequest(null, Object(Config\Cache), false)
 9 FCPATH\index.php(67): CodeIgniter\CodeIgniter->run()
INFO - 2023-06-11 00:53:19 --> Session: Class initialized using 'CodeIgniter\Session\Handlers\FileHandler' driver.
INFO - 2023-06-11 00:53:22 --> Session: Class initialized using 'CodeIgniter\Session\Handlers\FileHandler' driver.
ERROR - 2023-06-11 00:53:22 --> mysqli_sql_exception: Cannot add or update a child row: a foreign key constraint fails (`projetoweb`.`servico`, CONSTRAINT `fk_CodUsuario` FOREIGN KEY (`CodUsuario`) REFERENCES `usuario` (`CodUsuario`)) in C:\xampp\htdocs\ProjetoWeb\system\Database\MySQLi\Connection.php:295
Stack trace:
#0 C:\xampp\htdocs\ProjetoWeb\system\Database\MySQLi\Connection.php(295): mysqli->query('INSERT INTO Ser...', 0)
#1 C:\xampp\htdocs\ProjetoWeb\system\Database\BaseConnection.php(691): CodeIgniter\Database\MySQLi\Connection->execute('INSERT INTO Ser...')
#2 C:\xampp\htdocs\ProjetoWeb\system\Database\BaseConnection.php(605): CodeIgniter\Database\BaseConnection->simpleQuery('INSERT INTO Ser...')
#3 C:\xampp\htdocs\ProjetoWeb\app\Models\Banco_Query.php(33): CodeIgniter\Database\BaseConnection->query('INSERT INTO Ser...')
#4 C:\xampp\htdocs\ProjetoWeb\app\Controllers\Dados.php(121): App\Models\Banco_Query->cadastrarServico('', '7', NULL)
#5 C:\xampp\htdocs\ProjetoWeb\system\CodeIgniter.php(934): App\Controllers\Dados->cadastrarServico2()
#6 C:\xampp\htdocs\ProjetoWeb\system\CodeIgniter.php(499): CodeIgniter\CodeIgniter->runController(Object(App\Controllers\Dados))
#7 C:\xampp\htdocs\ProjetoWeb\system\CodeIgniter.php(368): CodeIgniter\CodeIgniter->handleRequest(NULL, Object(Config\Cache), false)
#8 C:\xampp\htdocs\ProjetoWeb\public\index.php(67): CodeIgniter\CodeIgniter->run()
#9 {main}
CRITICAL - 2023-06-11 00:53:22 --> Cannot add or update a child row: a foreign key constraint fails (`projetoweb`.`servico`, CONSTRAINT `fk_CodUsuario` FOREIGN KEY (`CodUsuario`) REFERENCES `usuario` (`CodUsuario`))
in SYSTEMPATH\Database\MySQLi\Connection.php on line 295.
 1 SYSTEMPATH\Database\MySQLi\Connection.php(295): mysqli->query('INSERT INTO Servico (Descricao, CodTipoServ, CodUsuario) 
        VALUES(\'\',\'7\',\'\')', 0)
 2 SYSTEMPATH\Database\BaseConnection.php(691): CodeIgniter\Database\MySQLi\Connection->execute('INSERT INTO Servico (Descricao, CodTipoServ, CodUsuario) 
        VALUES(\'\',\'7\',\'\')')
 3 SYSTEMPATH\Database\BaseConnection.php(605): CodeIgniter\Database\BaseConnection->simpleQuery('INSERT INTO Servico (Descricao, CodTipoServ, CodUsuario) 
        VALUES(\'\',\'7\',\'\')')
 4 APPPATH\Models\Banco_Query.php(33): CodeIgniter\Database\BaseConnection->query('INSERT INTO Servico (Descricao, CodTipoServ, CodUsuario) 
        VALUES(\'\',\'7\',\'\')')
 5 APPPATH\Controllers\Dados.php(121): App\Models\Banco_Query->cadastrarServico('', '7', null)
 6 SYSTEMPATH\CodeIgniter.php(934): App\Controllers\Dados->cadastrarServico2()
 7 SYSTEMPATH\CodeIgniter.php(499): CodeIgniter\CodeIgniter->runController(Object(App\Controllers\Dados))
 8 SYSTEMPATH\CodeIgniter.php(368): CodeIgniter\CodeIgniter->handleRequest(null, Object(Config\Cache), false)
 9 FCPATH\index.php(67): CodeIgniter\CodeIgniter->run()
INFO - 2023-06-11 00:53:26 --> Session: Class initialized using 'CodeIgniter\Session\Handlers\FileHandler' driver.
INFO - 2023-06-11 00:54:22 --> Session: Class initialized using 'CodeIgniter\Session\Handlers\FileHandler' driver.
INFO - 2023-06-11 00:55:01 --> Session: Class initialized using 'CodeIgniter\Session\Handlers\FileHandler' driver.
INFO - 2023-06-11 00:55:03 --> Session: Class initialized using 'CodeIgniter\Session\Handlers\FileHandler' driver.
ERROR - 2023-06-11 00:55:03 --> mysqli_sql_exception: Cannot add or update a child row: a foreign key constraint fails (`projetoweb`.`servico`, CONSTRAINT `fk_CodUsuario` FOREIGN KEY (`CodUsuario`) REFERENCES `usuario` (`CodUsuario`)) in C:\xampp\htdocs\ProjetoWeb\system\Database\MySQLi\Connection.php:295
Stack trace:
#0 C:\xampp\htdocs\ProjetoWeb\system\Database\MySQLi\Connection.php(295): mysqli->query('INSERT INTO Ser...', 0)
#1 C:\xampp\htdocs\ProjetoWeb\system\Database\BaseConnection.php(691): CodeIgniter\Database\MySQLi\Connection->execute('INSERT INTO Ser...')
#2 C:\xampp\htdocs\ProjetoWeb\system\Database\BaseConnection.php(605): CodeIgniter\Database\BaseConnection->simpleQuery('INSERT INTO Ser...')
#3 C:\xampp\htdocs\ProjetoWeb\app\Models\Banco_Query.php(33): CodeIgniter\Database\BaseConnection->query('INSERT INTO Ser...')
#4 C:\xampp\htdocs\ProjetoWeb\app\Controllers\Dados.php(121): App\Models\Banco_Query->cadastrarServico('', '7', NULL)
#5 C:\xampp\htdocs\ProjetoWeb\system\CodeIgniter.php(934): App\Controllers\Dados->cadastrarServico2()
#6 C:\xampp\htdocs\ProjetoWeb\system\CodeIgniter.php(499): CodeIgniter\CodeIgniter->runController(Object(App\Controllers\Dados))
#7 C:\xampp\htdocs\ProjetoWeb\system\CodeIgniter.php(368): CodeIgniter\CodeIgniter->handleRequest(NULL, Object(Config\Cache), false)
#8 C:\xampp\htdocs\ProjetoWeb\public\index.php(67): CodeIgniter\CodeIgniter->run()
#9 {main}
CRITICAL - 2023-06-11 00:55:03 --> Cannot add or update a child row: a foreign key constraint fails (`projetoweb`.`servico`, CONSTRAINT `fk_CodUsuario` FOREIGN KEY (`CodUsuario`) REFERENCES `usuario` (`CodUsuario`))
in SYSTEMPATH\Database\MySQLi\Connection.php on line 295.
 1 SYSTEMPATH\Database\MySQLi\Connection.php(295): mysqli->query('INSERT INTO Servico (Descricao, CodTipoServ, CodUsuario) 
        VALUES(\'\',\'7\',\'\')', 0)
 2 SYSTEMPATH\Database\BaseConnection.php(691): CodeIgniter\Database\MySQLi\Connection->execute('INSERT INTO Servico (Descricao, CodTipoServ, CodUsuario) 
        VALUES(\'\',\'7\',\'\')')
 3 SYSTEMPATH\Database\BaseConnection.php(605): CodeIgniter\Database\BaseConnection->simpleQuery('INSERT INTO Servico (Descricao, CodTipoServ, CodUsuario) 
        VALUES(\'\',\'7\',\'\')')
 4 APPPATH\Models\Banco_Query.php(33): CodeIgniter\Database\BaseConnection->query('INSERT INTO Servico (Descricao, CodTipoServ, CodUsuario) 
        VALUES(\'\',\'7\',\'\')')
 5 APPPATH\Controllers\Dados.php(121): App\Models\Banco_Query->cadastrarServico('', '7', null)
 6 SYSTEMPATH\CodeIgniter.php(934): App\Controllers\Dados->cadastrarServico2()
 7 SYSTEMPATH\CodeIgniter.php(499): CodeIgniter\CodeIgniter->runController(Object(App\Controllers\Dados))
 8 SYSTEMPATH\CodeIgniter.php(368): CodeIgniter\CodeIgniter->handleRequest(null, Object(Config\Cache), false)
 9 FCPATH\index.php(67): CodeIgniter\CodeIgniter->run()
INFO - 2023-06-11 00:56:24 --> Session: Class initialized using 'CodeIgniter\Session\Handlers\FileHandler' driver.
ERROR - 2023-06-11 00:56:24 --> mysqli_sql_exception: Cannot add or update a child row: a foreign key constraint fails (`projetoweb`.`servico`, CONSTRAINT `fk_CodUsuario` FOREIGN KEY (`CodUsuario`) REFERENCES `usuario` (`CodUsuario`)) in C:\xampp\htdocs\ProjetoWeb\system\Database\MySQLi\Connection.php:295
Stack trace:
#0 C:\xampp\htdocs\ProjetoWeb\system\Database\MySQLi\Connection.php(295): mysqli->query('INSERT INTO Ser...', 0)
#1 C:\xampp\htdocs\ProjetoWeb\system\Database\BaseConnection.php(691): CodeIgniter\Database\MySQLi\Connection->execute('INSERT INTO Ser...')
#2 C:\xampp\htdocs\ProjetoWeb\system\Database\BaseConnection.php(605): CodeIgniter\Database\BaseConnection->simpleQuery('INSERT INTO Ser...')
#3 C:\xampp\htdocs\ProjetoWeb\app\Models\Banco_Query.php(33): CodeIgniter\Database\BaseConnection->query('INSERT INTO Ser...')
#4 C:\xampp\htdocs\ProjetoWeb\app\Controllers\Dados.php(121): App\Models\Banco_Query->cadastrarServico('', '7', NULL)
#5 C:\xampp\htdocs\ProjetoWeb\system\CodeIgniter.php(934): App\Controllers\Dados->cadastrarServico2()
#6 C:\xampp\htdocs\ProjetoWeb\system\CodeIgniter.php(499): CodeIgniter\CodeIgniter->runController(Object(App\Controllers\Dados))
#7 C:\xampp\htdocs\ProjetoWeb\system\CodeIgniter.php(368): CodeIgniter\CodeIgniter->handleRequest(NULL, Object(Config\Cache), false)
#8 C:\xampp\htdocs\ProjetoWeb\public\index.php(67): CodeIgniter\CodeIgniter->run()
#9 {main}
CRITICAL - 2023-06-11 00:56:24 --> Cannot add or update a child row: a foreign key constraint fails (`projetoweb`.`servico`, CONSTRAINT `fk_CodUsuario` FOREIGN KEY (`CodUsuario`) REFERENCES `usuario` (`CodUsuario`))
in SYSTEMPATH\Database\MySQLi\Connection.php on line 295.
 1 SYSTEMPATH\Database\MySQLi\Connection.php(295): mysqli->query('INSERT INTO Servico (Descricao, CodTipoServ, CodUsuario) 
        VALUES(\'\',\'7\',\'\')', 0)
 2 SYSTEMPATH\Database\BaseConnection.php(691): CodeIgniter\Database\MySQLi\Connection->execute('INSERT INTO Servico (Descricao, CodTipoServ, CodUsuario) 
        VALUES(\'\',\'7\',\'\')')
 3 SYSTEMPATH\Database\BaseConnection.php(605): CodeIgniter\Database\BaseConnection->simpleQuery('INSERT INTO Servico (Descricao, CodTipoServ, CodUsuario) 
        VALUES(\'\',\'7\',\'\')')
 4 APPPATH\Models\Banco_Query.php(33): CodeIgniter\Database\BaseConnection->query('INSERT INTO Servico (Descricao, CodTipoServ, CodUsuario) 
        VALUES(\'\',\'7\',\'\')')
 5 APPPATH\Controllers\Dados.php(121): App\Models\Banco_Query->cadastrarServico('', '7', null)
 6 SYSTEMPATH\CodeIgniter.php(934): App\Controllers\Dados->cadastrarServico2()
 7 SYSTEMPATH\CodeIgniter.php(499): CodeIgniter\CodeIgniter->runController(Object(App\Controllers\Dados))
 8 SYSTEMPATH\CodeIgniter.php(368): CodeIgniter\CodeIgniter->handleRequest(null, Object(Config\Cache), false)
 9 FCPATH\index.php(67): CodeIgniter\CodeIgniter->run()
INFO - 2023-06-11 00:56:25 --> Session: Class initialized using 'CodeIgniter\Session\Handlers\FileHandler' driver.
ERROR - 2023-06-11 00:56:25 --> mysqli_sql_exception: Cannot add or update a child row: a foreign key constraint fails (`projetoweb`.`servico`, CONSTRAINT `fk_CodUsuario` FOREIGN KEY (`CodUsuario`) REFERENCES `usuario` (`CodUsuario`)) in C:\xampp\htdocs\ProjetoWeb\system\Database\MySQLi\Connection.php:295
Stack trace:
#0 C:\xampp\htdocs\ProjetoWeb\system\Database\MySQLi\Connection.php(295): mysqli->query('INSERT INTO Ser...', 0)
#1 C:\xampp\htdocs\ProjetoWeb\system\Database\BaseConnection.php(691): CodeIgniter\Database\MySQLi\Connection->execute('INSERT INTO Ser...')
#2 C:\xampp\htdocs\ProjetoWeb\system\Database\BaseConnection.php(605): CodeIgniter\Database\BaseConnection->simpleQuery('INSERT INTO Ser...')
#3 C:\xampp\htdocs\ProjetoWeb\app\Models\Banco_Query.php(33): CodeIgniter\Database\BaseConnection->query('INSERT INTO Ser...')
#4 C:\xampp\htdocs\ProjetoWeb\app\Controllers\Dados.php(121): App\Models\Banco_Query->cadastrarServico('', '7', NULL)
#5 C:\xampp\htdocs\ProjetoWeb\system\CodeIgniter.php(934): App\Controllers\Dados->cadastrarServico2()
#6 C:\xampp\htdocs\ProjetoWeb\system\CodeIgniter.php(499): CodeIgniter\CodeIgniter->runController(Object(App\Controllers\Dados))
#7 C:\xampp\htdocs\ProjetoWeb\system\CodeIgniter.php(368): CodeIgniter\CodeIgniter->handleRequest(NULL, Object(Config\Cache), false)
#8 C:\xampp\htdocs\ProjetoWeb\public\index.php(67): CodeIgniter\CodeIgniter->run()
#9 {main}
CRITICAL - 2023-06-11 00:56:25 --> Cannot add or update a child row: a foreign key constraint fails (`projetoweb`.`servico`, CONSTRAINT `fk_CodUsuario` FOREIGN KEY (`CodUsuario`) REFERENCES `usuario` (`CodUsuario`))
in SYSTEMPATH\Database\MySQLi\Connection.php on line 295.
 1 SYSTEMPATH\Database\MySQLi\Connection.php(295): mysqli->query('INSERT INTO Servico (Descricao, CodTipoServ, CodUsuario) 
        VALUES(\'\',\'7\',\'\')', 0)
 2 SYSTEMPATH\Database\BaseConnection.php(691): CodeIgniter\Database\MySQLi\Connection->execute('INSERT INTO Servico (Descricao, CodTipoServ, CodUsuario) 
        VALUES(\'\',\'7\',\'\')')
 3 SYSTEMPATH\Database\BaseConnection.php(605): CodeIgniter\Database\BaseConnection->simpleQuery('INSERT INTO Servico (Descricao, CodTipoServ, CodUsuario) 
        VALUES(\'\',\'7\',\'\')')
 4 APPPATH\Models\Banco_Query.php(33): CodeIgniter\Database\BaseConnection->query('INSERT INTO Servico (Descricao, CodTipoServ, CodUsuario) 
        VALUES(\'\',\'7\',\'\')')
 5 APPPATH\Controllers\Dados.php(121): App\Models\Banco_Query->cadastrarServico('', '7', null)
 6 SYSTEMPATH\CodeIgniter.php(934): App\Controllers\Dados->cadastrarServico2()
 7 SYSTEMPATH\CodeIgniter.php(499): CodeIgniter\CodeIgniter->runController(Object(App\Controllers\Dados))
 8 SYSTEMPATH\CodeIgniter.php(368): CodeIgniter\CodeIgniter->handleRequest(null, Object(Config\Cache), false)
 9 FCPATH\index.php(67): CodeIgniter\CodeIgniter->run()
INFO - 2023-06-11 00:56:29 --> Session: Class initialized using 'CodeIgniter\Session\Handlers\FileHandler' driver.
INFO - 2023-06-11 00:56:30 --> Session: Class initialized using 'CodeIgniter\Session\Handlers\FileHandler' driver.
INFO - 2023-06-11 00:56:31 --> Session: Class initialized using 'CodeIgniter\Session\Handlers\FileHandler' driver.
ERROR - 2023-06-11 00:56:31 --> mysqli_sql_exception: Cannot add or update a child row: a foreign key constraint fails (`projetoweb`.`servico`, CONSTRAINT `fk_CodUsuario` FOREIGN KEY (`CodUsuario`) REFERENCES `usuario` (`CodUsuario`)) in C:\xampp\htdocs\ProjetoWeb\system\Database\MySQLi\Connection.php:295
Stack trace:
#0 C:\xampp\htdocs\ProjetoWeb\system\Database\MySQLi\Connection.php(295): mysqli->query('INSERT INTO Ser...', 0)
#1 C:\xampp\htdocs\ProjetoWeb\system\Database\BaseConnection.php(691): CodeIgniter\Database\MySQLi\Connection->execute('INSERT INTO Ser...')
#2 C:\xampp\htdocs\ProjetoWeb\system\Database\BaseConnection.php(605): CodeIgniter\Database\BaseConnection->simpleQuery('INSERT INTO Ser...')
#3 C:\xampp\htdocs\ProjetoWeb\app\Models\Banco_Query.php(33): CodeIgniter\Database\BaseConnection->query('INSERT INTO Ser...')
#4 C:\xampp\htdocs\ProjetoWeb\app\Controllers\Dados.php(121): App\Models\Banco_Query->cadastrarServico('', '7', NULL)
#5 C:\xampp\htdocs\ProjetoWeb\system\CodeIgniter.php(934): App\Controllers\Dados->cadastrarServico2()
#6 C:\xampp\htdocs\ProjetoWeb\system\CodeIgniter.php(499): CodeIgniter\CodeIgniter->runController(Object(App\Controllers\Dados))
#7 C:\xampp\htdocs\ProjetoWeb\system\CodeIgniter.php(368): CodeIgniter\CodeIgniter->handleRequest(NULL, Object(Config\Cache), false)
#8 C:\xampp\htdocs\ProjetoWeb\public\index.php(67): CodeIgniter\CodeIgniter->run()
#9 {main}
CRITICAL - 2023-06-11 00:56:31 --> Cannot add or update a child row: a foreign key constraint fails (`projetoweb`.`servico`, CONSTRAINT `fk_CodUsuario` FOREIGN KEY (`CodUsuario`) REFERENCES `usuario` (`CodUsuario`))
in SYSTEMPATH\Database\MySQLi\Connection.php on line 295.
 1 SYSTEMPATH\Database\MySQLi\Connection.php(295): mysqli->query('INSERT INTO Servico (Descricao, CodTipoServ, CodUsuario) 
        VALUES(\'\',\'7\',\'\')', 0)
 2 SYSTEMPATH\Database\BaseConnection.php(691): CodeIgniter\Database\MySQLi\Connection->execute('INSERT INTO Servico (Descricao, CodTipoServ, CodUsuario) 
        VALUES(\'\',\'7\',\'\')')
 3 SYSTEMPATH\Database\BaseConnection.php(605): CodeIgniter\Database\BaseConnection->simpleQuery('INSERT INTO Servico (Descricao, CodTipoServ, CodUsuario) 
        VALUES(\'\',\'7\',\'\')')
 4 APPPATH\Models\Banco_Query.php(33): CodeIgniter\Database\BaseConnection->query('INSERT INTO Servico (Descricao, CodTipoServ, CodUsuario) 
        VALUES(\'\',\'7\',\'\')')
 5 APPPATH\Controllers\Dados.php(121): App\Models\Banco_Query->cadastrarServico('', '7', null)
 6 SYSTEMPATH\CodeIgniter.php(934): App\Controllers\Dados->cadastrarServico2()
 7 SYSTEMPATH\CodeIgniter.php(499): CodeIgniter\CodeIgniter->runController(Object(App\Controllers\Dados))
 8 SYSTEMPATH\CodeIgniter.php(368): CodeIgniter\CodeIgniter->handleRequest(null, Object(Config\Cache), false)
 9 FCPATH\index.php(67): CodeIgniter\CodeIgniter->run()
INFO - 2023-06-11 00:56:51 --> Session: Class initialized using 'CodeIgniter\Session\Handlers\FileHandler' driver.
INFO - 2023-06-11 00:56:52 --> Session: Class initialized using 'CodeIgniter\Session\Handlers\FileHandler' driver.
INFO - 2023-06-11 00:56:53 --> Session: Class initialized using 'CodeIgniter\Session\Handlers\FileHandler' driver.
INFO - 2023-06-11 00:56:54 --> Session: Class initialized using 'CodeIgniter\Session\Handlers\FileHandler' driver.
INFO - 2023-06-11 00:57:14 --> Session: Class initialized using 'CodeIgniter\Session\Handlers\FileHandler' driver.
INFO - 2023-06-11 00:57:14 --> Session: Class initialized using 'CodeIgniter\Session\Handlers\FileHandler' driver.
INFO - 2023-06-11 00:57:17 --> Session: Class initialized using 'CodeIgniter\Session\Handlers\FileHandler' driver.
INFO - 2023-06-11 00:57:43 --> Session: Class initialized using 'CodeIgniter\Session\Handlers\FileHandler' driver.
INFO - 2023-06-11 00:58:27 --> Session: Class initialized using 'CodeIgniter\Session\Handlers\FileHandler' driver.
INFO - 2023-06-11 00:58:27 --> Session: Class initialized using 'CodeIgniter\Session\Handlers\FileHandler' driver.
INFO - 2023-06-11 00:58:37 --> Session: Class initialized using 'CodeIgniter\Session\Handlers\FileHandler' driver.
INFO - 2023-06-11 00:58:37 --> Session: Class initialized using 'CodeIgniter\Session\Handlers\FileHandler' driver.
INFO - 2023-06-11 00:58:49 --> Session: Class initialized using 'CodeIgniter\Session\Handlers\FileHandler' driver.
INFO - 2023-06-11 00:58:51 --> Session: Class initialized using 'CodeIgniter\Session\Handlers\FileHandler' driver.
INFO - 2023-06-11 00:58:56 --> Session: Class initialized using 'CodeIgniter\Session\Handlers\FileHandler' driver.
ERROR - 2023-06-11 00:58:56 --> mysqli_sql_exception: Cannot add or update a child row: a foreign key constraint fails (`projetoweb`.`servico`, CONSTRAINT `fk_CodUsuario` FOREIGN KEY (`CodUsuario`) REFERENCES `usuario` (`CodUsuario`)) in C:\xampp\htdocs\ProjetoWeb\system\Database\MySQLi\Connection.php:295
Stack trace:
#0 C:\xampp\htdocs\ProjetoWeb\system\Database\MySQLi\Connection.php(295): mysqli->query('INSERT INTO Ser...', 0)
#1 C:\xampp\htdocs\ProjetoWeb\system\Database\BaseConnection.php(691): CodeIgniter\Database\MySQLi\Connection->execute('INSERT INTO Ser...')
#2 C:\xampp\htdocs\ProjetoWeb\system\Database\BaseConnection.php(605): CodeIgniter\Database\BaseConnection->simpleQuery('INSERT INTO Ser...')
#3 C:\xampp\htdocs\ProjetoWeb\app\Models\Banco_Query.php(33): CodeIgniter\Database\BaseConnection->query('INSERT INTO Ser...')
#4 C:\xampp\htdocs\ProjetoWeb\app\Controllers\Dados.php(121): App\Models\Banco_Query->cadastrarServico('', '10', NULL)
#5 C:\xampp\htdocs\ProjetoWeb\system\CodeIgniter.php(934): App\Controllers\Dados->cadastrarServico2()
#6 C:\xampp\htdocs\ProjetoWeb\system\CodeIgniter.php(499): CodeIgniter\CodeIgniter->runController(Object(App\Controllers\Dados))
#7 C:\xampp\htdocs\ProjetoWeb\system\CodeIgniter.php(368): CodeIgniter\CodeIgniter->handleRequest(NULL, Object(Config\Cache), false)
#8 C:\xampp\htdocs\ProjetoWeb\public\index.php(67): CodeIgniter\CodeIgniter->run()
#9 {main}
CRITICAL - 2023-06-11 00:58:56 --> Cannot add or update a child row: a foreign key constraint fails (`projetoweb`.`servico`, CONSTRAINT `fk_CodUsuario` FOREIGN KEY (`CodUsuario`) REFERENCES `usuario` (`CodUsuario`))
in SYSTEMPATH\Database\MySQLi\Connection.php on line 295.
 1 SYSTEMPATH\Database\MySQLi\Connection.php(295): mysqli->query('INSERT INTO Servico (Descricao, CodTipoServ, CodUsuario) 
        VALUES(\'\',\'10\',\'\')', 0)
 2 SYSTEMPATH\Database\BaseConnection.php(691): CodeIgniter\Database\MySQLi\Connection->execute('INSERT INTO Servico (Descricao, CodTipoServ, CodUsuario) 
        VALUES(\'\',\'10\',\'\')')
 3 SYSTEMPATH\Database\BaseConnection.php(605): CodeIgniter\Database\BaseConnection->simpleQuery('INSERT INTO Servico (Descricao, CodTipoServ, CodUsuario) 
        VALUES(\'\',\'10\',\'\')')
 4 APPPATH\Models\Banco_Query.php(33): CodeIgniter\Database\BaseConnection->query('INSERT INTO Servico (Descricao, CodTipoServ, CodUsuario) 
        VALUES(\'\',\'10\',\'\')')
 5 APPPATH\Controllers\Dados.php(121): App\Models\Banco_Query->cadastrarServico('', '10', null)
 6 SYSTEMPATH\CodeIgniter.php(934): App\Controllers\Dados->cadastrarServico2()
 7 SYSTEMPATH\CodeIgniter.php(499): CodeIgniter\CodeIgniter->runController(Object(App\Controllers\Dados))
 8 SYSTEMPATH\CodeIgniter.php(368): CodeIgniter\CodeIgniter->handleRequest(null, Object(Config\Cache), false)
 9 FCPATH\index.php(67): CodeIgniter\CodeIgniter->run()
INFO - 2023-06-11 01:01:32 --> Session: Class initialized using 'CodeIgniter\Session\Handlers\FileHandler' driver.
ERROR - 2023-06-11 01:01:33 --> mysqli_sql_exception: Cannot add or update a child row: a foreign key constraint fails (`projetoweb`.`servico`, CONSTRAINT `fk_CodUsuario` FOREIGN KEY (`CodUsuario`) REFERENCES `usuario` (`CodUsuario`)) in C:\xampp\htdocs\ProjetoWeb\system\Database\MySQLi\Connection.php:295
Stack trace:
#0 C:\xampp\htdocs\ProjetoWeb\system\Database\MySQLi\Connection.php(295): mysqli->query('INSERT INTO Ser...', 0)
#1 C:\xampp\htdocs\ProjetoWeb\system\Database\BaseConnection.php(691): CodeIgniter\Database\MySQLi\Connection->execute('INSERT INTO Ser...')
#2 C:\xampp\htdocs\ProjetoWeb\system\Database\BaseConnection.php(605): CodeIgniter\Database\BaseConnection->simpleQuery('INSERT INTO Ser...')
#3 C:\xampp\htdocs\ProjetoWeb\app\Models\Banco_Query.php(33): CodeIgniter\Database\BaseConnection->query('INSERT INTO Ser...')
#4 C:\xampp\htdocs\ProjetoWeb\app\Controllers\Dados.php(121): App\Models\Banco_Query->cadastrarServico('', '10', NULL)
#5 C:\xampp\htdocs\ProjetoWeb\system\CodeIgniter.php(934): App\Controllers\Dados->cadastrarServico2()
#6 C:\xampp\htdocs\ProjetoWeb\system\CodeIgniter.php(499): CodeIgniter\CodeIgniter->runController(Object(App\Controllers\Dados))
#7 C:\xampp\htdocs\ProjetoWeb\system\CodeIgniter.php(368): CodeIgniter\CodeIgniter->handleRequest(NULL, Object(Config\Cache), false)
#8 C:\xampp\htdocs\ProjetoWeb\public\index.php(67): CodeIgniter\CodeIgniter->run()
#9 {main}
CRITICAL - 2023-06-11 01:01:33 --> Cannot add or update a child row: a foreign key constraint fails (`projetoweb`.`servico`, CONSTRAINT `fk_CodUsuario` FOREIGN KEY (`CodUsuario`) REFERENCES `usuario` (`CodUsuario`))
in SYSTEMPATH\Database\MySQLi\Connection.php on line 295.
 1 SYSTEMPATH\Database\MySQLi\Connection.php(295): mysqli->query('INSERT INTO Servico (Descricao, CodTipoServ, CodUsuario) 
        VALUES(\'\',\'10\',\'\')', 0)
 2 SYSTEMPATH\Database\BaseConnection.php(691): CodeIgniter\Database\MySQLi\Connection->execute('INSERT INTO Servico (Descricao, CodTipoServ, CodUsuario) 
        VALUES(\'\',\'10\',\'\')')
 3 SYSTEMPATH\Database\BaseConnection.php(605): CodeIgniter\Database\BaseConnection->simpleQuery('INSERT INTO Servico (Descricao, CodTipoServ, CodUsuario) 
        VALUES(\'\',\'10\',\'\')')
 4 APPPATH\Models\Banco_Query.php(33): CodeIgniter\Database\BaseConnection->query('INSERT INTO Servico (Descricao, CodTipoServ, CodUsuario) 
        VALUES(\'\',\'10\',\'\')')
 5 APPPATH\Controllers\Dados.php(121): App\Models\Banco_Query->cadastrarServico('', '10', null)
 6 SYSTEMPATH\CodeIgniter.php(934): App\Controllers\Dados->cadastrarServico2()
 7 SYSTEMPATH\CodeIgniter.php(499): CodeIgniter\CodeIgniter->runController(Object(App\Controllers\Dados))
 8 SYSTEMPATH\CodeIgniter.php(368): CodeIgniter\CodeIgniter->handleRequest(null, Object(Config\Cache), false)
 9 FCPATH\index.php(67): CodeIgniter\CodeIgniter->run()
INFO - 2023-06-11 01:01:34 --> Session: Class initialized using 'CodeIgniter\Session\Handlers\FileHandler' driver.
INFO - 2023-06-11 01:01:35 --> Session: Class initialized using 'CodeIgniter\Session\Handlers\FileHandler' driver.
ERROR - 2023-06-11 01:01:35 --> mysqli_sql_exception: Cannot add or update a child row: a foreign key constraint fails (`projetoweb`.`servico`, CONSTRAINT `fk_CodUsuario` FOREIGN KEY (`CodUsuario`) REFERENCES `usuario` (`CodUsuario`)) in C:\xampp\htdocs\ProjetoWeb\system\Database\MySQLi\Connection.php:295
Stack trace:
#0 C:\xampp\htdocs\ProjetoWeb\system\Database\MySQLi\Connection.php(295): mysqli->query('INSERT INTO Ser...', 0)
#1 C:\xampp\htdocs\ProjetoWeb\system\Database\BaseConnection.php(691): CodeIgniter\Database\MySQLi\Connection->execute('INSERT INTO Ser...')
#2 C:\xampp\htdocs\ProjetoWeb\system\Database\BaseConnection.php(605): CodeIgniter\Database\BaseConnection->simpleQuery('INSERT INTO Ser...')
#3 C:\xampp\htdocs\ProjetoWeb\app\Models\Banco_Query.php(33): CodeIgniter\Database\BaseConnection->query('INSERT INTO Ser...')
#4 C:\xampp\htdocs\ProjetoWeb\app\Controllers\Dados.php(121): App\Models\Banco_Query->cadastrarServico('', '10', NULL)
#5 C:\xampp\htdocs\ProjetoWeb\system\CodeIgniter.php(934): App\Controllers\Dados->cadastrarServico2()
#6 C:\xampp\htdocs\ProjetoWeb\system\CodeIgniter.php(499): CodeIgniter\CodeIgniter->runController(Object(App\Controllers\Dados))
#7 C:\xampp\htdocs\ProjetoWeb\system\CodeIgniter.php(368): CodeIgniter\CodeIgniter->handleRequest(NULL, Object(Config\Cache), false)
#8 C:\xampp\htdocs\ProjetoWeb\public\index.php(67): CodeIgniter\CodeIgniter->run()
#9 {main}
CRITICAL - 2023-06-11 01:01:35 --> Cannot add or update a child row: a foreign key constraint fails (`projetoweb`.`servico`, CONSTRAINT `fk_CodUsuario` FOREIGN KEY (`CodUsuario`) REFERENCES `usuario` (`CodUsuario`))
in SYSTEMPATH\Database\MySQLi\Connection.php on line 295.
 1 SYSTEMPATH\Database\MySQLi\Connection.php(295): mysqli->query('INSERT INTO Servico (Descricao, CodTipoServ, CodUsuario) 
        VALUES(\'\',\'10\',\'\')', 0)
 2 SYSTEMPATH\Database\BaseConnection.php(691): CodeIgniter\Database\MySQLi\Connection->execute('INSERT INTO Servico (Descricao, CodTipoServ, CodUsuario) 
        VALUES(\'\',\'10\',\'\')')
 3 SYSTEMPATH\Database\BaseConnection.php(605): CodeIgniter\Database\BaseConnection->simpleQuery('INSERT INTO Servico (Descricao, CodTipoServ, CodUsuario) 
        VALUES(\'\',\'10\',\'\')')
 4 APPPATH\Models\Banco_Query.php(33): CodeIgniter\Database\BaseConnection->query('INSERT INTO Servico (Descricao, CodTipoServ, CodUsuario) 
        VALUES(\'\',\'10\',\'\')')
 5 APPPATH\Controllers\Dados.php(121): App\Models\Banco_Query->cadastrarServico('', '10', null)
 6 SYSTEMPATH\CodeIgniter.php(934): App\Controllers\Dados->cadastrarServico2()
 7 SYSTEMPATH\CodeIgniter.php(499): CodeIgniter\CodeIgniter->runController(Object(App\Controllers\Dados))
 8 SYSTEMPATH\CodeIgniter.php(368): CodeIgniter\CodeIgniter->handleRequest(null, Object(Config\Cache), false)
 9 FCPATH\index.php(67): CodeIgniter\CodeIgniter->run()
INFO - 2023-06-11 01:03:23 --> Session: Class initialized using 'CodeIgniter\Session\Handlers\FileHandler' driver.
INFO - 2023-06-11 01:09:47 --> Session: Class initialized using 'CodeIgniter\Session\Handlers\FileHandler' driver.
INFO - 2023-06-11 01:09:48 --> Session: Class initialized using 'CodeIgniter\Session\Handlers\FileHandler' driver.
INFO - 2023-06-11 01:10:07 --> Session: Class initialized using 'CodeIgniter\Session\Handlers\FileHandler' driver.
INFO - 2023-06-11 01:10:11 --> Session: Class initialized using 'CodeIgniter\Session\Handlers\FileHandler' driver.
INFO - 2023-06-11 01:10:24 --> Session: Class initialized using 'CodeIgniter\Session\Handlers\FileHandler' driver.
INFO - 2023-06-11 01:10:25 --> Session: Class initialized using 'CodeIgniter\Session\Handlers\FileHandler' driver.
INFO - 2023-06-11 01:10:26 --> Session: Class initialized using 'CodeIgniter\Session\Handlers\FileHandler' driver.
INFO - 2023-06-11 01:10:35 --> Session: Class initialized using 'CodeIgniter\Session\Handlers\FileHandler' driver.
INFO - 2023-06-11 01:10:37 --> Session: Class initialized using 'CodeIgniter\Session\Handlers\FileHandler' driver.
INFO - 2023-06-11 01:10:43 --> Session: Class initialized using 'CodeIgniter\Session\Handlers\FileHandler' driver.
INFO - 2023-06-11 01:10:44 --> Session: Class initialized using 'CodeIgniter\Session\Handlers\FileHandler' driver.
INFO - 2023-06-11 01:10:47 --> Session: Class initialized using 'CodeIgniter\Session\Handlers\FileHandler' driver.
